ARM GAS  /var/folders/jw/jcj5j9_530958b2rm5vp9wn00000gn/T//ccVnwimg.s 			page 1


   1              		.cpu cortex-m4
   2              		.eabi_attribute 27, 1
   3              		.eabi_attribute 28, 1
   4              		.eabi_attribute 20, 1
   5              		.eabi_attribute 21, 1
   6              		.eabi_attribute 23, 3
   7              		.eabi_attribute 24, 1
   8              		.eabi_attribute 25, 1
   9              		.eabi_attribute 26, 1
  10              		.eabi_attribute 30, 1
  11              		.eabi_attribute 34, 1
  12              		.eabi_attribute 18, 4
  13              		.file	"boardUserInterface.cpp"
  14              		.text
  15              	.Ltext0:
  16              		.cfi_sections	.debug_frame
  17              		.section	.text._ZN18boardUserInterface11readButtonsEv,"ax",%progbits
  18              		.align	1
  19              		.global	_ZN18boardUserInterface11readButtonsEv
  20              		.arch armv7e-m
  21              		.syntax unified
  22              		.thumb
  23              		.thumb_func
  24              		.fpu fpv4-sp-d16
  26              	_ZN18boardUserInterface11readButtonsEv:
  27              		.fnstart
  28              	.LVL0:
  29              	.LFB140:
  30              		.file 1 "Core/Src/app/boardUserInterface.cpp"
   1:Core/Src/app/boardUserInterface.cpp **** #include <boardUserInterface.hpp>
   2:Core/Src/app/boardUserInterface.cpp **** 
   3:Core/Src/app/boardUserInterface.cpp **** bool boardUserInterface::anyButtonPressed(){
   4:Core/Src/app/boardUserInterface.cpp **** 	this->readButtons();
   5:Core/Src/app/boardUserInterface.cpp **** 	bool isAnyButtonPressed = false;
   6:Core/Src/app/boardUserInterface.cpp **** 	if(this->countPressed() > 0) isAnyButtonPressed = true;
   7:Core/Src/app/boardUserInterface.cpp **** 	return isAnyButtonPressed;
   8:Core/Src/app/boardUserInterface.cpp **** }
   9:Core/Src/app/boardUserInterface.cpp **** 
  10:Core/Src/app/boardUserInterface.cpp **** boardUserInterface::boardUserInterface(){
  11:Core/Src/app/boardUserInterface.cpp **** 	this->readButtons();
  12:Core/Src/app/boardUserInterface.cpp **** }
  13:Core/Src/app/boardUserInterface.cpp **** 
  14:Core/Src/app/boardUserInterface.cpp **** int boardUserInterface::getButtonCount(){
  15:Core/Src/app/boardUserInterface.cpp **** 	this->readButtons();
  16:Core/Src/app/boardUserInterface.cpp **** 	return (int)this->countPressed();
  17:Core/Src/app/boardUserInterface.cpp **** }
  18:Core/Src/app/boardUserInterface.cpp **** 
  19:Core/Src/app/boardUserInterface.cpp **** buttonTree boardUserInterface::getPressedButtons(){
  20:Core/Src/app/boardUserInterface.cpp **** 	buttonTree pressedButtons;
  21:Core/Src/app/boardUserInterface.cpp **** 	this->readButtons();
  22:Core/Src/app/boardUserInterface.cpp **** 	pressedButtons.modeButton = modeBtn;
  23:Core/Src/app/boardUserInterface.cpp **** 	pressedButtons.selectButton = selectBtn;
  24:Core/Src/app/boardUserInterface.cpp **** 	pressedButtons.toggleButton = toggleBtn;
  25:Core/Src/app/boardUserInterface.cpp **** 	return pressedButtons;
  26:Core/Src/app/boardUserInterface.cpp **** }
  27:Core/Src/app/boardUserInterface.cpp **** 
  28:Core/Src/app/boardUserInterface.cpp **** void boardUserInterface::readButtons(){
ARM GAS  /var/folders/jw/jcj5j9_530958b2rm5vp9wn00000gn/T//ccVnwimg.s 			page 2


  31              		.loc 1 28 39 view -0
  32              		.cfi_startproc
  33              		@ args = 0, pretend = 0, frame = 0
  34              		@ frame_needed = 0, uses_anonymous_args = 0
  35              		.loc 1 28 39 is_stmt 0 view .LVU1
  36 0000 10B5     		push	{r4, lr}
  37              		.save {r4, lr}
  38              	.LCFI0:
  39              		.cfi_def_cfa_offset 8
  40              		.cfi_offset 4, -8
  41              		.cfi_offset 14, -4
  42 0002 0446     		mov	r4, r0
  29:Core/Src/app/boardUserInterface.cpp **** 	this->modeBtn = false;
  43              		.loc 1 29 2 is_stmt 1 view .LVU2
  44              		.loc 1 29 16 is_stmt 0 view .LVU3
  45 0004 0023     		movs	r3, #0
  46 0006 80F83030 		strb	r3, [r0, #48]
  30:Core/Src/app/boardUserInterface.cpp **** 	this->selectBtn = false;
  47              		.loc 1 30 2 is_stmt 1 view .LVU4
  48              		.loc 1 30 18 is_stmt 0 view .LVU5
  49 000a 80F83230 		strb	r3, [r0, #50]
  31:Core/Src/app/boardUserInterface.cpp **** 	this->toggleBtn = false;
  50              		.loc 1 31 2 is_stmt 1 view .LVU6
  51              		.loc 1 31 18 is_stmt 0 view .LVU7
  52 000e 80F83130 		strb	r3, [r0, #49]
  32:Core/Src/app/boardUserInterface.cpp **** 	if(HAL_GPIO_ReadPin(GPIOB, BUTTON_MODE_Pin) == false) this->modeBtn = true;
  53              		.loc 1 32 2 is_stmt 1 view .LVU8
  54              		.loc 1 32 21 is_stmt 0 view .LVU9
  55 0012 0121     		movs	r1, #1
  56 0014 0D48     		ldr	r0, .L6
  57              	.LVL1:
  58              		.loc 1 32 21 view .LVU10
  59 0016 FFF7FEFF 		bl	HAL_GPIO_ReadPin
  60              	.LVL2:
  61              		.loc 1 32 2 view .LVU11
  62 001a 10B9     		cbnz	r0, .L2
  63              		.loc 1 32 56 is_stmt 1 discriminator 1 view .LVU12
  64              		.loc 1 32 70 is_stmt 0 discriminator 1 view .LVU13
  65 001c 0123     		movs	r3, #1
  66 001e 84F83030 		strb	r3, [r4, #48]
  67              	.L2:
  33:Core/Src/app/boardUserInterface.cpp **** 	if(HAL_GPIO_ReadPin(GPIOA, BUTTON_CHSELECT_Pin) == false) this->selectBtn = true;
  68              		.loc 1 33 2 is_stmt 1 view .LVU14
  69              		.loc 1 33 21 is_stmt 0 view .LVU15
  70 0022 4FF40071 		mov	r1, #512
  71 0026 4FF09040 		mov	r0, #1207959552
  72 002a FFF7FEFF 		bl	HAL_GPIO_ReadPin
  73              	.LVL3:
  74              		.loc 1 33 2 view .LVU16
  75 002e 10B9     		cbnz	r0, .L3
  76              		.loc 1 33 60 is_stmt 1 discriminator 1 view .LVU17
  77              		.loc 1 33 76 is_stmt 0 discriminator 1 view .LVU18
  78 0030 0123     		movs	r3, #1
  79 0032 84F83230 		strb	r3, [r4, #50]
  80              	.L3:
  34:Core/Src/app/boardUserInterface.cpp **** 	if(HAL_GPIO_ReadPin(GPIOA, BUTTON_CHENABLE_Pin) == false) this->toggleBtn = true;
  81              		.loc 1 34 2 is_stmt 1 view .LVU19
ARM GAS  /var/folders/jw/jcj5j9_530958b2rm5vp9wn00000gn/T//ccVnwimg.s 			page 3


  82              		.loc 1 34 21 is_stmt 0 view .LVU20
  83 0036 2021     		movs	r1, #32
  84 0038 4FF09040 		mov	r0, #1207959552
  85 003c FFF7FEFF 		bl	HAL_GPIO_ReadPin
  86              	.LVL4:
  87              		.loc 1 34 2 view .LVU21
  88 0040 10B9     		cbnz	r0, .L1
  89              		.loc 1 34 60 is_stmt 1 discriminator 1 view .LVU22
  90              		.loc 1 34 76 is_stmt 0 discriminator 1 view .LVU23
  91 0042 0123     		movs	r3, #1
  92 0044 84F83130 		strb	r3, [r4, #49]
  93              	.L1:
  35:Core/Src/app/boardUserInterface.cpp **** }
  94              		.loc 1 35 1 view .LVU24
  95 0048 10BD     		pop	{r4, pc}
  96              	.LVL5:
  97              	.L7:
  98              		.loc 1 35 1 view .LVU25
  99 004a 00BF     		.align	2
 100              	.L6:
 101 004c 00040048 		.word	1207960576
 102              		.cfi_endproc
 103              	.LFE140:
 104              		.fnend
 106              		.section	.text._ZN18boardUserInterface17getPressedButtonsEv,"ax",%progbits
 107              		.align	1
 108              		.global	_ZN18boardUserInterface17getPressedButtonsEv
 109              		.syntax unified
 110              		.thumb
 111              		.thumb_func
 112              		.fpu fpv4-sp-d16
 114              	_ZN18boardUserInterface17getPressedButtonsEv:
 115              		.fnstart
 116              	.LVL6:
 117              	.LFB136:
  19:Core/Src/app/boardUserInterface.cpp **** 	buttonTree pressedButtons;
 118              		.loc 1 19 51 is_stmt 1 view -0
 119              		.cfi_startproc
 120              		@ args = 0, pretend = 0, frame = 8
 121              		@ frame_needed = 0, uses_anonymous_args = 0
  19:Core/Src/app/boardUserInterface.cpp **** 	buttonTree pressedButtons;
 122              		.loc 1 19 51 is_stmt 0 view .LVU27
 123 0000 10B5     		push	{r4, lr}
 124              		.save {r4, lr}
 125              	.LCFI1:
 126              		.cfi_def_cfa_offset 8
 127              		.cfi_offset 4, -8
 128              		.cfi_offset 14, -4
 129              		.pad #8
 130 0002 82B0     		sub	sp, sp, #8
 131              	.LCFI2:
 132              		.cfi_def_cfa_offset 16
 133 0004 0446     		mov	r4, r0
  20:Core/Src/app/boardUserInterface.cpp **** 	this->readButtons();
 134              		.loc 1 20 2 is_stmt 1 view .LVU28
  21:Core/Src/app/boardUserInterface.cpp **** 	pressedButtons.modeButton = modeBtn;
 135              		.loc 1 21 2 view .LVU29
ARM GAS  /var/folders/jw/jcj5j9_530958b2rm5vp9wn00000gn/T//ccVnwimg.s 			page 4


  21:Core/Src/app/boardUserInterface.cpp **** 	pressedButtons.modeButton = modeBtn;
 136              		.loc 1 21 19 is_stmt 0 view .LVU30
 137 0006 FFF7FEFF 		bl	_ZN18boardUserInterface11readButtonsEv
 138              	.LVL7:
  22:Core/Src/app/boardUserInterface.cpp **** 	pressedButtons.selectButton = selectBtn;
 139              		.loc 1 22 2 is_stmt 1 view .LVU31
  22:Core/Src/app/boardUserInterface.cpp **** 	pressedButtons.selectButton = selectBtn;
 140              		.loc 1 22 30 is_stmt 0 view .LVU32
 141 000a 94F83030 		ldrb	r3, [r4, #48]	@ zero_extendqisi2
  22:Core/Src/app/boardUserInterface.cpp **** 	pressedButtons.selectButton = selectBtn;
 142              		.loc 1 22 28 view .LVU33
 143 000e 8DF80030 		strb	r3, [sp]
  23:Core/Src/app/boardUserInterface.cpp **** 	pressedButtons.toggleButton = toggleBtn;
 144              		.loc 1 23 2 is_stmt 1 view .LVU34
  23:Core/Src/app/boardUserInterface.cpp **** 	pressedButtons.toggleButton = toggleBtn;
 145              		.loc 1 23 32 is_stmt 0 view .LVU35
 146 0012 94F83230 		ldrb	r3, [r4, #50]	@ zero_extendqisi2
  23:Core/Src/app/boardUserInterface.cpp **** 	pressedButtons.toggleButton = toggleBtn;
 147              		.loc 1 23 30 view .LVU36
 148 0016 8DF80130 		strb	r3, [sp, #1]
  24:Core/Src/app/boardUserInterface.cpp **** 	return pressedButtons;
 149              		.loc 1 24 2 is_stmt 1 view .LVU37
  24:Core/Src/app/boardUserInterface.cpp **** 	return pressedButtons;
 150              		.loc 1 24 32 is_stmt 0 view .LVU38
 151 001a 94F83130 		ldrb	r3, [r4, #49]	@ zero_extendqisi2
  24:Core/Src/app/boardUserInterface.cpp **** 	return pressedButtons;
 152              		.loc 1 24 30 view .LVU39
 153 001e 8DF80230 		strb	r3, [sp, #2]
  25:Core/Src/app/boardUserInterface.cpp **** }
 154              		.loc 1 25 2 is_stmt 1 view .LVU40
  25:Core/Src/app/boardUserInterface.cpp **** }
 155              		.loc 1 25 9 is_stmt 0 view .LVU41
 156 0022 009B     		ldr	r3, [sp]
 157 0024 0020     		movs	r0, #0
 158 0026 DAB2     		uxtb	r2, r3
 159 0028 62F30700 		bfi	r0, r2, #0, #8
 160 002c C3F30722 		ubfx	r2, r3, #8, #8
 161 0030 62F30F20 		bfi	r0, r2, #8, #8
 162 0034 C3F30743 		ubfx	r3, r3, #16, #8
 163 0038 63F31740 		bfi	r0, r3, #16, #8
  26:Core/Src/app/boardUserInterface.cpp **** 
 164              		.loc 1 26 1 view .LVU42
 165 003c 02B0     		add	sp, sp, #8
 166              	.LCFI3:
 167              		.cfi_def_cfa_offset 8
 168              		@ sp needed
 169 003e 10BD     		pop	{r4, pc}
  26:Core/Src/app/boardUserInterface.cpp **** 
 170              		.loc 1 26 1 view .LVU43
 171              		.cfi_endproc
 172              	.LFE136:
 173              		.fnend
 175              		.section	.text._ZN18boardUserInterface12countPressedEv,"ax",%progbits
 176              		.align	1
 177              		.global	_ZN18boardUserInterface12countPressedEv
 178              		.syntax unified
 179              		.thumb
ARM GAS  /var/folders/jw/jcj5j9_530958b2rm5vp9wn00000gn/T//ccVnwimg.s 			page 5


 180              		.thumb_func
 181              		.fpu fpv4-sp-d16
 183              	_ZN18boardUserInterface12countPressedEv:
 184              		.fnstart
 185              	.LVL8:
 186              	.LFB141:
  36:Core/Src/app/boardUserInterface.cpp **** 
  37:Core/Src/app/boardUserInterface.cpp **** unsigned char boardUserInterface::countPressed(){
 187              		.loc 1 37 49 is_stmt 1 view -0
 188              		.cfi_startproc
 189              		@ args = 0, pretend = 0, frame = 0
 190              		@ frame_needed = 0, uses_anonymous_args = 0
 191              		@ link register save eliminated.
 192              		.loc 1 37 49 is_stmt 0 view .LVU45
 193 0000 0246     		mov	r2, r0
  38:Core/Src/app/boardUserInterface.cpp **** 	unsigned char buttonCount = 0;
 194              		.loc 1 38 2 is_stmt 1 view .LVU46
 195              	.LVL9:
  39:Core/Src/app/boardUserInterface.cpp **** 	if(modeBtn) buttonCount++;
 196              		.loc 1 39 2 view .LVU47
 197              		.loc 1 39 5 is_stmt 0 view .LVU48
 198 0002 90F83030 		ldrb	r3, [r0, #48]	@ zero_extendqisi2
 199              		.loc 1 39 2 view .LVU49
 200 0006 5BB9     		cbnz	r3, .L14
  38:Core/Src/app/boardUserInterface.cpp **** 	unsigned char buttonCount = 0;
 201              		.loc 1 38 16 view .LVU50
 202 0008 0020     		movs	r0, #0
 203              	.LVL10:
 204              	.L11:
  40:Core/Src/app/boardUserInterface.cpp **** 	if(selectBtn) buttonCount++;
 205              		.loc 1 40 2 is_stmt 1 view .LVU51
 206              		.loc 1 40 5 is_stmt 0 view .LVU52
 207 000a 92F83230 		ldrb	r3, [r2, #50]	@ zero_extendqisi2
 208              		.loc 1 40 2 view .LVU53
 209 000e 0BB1     		cbz	r3, .L12
 210              		.loc 1 40 16 is_stmt 1 discriminator 1 view .LVU54
 211              		.loc 1 40 27 is_stmt 0 discriminator 1 view .LVU55
 212 0010 431C     		adds	r3, r0, #1
 213 0012 D8B2     		uxtb	r0, r3
 214              	.LVL11:
 215              	.L12:
  41:Core/Src/app/boardUserInterface.cpp **** 	if(toggleBtn) buttonCount++;
 216              		.loc 1 41 2 is_stmt 1 view .LVU56
 217              		.loc 1 41 5 is_stmt 0 view .LVU57
 218 0014 92F83130 		ldrb	r3, [r2, #49]	@ zero_extendqisi2
 219              		.loc 1 41 2 view .LVU58
 220 0018 0BB1     		cbz	r3, .L13
 221              		.loc 1 41 16 is_stmt 1 discriminator 1 view .LVU59
 222              		.loc 1 41 27 is_stmt 0 discriminator 1 view .LVU60
 223 001a 0130     		adds	r0, r0, #1
 224              	.LVL12:
 225              		.loc 1 41 27 discriminator 1 view .LVU61
 226 001c C0B2     		uxtb	r0, r0
 227              	.LVL13:
 228              	.L13:
  42:Core/Src/app/boardUserInterface.cpp **** 	return buttonCount;
 229              		.loc 1 42 2 is_stmt 1 view .LVU62
ARM GAS  /var/folders/jw/jcj5j9_530958b2rm5vp9wn00000gn/T//ccVnwimg.s 			page 6


  43:Core/Src/app/boardUserInterface.cpp **** }
 230              		.loc 1 43 1 is_stmt 0 view .LVU63
 231 001e 7047     		bx	lr
 232              	.LVL14:
 233              	.L14:
  39:Core/Src/app/boardUserInterface.cpp **** 	if(selectBtn) buttonCount++;
 234              		.loc 1 39 25 view .LVU64
 235 0020 0120     		movs	r0, #1
 236              	.LVL15:
  39:Core/Src/app/boardUserInterface.cpp **** 	if(selectBtn) buttonCount++;
 237              		.loc 1 39 25 view .LVU65
 238 0022 F2E7     		b	.L11
 239              		.cfi_endproc
 240              	.LFE141:
 241              		.cantunwind
 242              		.fnend
 244              		.section	.text._ZN18boardUserInterface16anyButtonPressedEv,"ax",%progbits
 245              		.align	1
 246              		.global	_ZN18boardUserInterface16anyButtonPressedEv
 247              		.syntax unified
 248              		.thumb
 249              		.thumb_func
 250              		.fpu fpv4-sp-d16
 252              	_ZN18boardUserInterface16anyButtonPressedEv:
 253              		.fnstart
 254              	.LVL16:
 255              	.LFB131:
   3:Core/Src/app/boardUserInterface.cpp **** 	this->readButtons();
 256              		.loc 1 3 44 is_stmt 1 view -0
 257              		.cfi_startproc
 258              		@ args = 0, pretend = 0, frame = 0
 259              		@ frame_needed = 0, uses_anonymous_args = 0
   3:Core/Src/app/boardUserInterface.cpp **** 	this->readButtons();
 260              		.loc 1 3 44 is_stmt 0 view .LVU67
 261 0000 10B5     		push	{r4, lr}
 262              		.save {r4, lr}
 263              	.LCFI4:
 264              		.cfi_def_cfa_offset 8
 265              		.cfi_offset 4, -8
 266              		.cfi_offset 14, -4
 267 0002 0446     		mov	r4, r0
   4:Core/Src/app/boardUserInterface.cpp **** 	bool isAnyButtonPressed = false;
 268              		.loc 1 4 2 is_stmt 1 view .LVU68
   4:Core/Src/app/boardUserInterface.cpp **** 	bool isAnyButtonPressed = false;
 269              		.loc 1 4 19 is_stmt 0 view .LVU69
 270 0004 FFF7FEFF 		bl	_ZN18boardUserInterface11readButtonsEv
 271              	.LVL17:
   5:Core/Src/app/boardUserInterface.cpp **** 	if(this->countPressed() > 0) isAnyButtonPressed = true;
 272              		.loc 1 5 2 is_stmt 1 view .LVU70
   6:Core/Src/app/boardUserInterface.cpp **** 	return isAnyButtonPressed;
 273              		.loc 1 6 2 view .LVU71
   6:Core/Src/app/boardUserInterface.cpp **** 	return isAnyButtonPressed;
 274              		.loc 1 6 23 is_stmt 0 view .LVU72
 275 0008 2046     		mov	r0, r4
 276 000a FFF7FEFF 		bl	_ZN18boardUserInterface12countPressedEv
 277              	.LVL18:
   6:Core/Src/app/boardUserInterface.cpp **** 	return isAnyButtonPressed;
ARM GAS  /var/folders/jw/jcj5j9_530958b2rm5vp9wn00000gn/T//ccVnwimg.s 			page 7


 278              		.loc 1 6 2 view .LVU73
 279 000e 00B1     		cbz	r0, .L16
   6:Core/Src/app/boardUserInterface.cpp **** 	return isAnyButtonPressed;
 280              		.loc 1 6 50 view .LVU74
 281 0010 0120     		movs	r0, #1
 282              	.L16:
 283              	.LVL19:
   7:Core/Src/app/boardUserInterface.cpp **** }
 284              		.loc 1 7 2 is_stmt 1 view .LVU75
   8:Core/Src/app/boardUserInterface.cpp **** 
 285              		.loc 1 8 1 is_stmt 0 view .LVU76
 286 0012 10BD     		pop	{r4, pc}
   8:Core/Src/app/boardUserInterface.cpp **** 
 287              		.loc 1 8 1 view .LVU77
 288              		.cfi_endproc
 289              	.LFE131:
 290              		.fnend
 292              		.section	.text._ZN18boardUserInterface14getButtonCountEv,"ax",%progbits
 293              		.align	1
 294              		.global	_ZN18boardUserInterface14getButtonCountEv
 295              		.syntax unified
 296              		.thumb
 297              		.thumb_func
 298              		.fpu fpv4-sp-d16
 300              	_ZN18boardUserInterface14getButtonCountEv:
 301              		.fnstart
 302              	.LVL20:
 303              	.LFB135:
  14:Core/Src/app/boardUserInterface.cpp **** 	this->readButtons();
 304              		.loc 1 14 41 is_stmt 1 view -0
 305              		.cfi_startproc
 306              		@ args = 0, pretend = 0, frame = 0
 307              		@ frame_needed = 0, uses_anonymous_args = 0
  14:Core/Src/app/boardUserInterface.cpp **** 	this->readButtons();
 308              		.loc 1 14 41 is_stmt 0 view .LVU79
 309 0000 10B5     		push	{r4, lr}
 310              		.save {r4, lr}
 311              	.LCFI5:
 312              		.cfi_def_cfa_offset 8
 313              		.cfi_offset 4, -8
 314              		.cfi_offset 14, -4
 315 0002 0446     		mov	r4, r0
  15:Core/Src/app/boardUserInterface.cpp **** 	return (int)this->countPressed();
 316              		.loc 1 15 2 is_stmt 1 view .LVU80
  15:Core/Src/app/boardUserInterface.cpp **** 	return (int)this->countPressed();
 317              		.loc 1 15 19 is_stmt 0 view .LVU81
 318 0004 FFF7FEFF 		bl	_ZN18boardUserInterface11readButtonsEv
 319              	.LVL21:
  16:Core/Src/app/boardUserInterface.cpp **** }
 320              		.loc 1 16 2 is_stmt 1 view .LVU82
  16:Core/Src/app/boardUserInterface.cpp **** }
 321              		.loc 1 16 32 is_stmt 0 view .LVU83
 322 0008 2046     		mov	r0, r4
 323 000a FFF7FEFF 		bl	_ZN18boardUserInterface12countPressedEv
 324              	.LVL22:
  17:Core/Src/app/boardUserInterface.cpp **** 
 325              		.loc 1 17 1 view .LVU84
ARM GAS  /var/folders/jw/jcj5j9_530958b2rm5vp9wn00000gn/T//ccVnwimg.s 			page 8


 326 000e 10BD     		pop	{r4, pc}
  17:Core/Src/app/boardUserInterface.cpp **** 
 327              		.loc 1 17 1 view .LVU85
 328              		.cfi_endproc
 329              	.LFE135:
 330              		.fnend
 332              		.section	.text._ZN12ledIndicatorC2EP12GPIO_TypeDeft,"ax",%progbits
 333              		.align	1
 334              		.global	_ZN12ledIndicatorC2EP12GPIO_TypeDeft
 335              		.syntax unified
 336              		.thumb
 337              		.thumb_func
 338              		.fpu fpv4-sp-d16
 340              	_ZN12ledIndicatorC2EP12GPIO_TypeDeft:
 341              		.fnstart
 342              	.LVL23:
 343              	.LFB143:
  44:Core/Src/app/boardUserInterface.cpp **** 
  45:Core/Src/app/boardUserInterface.cpp **** ledIndicator::ledIndicator(GPIO_TypeDef* GPIO_Port, uint16_t GPIO_Pin){
 344              		.loc 1 45 1 is_stmt 1 view -0
 345              		.cfi_startproc
 346              		@ args = 0, pretend = 0, frame = 0
 347              		@ frame_needed = 0, uses_anonymous_args = 0
 348              		@ link register save eliminated.
 349              		.loc 1 45 1 is_stmt 0 view .LVU87
 350 0000 10B4     		push	{r4}
 351              	.LCFI6:
 352              		.cfi_def_cfa_offset 4
 353              		.cfi_offset 4, -4
 354              	.LBB2:
 355              		.loc 1 45 70 view .LVU88
 356 0002 0024     		movs	r4, #0
 357 0004 0460     		str	r4, [r0]
  46:Core/Src/app/boardUserInterface.cpp **** 	this->_GPIO_Pin = GPIO_Pin;
 358              		.loc 1 46 2 is_stmt 1 view .LVU89
 359              		.loc 1 46 18 is_stmt 0 view .LVU90
 360 0006 8280     		strh	r2, [r0, #4]	@ movhi
  47:Core/Src/app/boardUserInterface.cpp **** 	this->_GPIO_Port = GPIO_Port;
 361              		.loc 1 47 2 is_stmt 1 view .LVU91
 362              		.loc 1 47 19 is_stmt 0 view .LVU92
 363 0008 8160     		str	r1, [r0, #8]
 364              	.LBE2:
  48:Core/Src/app/boardUserInterface.cpp **** }
 365              		.loc 1 48 1 view .LVU93
 366 000a 5DF8044B 		ldr	r4, [sp], #4
 367              	.LCFI7:
 368              		.cfi_restore 4
 369              		.cfi_def_cfa_offset 0
 370 000e 7047     		bx	lr
 371              		.cfi_endproc
 372              	.LFE143:
 373              		.cantunwind
 374              		.fnend
 376              		.global	_ZN12ledIndicatorC1EP12GPIO_TypeDeft
 377              		.thumb_set _ZN12ledIndicatorC1EP12GPIO_TypeDeft,_ZN12ledIndicatorC2EP12GPIO_TypeDeft
 378              		.section	.text._ZN18boardUserInterfaceC2Ev,"ax",%progbits
 379              		.align	1
ARM GAS  /var/folders/jw/jcj5j9_530958b2rm5vp9wn00000gn/T//ccVnwimg.s 			page 9


 380              		.global	_ZN18boardUserInterfaceC2Ev
 381              		.syntax unified
 382              		.thumb
 383              		.thumb_func
 384              		.fpu fpv4-sp-d16
 386              	_ZN18boardUserInterfaceC2Ev:
 387              		.fnstart
 388              	.LVL24:
 389              	.LFB133:
  10:Core/Src/app/boardUserInterface.cpp **** 	this->readButtons();
 390              		.loc 1 10 1 is_stmt 1 view -0
 391              		.cfi_startproc
 392              		@ args = 0, pretend = 0, frame = 0
 393              		@ frame_needed = 0, uses_anonymous_args = 0
  10:Core/Src/app/boardUserInterface.cpp **** 	this->readButtons();
 394              		.loc 1 10 1 is_stmt 0 view .LVU95
 395 0000 38B5     		push	{r3, r4, r5, lr}
 396              		.save {r3, r4, r5, lr}
 397              	.LCFI8:
 398              		.cfi_def_cfa_offset 16
 399              		.cfi_offset 3, -16
 400              		.cfi_offset 4, -12
 401              		.cfi_offset 5, -8
 402              		.cfi_offset 14, -4
 403 0002 0446     		mov	r4, r0
 404              	.LBB3:
  10:Core/Src/app/boardUserInterface.cpp **** 	this->readButtons();
 405              		.loc 1 10 40 view .LVU96
 406 0004 0F4D     		ldr	r5, .L25
 407 0006 8022     		movs	r2, #128
 408 0008 2946     		mov	r1, r5
 409 000a FFF7FEFF 		bl	_ZN12ledIndicatorC1EP12GPIO_TypeDeft
 410              	.LVL25:
  10:Core/Src/app/boardUserInterface.cpp **** 	this->readButtons();
 411              		.loc 1 10 40 view .LVU97
 412 000e 4022     		movs	r2, #64
 413 0010 2946     		mov	r1, r5
 414 0012 04F10C00 		add	r0, r4, #12
 415 0016 FFF7FEFF 		bl	_ZN12ledIndicatorC1EP12GPIO_TypeDeft
 416              	.LVL26:
 417 001a A5F58055 		sub	r5, r5, #4096
 418 001e 4FF48072 		mov	r2, #256
 419 0022 2946     		mov	r1, r5
 420 0024 04F11800 		add	r0, r4, #24
 421 0028 FFF7FEFF 		bl	_ZN12ledIndicatorC1EP12GPIO_TypeDeft
 422              	.LVL27:
 423 002c 0822     		movs	r2, #8
 424 002e 2946     		mov	r1, r5
 425 0030 04F12400 		add	r0, r4, #36
 426 0034 FFF7FEFF 		bl	_ZN12ledIndicatorC1EP12GPIO_TypeDeft
 427              	.LVL28:
  11:Core/Src/app/boardUserInterface.cpp **** }
 428              		.loc 1 11 2 is_stmt 1 view .LVU98
  11:Core/Src/app/boardUserInterface.cpp **** }
 429              		.loc 1 11 19 is_stmt 0 view .LVU99
 430 0038 2046     		mov	r0, r4
 431 003a FFF7FEFF 		bl	_ZN18boardUserInterface11readButtonsEv
ARM GAS  /var/folders/jw/jcj5j9_530958b2rm5vp9wn00000gn/T//ccVnwimg.s 			page 10


 432              	.LVL29:
 433              	.LBE3:
  12:Core/Src/app/boardUserInterface.cpp **** 
 434              		.loc 1 12 1 view .LVU100
 435 003e 2046     		mov	r0, r4
 436 0040 38BD     		pop	{r3, r4, r5, pc}
 437              	.LVL30:
 438              	.L26:
  12:Core/Src/app/boardUserInterface.cpp **** 
 439              		.loc 1 12 1 view .LVU101
 440 0042 00BF     		.align	2
 441              	.L25:
 442 0044 00140048 		.word	1207964672
 443              		.cfi_endproc
 444              	.LFE133:
 445              		.fnend
 447              		.global	_ZN18boardUserInterfaceC1Ev
 448              		.thumb_set _ZN18boardUserInterfaceC1Ev,_ZN18boardUserInterfaceC2Ev
 449              		.section	.text._ZN12ledIndicator8setStateE8ledState,"ax",%progbits
 450              		.align	1
 451              		.global	_ZN12ledIndicator8setStateE8ledState
 452              		.syntax unified
 453              		.thumb
 454              		.thumb_func
 455              		.fpu fpv4-sp-d16
 457              	_ZN12ledIndicator8setStateE8ledState:
 458              		.fnstart
 459              	.LVL31:
 460              	.LFB145:
  49:Core/Src/app/boardUserInterface.cpp **** 
  50:Core/Src/app/boardUserInterface.cpp **** void ledIndicator::setState(ledState state){
 461              		.loc 1 50 44 is_stmt 1 view -0
 462              		.cfi_startproc
 463              		@ args = 0, pretend = 0, frame = 0
 464              		@ frame_needed = 0, uses_anonymous_args = 0
  51:Core/Src/app/boardUserInterface.cpp **** 	if(this->_status != state){
 465              		.loc 1 51 2 view .LVU103
 466              		.loc 1 51 11 is_stmt 0 view .LVU104
 467 0000 0368     		ldr	r3, [r0]
 468              		.loc 1 51 2 view .LVU105
 469 0002 8B42     		cmp	r3, r1
 470 0004 24D0     		beq	.L34
  50:Core/Src/app/boardUserInterface.cpp **** 	if(this->_status != state){
 471              		.loc 1 50 44 view .LVU106
 472 0006 10B5     		push	{r4, lr}
 473              		.save {r4, lr}
 474              	.LCFI9:
 475              		.cfi_def_cfa_offset 8
 476              		.cfi_offset 4, -8
 477              		.cfi_offset 14, -4
 478 0008 0446     		mov	r4, r0
  52:Core/Src/app/boardUserInterface.cpp **** 		switch(state){
 479              		.loc 1 52 3 is_stmt 1 view .LVU107
 480 000a 0129     		cmp	r1, #1
 481 000c 03D0     		beq	.L29
 482 000e 0229     		cmp	r1, #2
 483 0010 11D0     		beq	.L30
ARM GAS  /var/folders/jw/jcj5j9_530958b2rm5vp9wn00000gn/T//ccVnwimg.s 			page 11


 484 0012 41B1     		cbz	r1, .L37
 485              	.LVL32:
 486              	.L27:
  53:Core/Src/app/boardUserInterface.cpp **** 				case ledState::on:
  54:Core/Src/app/boardUserInterface.cpp **** 					HAL_GPIO_WritePin(this->_GPIO_Port, this->_GPIO_Pin, GPIO_PIN_SET);
  55:Core/Src/app/boardUserInterface.cpp **** 					this->_status = ledState::on;
  56:Core/Src/app/boardUserInterface.cpp **** 					break;
  57:Core/Src/app/boardUserInterface.cpp **** 				case ledState::off:
  58:Core/Src/app/boardUserInterface.cpp **** 					HAL_GPIO_WritePin(this->_GPIO_Port, this->_GPIO_Pin, GPIO_PIN_RESET);
  59:Core/Src/app/boardUserInterface.cpp **** 					this->_status = ledState::off;
  60:Core/Src/app/boardUserInterface.cpp **** 					break;
  61:Core/Src/app/boardUserInterface.cpp **** 				case ledState::toggle:
  62:Core/Src/app/boardUserInterface.cpp **** 					HAL_GPIO_TogglePin(this->_GPIO_Port, this->_GPIO_Pin);
  63:Core/Src/app/boardUserInterface.cpp **** 					if(this->_status == ledState::on) this->_status = ledState::off; else this->_status = ledState
  64:Core/Src/app/boardUserInterface.cpp **** 					break;
  65:Core/Src/app/boardUserInterface.cpp **** 		}
  66:Core/Src/app/boardUserInterface.cpp **** 	}else{
  67:Core/Src/app/boardUserInterface.cpp **** 		//We are demanding a state that is already active, so do_nothing() :)
  68:Core/Src/app/boardUserInterface.cpp **** 	}
  69:Core/Src/app/boardUserInterface.cpp **** 
  70:Core/Src/app/boardUserInterface.cpp **** }
 487              		.loc 1 70 1 is_stmt 0 view .LVU108
 488 0014 10BD     		pop	{r4, pc}
 489              	.LVL33:
 490              	.L29:
  53:Core/Src/app/boardUserInterface.cpp **** 				case ledState::on:
 491              		.loc 1 53 5 is_stmt 1 view .LVU109
  54:Core/Src/app/boardUserInterface.cpp **** 					this->_status = ledState::on;
 492              		.loc 1 54 6 view .LVU110
  54:Core/Src/app/boardUserInterface.cpp **** 					this->_status = ledState::on;
 493              		.loc 1 54 23 is_stmt 0 view .LVU111
 494 0016 0122     		movs	r2, #1
 495 0018 8188     		ldrh	r1, [r0, #4]
 496              	.LVL34:
  54:Core/Src/app/boardUserInterface.cpp **** 					this->_status = ledState::on;
 497              		.loc 1 54 23 view .LVU112
 498 001a 8068     		ldr	r0, [r0, #8]
 499              	.LVL35:
  54:Core/Src/app/boardUserInterface.cpp **** 					this->_status = ledState::on;
 500              		.loc 1 54 23 view .LVU113
 501 001c FFF7FEFF 		bl	HAL_GPIO_WritePin
 502              	.LVL36:
  55:Core/Src/app/boardUserInterface.cpp **** 					break;
 503              		.loc 1 55 6 is_stmt 1 view .LVU114
  55:Core/Src/app/boardUserInterface.cpp **** 					break;
 504              		.loc 1 55 20 is_stmt 0 view .LVU115
 505 0020 0123     		movs	r3, #1
 506 0022 2360     		str	r3, [r4]
  56:Core/Src/app/boardUserInterface.cpp **** 				case ledState::off:
 507              		.loc 1 56 6 is_stmt 1 view .LVU116
 508 0024 F6E7     		b	.L27
 509              	.LVL37:
 510              	.L37:
  57:Core/Src/app/boardUserInterface.cpp **** 					HAL_GPIO_WritePin(this->_GPIO_Port, this->_GPIO_Pin, GPIO_PIN_RESET);
 511              		.loc 1 57 5 view .LVU117
  58:Core/Src/app/boardUserInterface.cpp **** 					this->_status = ledState::off;
 512              		.loc 1 58 6 view .LVU118
ARM GAS  /var/folders/jw/jcj5j9_530958b2rm5vp9wn00000gn/T//ccVnwimg.s 			page 12


  58:Core/Src/app/boardUserInterface.cpp **** 					this->_status = ledState::off;
 513              		.loc 1 58 23 is_stmt 0 view .LVU119
 514 0026 0022     		movs	r2, #0
 515 0028 8188     		ldrh	r1, [r0, #4]
 516              	.LVL38:
  58:Core/Src/app/boardUserInterface.cpp **** 					this->_status = ledState::off;
 517              		.loc 1 58 23 view .LVU120
 518 002a 8068     		ldr	r0, [r0, #8]
 519              	.LVL39:
  58:Core/Src/app/boardUserInterface.cpp **** 					this->_status = ledState::off;
 520              		.loc 1 58 23 view .LVU121
 521 002c FFF7FEFF 		bl	HAL_GPIO_WritePin
 522              	.LVL40:
  59:Core/Src/app/boardUserInterface.cpp **** 					break;
 523              		.loc 1 59 6 is_stmt 1 view .LVU122
  59:Core/Src/app/boardUserInterface.cpp **** 					break;
 524              		.loc 1 59 20 is_stmt 0 view .LVU123
 525 0030 0023     		movs	r3, #0
 526 0032 2360     		str	r3, [r4]
  60:Core/Src/app/boardUserInterface.cpp **** 				case ledState::toggle:
 527              		.loc 1 60 6 is_stmt 1 view .LVU124
 528 0034 EEE7     		b	.L27
 529              	.LVL41:
 530              	.L30:
  61:Core/Src/app/boardUserInterface.cpp **** 					HAL_GPIO_TogglePin(this->_GPIO_Port, this->_GPIO_Pin);
 531              		.loc 1 61 5 view .LVU125
  62:Core/Src/app/boardUserInterface.cpp **** 					if(this->_status == ledState::on) this->_status = ledState::off; else this->_status = ledState
 532              		.loc 1 62 6 view .LVU126
  62:Core/Src/app/boardUserInterface.cpp **** 					if(this->_status == ledState::on) this->_status = ledState::off; else this->_status = ledState
 533              		.loc 1 62 24 is_stmt 0 view .LVU127
 534 0036 8188     		ldrh	r1, [r0, #4]
 535              	.LVL42:
  62:Core/Src/app/boardUserInterface.cpp **** 					if(this->_status == ledState::on) this->_status = ledState::off; else this->_status = ledState
 536              		.loc 1 62 24 view .LVU128
 537 0038 8068     		ldr	r0, [r0, #8]
 538              	.LVL43:
  62:Core/Src/app/boardUserInterface.cpp **** 					if(this->_status == ledState::on) this->_status = ledState::off; else this->_status = ledState
 539              		.loc 1 62 24 view .LVU129
 540 003a FFF7FEFF 		bl	HAL_GPIO_TogglePin
 541              	.LVL44:
  63:Core/Src/app/boardUserInterface.cpp **** 					break;
 542              		.loc 1 63 6 is_stmt 1 view .LVU130
  63:Core/Src/app/boardUserInterface.cpp **** 					break;
 543              		.loc 1 63 15 is_stmt 0 view .LVU131
 544 003e 2368     		ldr	r3, [r4]
  63:Core/Src/app/boardUserInterface.cpp **** 					break;
 545              		.loc 1 63 6 view .LVU132
 546 0040 012B     		cmp	r3, #1
 547 0042 02D0     		beq	.L38
  63:Core/Src/app/boardUserInterface.cpp **** 					break;
 548              		.loc 1 63 76 is_stmt 1 discriminator 2 view .LVU133
  63:Core/Src/app/boardUserInterface.cpp **** 					break;
 549              		.loc 1 63 90 is_stmt 0 discriminator 2 view .LVU134
 550 0044 0123     		movs	r3, #1
 551 0046 2360     		str	r3, [r4]
 552              		.loc 1 70 1 discriminator 2 view .LVU135
 553 0048 E4E7     		b	.L27
ARM GAS  /var/folders/jw/jcj5j9_530958b2rm5vp9wn00000gn/T//ccVnwimg.s 			page 13


 554              	.L38:
  63:Core/Src/app/boardUserInterface.cpp **** 					break;
 555              		.loc 1 63 40 is_stmt 1 discriminator 1 view .LVU136
  63:Core/Src/app/boardUserInterface.cpp **** 					break;
 556              		.loc 1 63 54 is_stmt 0 discriminator 1 view .LVU137
 557 004a 0023     		movs	r3, #0
 558 004c 2360     		str	r3, [r4]
 559 004e E1E7     		b	.L27
 560              	.LVL45:
 561              	.L34:
 562              	.LCFI10:
 563              		.cfi_def_cfa_offset 0
 564              		.cfi_restore 4
 565              		.cfi_restore 14
  63:Core/Src/app/boardUserInterface.cpp **** 					break;
 566              		.loc 1 63 54 discriminator 1 view .LVU138
 567 0050 7047     		bx	lr
 568              		.cfi_endproc
 569              	.LFE145:
 570              		.fnend
 572              		.text
 573              	.Letext0:
 574              		.file 2 "/Users/javier/Library/xPacks/@xpack-dev-tools/arm-none-eabi-gcc/9.3.1-1.4.1/.content/arm-
 575              		.file 3 "/Users/javier/Library/xPacks/@xpack-dev-tools/arm-none-eabi-gcc/9.3.1-1.4.1/.content/arm-
 576              		.file 4 "Drivers/CMSIS/Include/core_cm4.h"
 577              		.file 5 "Drivers/CMSIS/Device/ST/STM32F3xx/Include/system_stm32f3xx.h"
 578              		.file 6 "Drivers/CMSIS/Device/ST/STM32F3xx/Include/stm32f373xc.h"
 579              		.file 7 "Drivers/STM32F3xx_HAL_Driver/Inc/stm32f3xx_hal_gpio.h"
 580              		.file 8 "Drivers/STM32F3xx_HAL_Driver/Inc/stm32f3xx_hal.h"
 581              		.file 9 "Core/Inc/boardUserInterface.hpp"
ARM GAS  /var/folders/jw/jcj5j9_530958b2rm5vp9wn00000gn/T//ccVnwimg.s 			page 14


DEFINED SYMBOLS
                            *ABS*:0000000000000000 boardUserInterface.cpp
/var/folders/jw/jcj5j9_530958b2rm5vp9wn00000gn/T//ccVnwimg.s:18     .text._ZN18boardUserInterface11readButtonsEv:0000000000000000 $t
/var/folders/jw/jcj5j9_530958b2rm5vp9wn00000gn/T//ccVnwimg.s:26     .text._ZN18boardUserInterface11readButtonsEv:0000000000000000 _ZN18boardUserInterface11readButtonsEv
/var/folders/jw/jcj5j9_530958b2rm5vp9wn00000gn/T//ccVnwimg.s:101    .text._ZN18boardUserInterface11readButtonsEv:000000000000004c $d
.ARM.exidx.text._ZN18boardUserInterface11readButtonsEv:0000000000000000 $d
/var/folders/jw/jcj5j9_530958b2rm5vp9wn00000gn/T//ccVnwimg.s:107    .text._ZN18boardUserInterface17getPressedButtonsEv:0000000000000000 $t
/var/folders/jw/jcj5j9_530958b2rm5vp9wn00000gn/T//ccVnwimg.s:114    .text._ZN18boardUserInterface17getPressedButtonsEv:0000000000000000 _ZN18boardUserInterface17getPressedButtonsEv
.ARM.exidx.text._ZN18boardUserInterface17getPressedButtonsEv:0000000000000000 $d
/var/folders/jw/jcj5j9_530958b2rm5vp9wn00000gn/T//ccVnwimg.s:176    .text._ZN18boardUserInterface12countPressedEv:0000000000000000 $t
/var/folders/jw/jcj5j9_530958b2rm5vp9wn00000gn/T//ccVnwimg.s:183    .text._ZN18boardUserInterface12countPressedEv:0000000000000000 _ZN18boardUserInterface12countPressedEv
.ARM.exidx.text._ZN18boardUserInterface12countPressedEv:0000000000000000 $d
/var/folders/jw/jcj5j9_530958b2rm5vp9wn00000gn/T//ccVnwimg.s:245    .text._ZN18boardUserInterface16anyButtonPressedEv:0000000000000000 $t
/var/folders/jw/jcj5j9_530958b2rm5vp9wn00000gn/T//ccVnwimg.s:252    .text._ZN18boardUserInterface16anyButtonPressedEv:0000000000000000 _ZN18boardUserInterface16anyButtonPressedEv
.ARM.exidx.text._ZN18boardUserInterface16anyButtonPressedEv:0000000000000000 $d
/var/folders/jw/jcj5j9_530958b2rm5vp9wn00000gn/T//ccVnwimg.s:293    .text._ZN18boardUserInterface14getButtonCountEv:0000000000000000 $t
/var/folders/jw/jcj5j9_530958b2rm5vp9wn00000gn/T//ccVnwimg.s:300    .text._ZN18boardUserInterface14getButtonCountEv:0000000000000000 _ZN18boardUserInterface14getButtonCountEv
.ARM.exidx.text._ZN18boardUserInterface14getButtonCountEv:0000000000000000 $d
/var/folders/jw/jcj5j9_530958b2rm5vp9wn00000gn/T//ccVnwimg.s:333    .text._ZN12ledIndicatorC2EP12GPIO_TypeDeft:0000000000000000 $t
/var/folders/jw/jcj5j9_530958b2rm5vp9wn00000gn/T//ccVnwimg.s:340    .text._ZN12ledIndicatorC2EP12GPIO_TypeDeft:0000000000000000 _ZN12ledIndicatorC2EP12GPIO_TypeDeft
.ARM.exidx.text._ZN12ledIndicatorC2EP12GPIO_TypeDeft:0000000000000000 $d
/var/folders/jw/jcj5j9_530958b2rm5vp9wn00000gn/T//ccVnwimg.s:340    .text._ZN12ledIndicatorC2EP12GPIO_TypeDeft:0000000000000000 _ZN12ledIndicatorC1EP12GPIO_TypeDeft
/var/folders/jw/jcj5j9_530958b2rm5vp9wn00000gn/T//ccVnwimg.s:379    .text._ZN18boardUserInterfaceC2Ev:0000000000000000 $t
/var/folders/jw/jcj5j9_530958b2rm5vp9wn00000gn/T//ccVnwimg.s:386    .text._ZN18boardUserInterfaceC2Ev:0000000000000000 _ZN18boardUserInterfaceC2Ev
/var/folders/jw/jcj5j9_530958b2rm5vp9wn00000gn/T//ccVnwimg.s:442    .text._ZN18boardUserInterfaceC2Ev:0000000000000044 $d
.ARM.exidx.text._ZN18boardUserInterfaceC2Ev:0000000000000000 $d
/var/folders/jw/jcj5j9_530958b2rm5vp9wn00000gn/T//ccVnwimg.s:386    .text._ZN18boardUserInterfaceC2Ev:0000000000000000 _ZN18boardUserInterfaceC1Ev
/var/folders/jw/jcj5j9_530958b2rm5vp9wn00000gn/T//ccVnwimg.s:450    .text._ZN12ledIndicator8setStateE8ledState:0000000000000000 $t
/var/folders/jw/jcj5j9_530958b2rm5vp9wn00000gn/T//ccVnwimg.s:457    .text._ZN12ledIndicator8setStateE8ledState:0000000000000000 _ZN12ledIndicator8setStateE8ledState
.ARM.exidx.text._ZN12ledIndicator8setStateE8ledState:0000000000000000 $d

UNDEFINED SYMBOLS
HAL_GPIO_ReadPin
__aeabi_unwind_cpp_pr0
HAL_GPIO_WritePin
HAL_GPIO_TogglePin
