ARM GAS  /var/folders/jw/jcj5j9_530958b2rm5vp9wn00000gn/T//ccSZQgPc.s 			page 1


   1              		.cpu cortex-m4
   2              		.eabi_attribute 27, 1
   3              		.eabi_attribute 28, 1
   4              		.eabi_attribute 20, 1
   5              		.eabi_attribute 21, 1
   6              		.eabi_attribute 23, 3
   7              		.eabi_attribute 24, 1
   8              		.eabi_attribute 25, 1
   9              		.eabi_attribute 26, 1
  10              		.eabi_attribute 30, 1
  11              		.eabi_attribute 34, 1
  12              		.eabi_attribute 18, 4
  13              		.file	"stm32f3xx_hal_pcd_ex.c"
  14              		.text
  15              	.Ltext0:
  16              		.cfi_sections	.debug_frame
  17              		.section	.text.HAL_PCDEx_PMAConfig,"ax",%progbits
  18              		.align	1
  19              		.global	HAL_PCDEx_PMAConfig
  20              		.arch armv7e-m
  21              		.syntax unified
  22              		.thumb
  23              		.thumb_func
  24              		.fpu fpv4-sp-d16
  26              	HAL_PCDEx_PMAConfig:
  27              	.LVL0:
  28              	.LFB130:
  29              		.file 1 "Drivers/STM32F3xx_HAL_Driver/Src/stm32f3xx_hal_pcd_ex.c"
   1:Drivers/STM32F3xx_HAL_Driver/Src/stm32f3xx_hal_pcd_ex.c **** /**
   2:Drivers/STM32F3xx_HAL_Driver/Src/stm32f3xx_hal_pcd_ex.c ****   ******************************************************************************
   3:Drivers/STM32F3xx_HAL_Driver/Src/stm32f3xx_hal_pcd_ex.c ****   * @file    stm32f3xx_hal_pcd_ex.c
   4:Drivers/STM32F3xx_HAL_Driver/Src/stm32f3xx_hal_pcd_ex.c ****   * @author  MCD Application Team
   5:Drivers/STM32F3xx_HAL_Driver/Src/stm32f3xx_hal_pcd_ex.c ****   * @brief   PCD Extended HAL module driver.
   6:Drivers/STM32F3xx_HAL_Driver/Src/stm32f3xx_hal_pcd_ex.c ****   *          This file provides firmware functions to manage the following
   7:Drivers/STM32F3xx_HAL_Driver/Src/stm32f3xx_hal_pcd_ex.c ****   *          functionalities of the USB Peripheral Controller:
   8:Drivers/STM32F3xx_HAL_Driver/Src/stm32f3xx_hal_pcd_ex.c ****   *           + Extended features functions
   9:Drivers/STM32F3xx_HAL_Driver/Src/stm32f3xx_hal_pcd_ex.c ****   *
  10:Drivers/STM32F3xx_HAL_Driver/Src/stm32f3xx_hal_pcd_ex.c ****   ******************************************************************************
  11:Drivers/STM32F3xx_HAL_Driver/Src/stm32f3xx_hal_pcd_ex.c ****   * @attention
  12:Drivers/STM32F3xx_HAL_Driver/Src/stm32f3xx_hal_pcd_ex.c ****   *
  13:Drivers/STM32F3xx_HAL_Driver/Src/stm32f3xx_hal_pcd_ex.c ****   * <h2><center>&copy; Copyright (c) 2016 STMicroelectronics.
  14:Drivers/STM32F3xx_HAL_Driver/Src/stm32f3xx_hal_pcd_ex.c ****   * All rights reserved.</center></h2>
  15:Drivers/STM32F3xx_HAL_Driver/Src/stm32f3xx_hal_pcd_ex.c ****   *
  16:Drivers/STM32F3xx_HAL_Driver/Src/stm32f3xx_hal_pcd_ex.c ****   * This software component is licensed by ST under BSD 3-Clause license,
  17:Drivers/STM32F3xx_HAL_Driver/Src/stm32f3xx_hal_pcd_ex.c ****   * the "License"; You may not use this file except in compliance with the
  18:Drivers/STM32F3xx_HAL_Driver/Src/stm32f3xx_hal_pcd_ex.c ****   * License. You may obtain a copy of the License at:
  19:Drivers/STM32F3xx_HAL_Driver/Src/stm32f3xx_hal_pcd_ex.c ****   *                        opensource.org/licenses/BSD-3-Clause
  20:Drivers/STM32F3xx_HAL_Driver/Src/stm32f3xx_hal_pcd_ex.c ****   *
  21:Drivers/STM32F3xx_HAL_Driver/Src/stm32f3xx_hal_pcd_ex.c ****   ******************************************************************************
  22:Drivers/STM32F3xx_HAL_Driver/Src/stm32f3xx_hal_pcd_ex.c ****   */
  23:Drivers/STM32F3xx_HAL_Driver/Src/stm32f3xx_hal_pcd_ex.c **** 
  24:Drivers/STM32F3xx_HAL_Driver/Src/stm32f3xx_hal_pcd_ex.c **** /* Includes ------------------------------------------------------------------*/
  25:Drivers/STM32F3xx_HAL_Driver/Src/stm32f3xx_hal_pcd_ex.c **** #include "stm32f3xx_hal.h"
  26:Drivers/STM32F3xx_HAL_Driver/Src/stm32f3xx_hal_pcd_ex.c **** 
  27:Drivers/STM32F3xx_HAL_Driver/Src/stm32f3xx_hal_pcd_ex.c **** /** @addtogroup STM32F3xx_HAL_Driver
  28:Drivers/STM32F3xx_HAL_Driver/Src/stm32f3xx_hal_pcd_ex.c ****   * @{
  29:Drivers/STM32F3xx_HAL_Driver/Src/stm32f3xx_hal_pcd_ex.c ****   */
ARM GAS  /var/folders/jw/jcj5j9_530958b2rm5vp9wn00000gn/T//ccSZQgPc.s 			page 2


  30:Drivers/STM32F3xx_HAL_Driver/Src/stm32f3xx_hal_pcd_ex.c **** 
  31:Drivers/STM32F3xx_HAL_Driver/Src/stm32f3xx_hal_pcd_ex.c **** /** @defgroup PCDEx PCDEx
  32:Drivers/STM32F3xx_HAL_Driver/Src/stm32f3xx_hal_pcd_ex.c ****   * @brief PCD Extended HAL module driver
  33:Drivers/STM32F3xx_HAL_Driver/Src/stm32f3xx_hal_pcd_ex.c ****   * @{
  34:Drivers/STM32F3xx_HAL_Driver/Src/stm32f3xx_hal_pcd_ex.c ****   */
  35:Drivers/STM32F3xx_HAL_Driver/Src/stm32f3xx_hal_pcd_ex.c **** 
  36:Drivers/STM32F3xx_HAL_Driver/Src/stm32f3xx_hal_pcd_ex.c **** #ifdef HAL_PCD_MODULE_ENABLED
  37:Drivers/STM32F3xx_HAL_Driver/Src/stm32f3xx_hal_pcd_ex.c **** 
  38:Drivers/STM32F3xx_HAL_Driver/Src/stm32f3xx_hal_pcd_ex.c **** #if defined (USB)
  39:Drivers/STM32F3xx_HAL_Driver/Src/stm32f3xx_hal_pcd_ex.c **** /* Private types -------------------------------------------------------------*/
  40:Drivers/STM32F3xx_HAL_Driver/Src/stm32f3xx_hal_pcd_ex.c **** /* Private variables ---------------------------------------------------------*/
  41:Drivers/STM32F3xx_HAL_Driver/Src/stm32f3xx_hal_pcd_ex.c **** /* Private constants ---------------------------------------------------------*/
  42:Drivers/STM32F3xx_HAL_Driver/Src/stm32f3xx_hal_pcd_ex.c **** /* Private macros ------------------------------------------------------------*/
  43:Drivers/STM32F3xx_HAL_Driver/Src/stm32f3xx_hal_pcd_ex.c **** /* Private functions ---------------------------------------------------------*/
  44:Drivers/STM32F3xx_HAL_Driver/Src/stm32f3xx_hal_pcd_ex.c **** /* Exported functions --------------------------------------------------------*/
  45:Drivers/STM32F3xx_HAL_Driver/Src/stm32f3xx_hal_pcd_ex.c **** 
  46:Drivers/STM32F3xx_HAL_Driver/Src/stm32f3xx_hal_pcd_ex.c **** /** @defgroup PCDEx_Exported_Functions PCDEx Exported Functions
  47:Drivers/STM32F3xx_HAL_Driver/Src/stm32f3xx_hal_pcd_ex.c ****   * @{
  48:Drivers/STM32F3xx_HAL_Driver/Src/stm32f3xx_hal_pcd_ex.c ****   */
  49:Drivers/STM32F3xx_HAL_Driver/Src/stm32f3xx_hal_pcd_ex.c **** 
  50:Drivers/STM32F3xx_HAL_Driver/Src/stm32f3xx_hal_pcd_ex.c **** /** @defgroup PCDEx_Exported_Functions_Group1 Peripheral Control functions
  51:Drivers/STM32F3xx_HAL_Driver/Src/stm32f3xx_hal_pcd_ex.c ****   * @brief    PCDEx control functions
  52:Drivers/STM32F3xx_HAL_Driver/Src/stm32f3xx_hal_pcd_ex.c ****   *
  53:Drivers/STM32F3xx_HAL_Driver/Src/stm32f3xx_hal_pcd_ex.c **** @verbatim
  54:Drivers/STM32F3xx_HAL_Driver/Src/stm32f3xx_hal_pcd_ex.c ****  ===============================================================================
  55:Drivers/STM32F3xx_HAL_Driver/Src/stm32f3xx_hal_pcd_ex.c ****                  ##### Extended features functions #####
  56:Drivers/STM32F3xx_HAL_Driver/Src/stm32f3xx_hal_pcd_ex.c ****  ===============================================================================
  57:Drivers/STM32F3xx_HAL_Driver/Src/stm32f3xx_hal_pcd_ex.c ****     [..]  This section provides functions allowing to:
  58:Drivers/STM32F3xx_HAL_Driver/Src/stm32f3xx_hal_pcd_ex.c ****       (+) Update FIFO configuration
  59:Drivers/STM32F3xx_HAL_Driver/Src/stm32f3xx_hal_pcd_ex.c **** 
  60:Drivers/STM32F3xx_HAL_Driver/Src/stm32f3xx_hal_pcd_ex.c **** @endverbatim
  61:Drivers/STM32F3xx_HAL_Driver/Src/stm32f3xx_hal_pcd_ex.c ****   * @{
  62:Drivers/STM32F3xx_HAL_Driver/Src/stm32f3xx_hal_pcd_ex.c ****   */
  63:Drivers/STM32F3xx_HAL_Driver/Src/stm32f3xx_hal_pcd_ex.c **** 
  64:Drivers/STM32F3xx_HAL_Driver/Src/stm32f3xx_hal_pcd_ex.c **** /**
  65:Drivers/STM32F3xx_HAL_Driver/Src/stm32f3xx_hal_pcd_ex.c ****   * @brief  Configure PMA for EP
  66:Drivers/STM32F3xx_HAL_Driver/Src/stm32f3xx_hal_pcd_ex.c ****   * @param  hpcd  Device instance
  67:Drivers/STM32F3xx_HAL_Driver/Src/stm32f3xx_hal_pcd_ex.c ****   * @param  ep_addr endpoint address
  68:Drivers/STM32F3xx_HAL_Driver/Src/stm32f3xx_hal_pcd_ex.c ****   * @param  ep_kind endpoint Kind
  69:Drivers/STM32F3xx_HAL_Driver/Src/stm32f3xx_hal_pcd_ex.c ****   *                  USB_SNG_BUF: Single Buffer used
  70:Drivers/STM32F3xx_HAL_Driver/Src/stm32f3xx_hal_pcd_ex.c ****   *                  USB_DBL_BUF: Double Buffer used
  71:Drivers/STM32F3xx_HAL_Driver/Src/stm32f3xx_hal_pcd_ex.c ****   * @param  pmaadress: EP address in The PMA: In case of single buffer endpoint
  72:Drivers/STM32F3xx_HAL_Driver/Src/stm32f3xx_hal_pcd_ex.c ****   *                   this parameter is 16-bit value providing the address
  73:Drivers/STM32F3xx_HAL_Driver/Src/stm32f3xx_hal_pcd_ex.c ****   *                   in PMA allocated to endpoint.
  74:Drivers/STM32F3xx_HAL_Driver/Src/stm32f3xx_hal_pcd_ex.c ****   *                   In case of double buffer endpoint this parameter
  75:Drivers/STM32F3xx_HAL_Driver/Src/stm32f3xx_hal_pcd_ex.c ****   *                   is a 32-bit value providing the endpoint buffer 0 address
  76:Drivers/STM32F3xx_HAL_Driver/Src/stm32f3xx_hal_pcd_ex.c ****   *                   in the LSB part of 32-bit value and endpoint buffer 1 address
  77:Drivers/STM32F3xx_HAL_Driver/Src/stm32f3xx_hal_pcd_ex.c ****   *                   in the MSB part of 32-bit value.
  78:Drivers/STM32F3xx_HAL_Driver/Src/stm32f3xx_hal_pcd_ex.c ****   * @retval HAL status
  79:Drivers/STM32F3xx_HAL_Driver/Src/stm32f3xx_hal_pcd_ex.c ****   */
  80:Drivers/STM32F3xx_HAL_Driver/Src/stm32f3xx_hal_pcd_ex.c **** 
  81:Drivers/STM32F3xx_HAL_Driver/Src/stm32f3xx_hal_pcd_ex.c **** HAL_StatusTypeDef  HAL_PCDEx_PMAConfig(PCD_HandleTypeDef *hpcd, uint16_t ep_addr,
  82:Drivers/STM32F3xx_HAL_Driver/Src/stm32f3xx_hal_pcd_ex.c ****                                        uint16_t ep_kind, uint32_t pmaadress)
  83:Drivers/STM32F3xx_HAL_Driver/Src/stm32f3xx_hal_pcd_ex.c **** {
  30              		.loc 1 83 1 view -0
  31              		.cfi_startproc
  32              		@ args = 0, pretend = 0, frame = 0
ARM GAS  /var/folders/jw/jcj5j9_530958b2rm5vp9wn00000gn/T//ccSZQgPc.s 			page 3


  33              		@ frame_needed = 0, uses_anonymous_args = 0
  34              		@ link register save eliminated.
  84:Drivers/STM32F3xx_HAL_Driver/Src/stm32f3xx_hal_pcd_ex.c ****   PCD_EPTypeDef *ep;
  35              		.loc 1 84 3 view .LVU1
  85:Drivers/STM32F3xx_HAL_Driver/Src/stm32f3xx_hal_pcd_ex.c **** 
  86:Drivers/STM32F3xx_HAL_Driver/Src/stm32f3xx_hal_pcd_ex.c ****   /* initialize ep structure*/
  87:Drivers/STM32F3xx_HAL_Driver/Src/stm32f3xx_hal_pcd_ex.c ****   if ((0x80U & ep_addr) == 0x80U)
  36              		.loc 1 87 3 view .LVU2
  37              		.loc 1 87 6 is_stmt 0 view .LVU3
  38 0000 11F0800F 		tst	r1, #128
  39 0004 0BD0     		beq	.L2
  88:Drivers/STM32F3xx_HAL_Driver/Src/stm32f3xx_hal_pcd_ex.c ****   {
  89:Drivers/STM32F3xx_HAL_Driver/Src/stm32f3xx_hal_pcd_ex.c ****     ep = &hpcd->IN_ep[ep_addr & EP_ADDR_MSK];
  40              		.loc 1 89 5 is_stmt 1 view .LVU4
  41              		.loc 1 89 31 is_stmt 0 view .LVU5
  42 0006 01F00701 		and	r1, r1, #7
  43              	.LVL1:
  44              		.loc 1 89 8 view .LVU6
  45 000a 0131     		adds	r1, r1, #1
  46 000c 01EB8101 		add	r1, r1, r1, lsl #2
  47 0010 00EBC101 		add	r1, r0, r1, lsl #3
  48              	.LVL2:
  49              	.L3:
  90:Drivers/STM32F3xx_HAL_Driver/Src/stm32f3xx_hal_pcd_ex.c ****   }
  91:Drivers/STM32F3xx_HAL_Driver/Src/stm32f3xx_hal_pcd_ex.c ****   else
  92:Drivers/STM32F3xx_HAL_Driver/Src/stm32f3xx_hal_pcd_ex.c ****   {
  93:Drivers/STM32F3xx_HAL_Driver/Src/stm32f3xx_hal_pcd_ex.c ****     ep = &hpcd->OUT_ep[ep_addr];
  94:Drivers/STM32F3xx_HAL_Driver/Src/stm32f3xx_hal_pcd_ex.c ****   }
  95:Drivers/STM32F3xx_HAL_Driver/Src/stm32f3xx_hal_pcd_ex.c **** 
  96:Drivers/STM32F3xx_HAL_Driver/Src/stm32f3xx_hal_pcd_ex.c ****   /* Here we check if the endpoint is single or double Buffer*/
  97:Drivers/STM32F3xx_HAL_Driver/Src/stm32f3xx_hal_pcd_ex.c ****   if (ep_kind == PCD_SNG_BUF)
  50              		.loc 1 97 3 is_stmt 1 view .LVU7
  51              		.loc 1 97 6 is_stmt 0 view .LVU8
  52 0014 52B9     		cbnz	r2, .L4
  98:Drivers/STM32F3xx_HAL_Driver/Src/stm32f3xx_hal_pcd_ex.c ****   {
  99:Drivers/STM32F3xx_HAL_Driver/Src/stm32f3xx_hal_pcd_ex.c ****     /* Single Buffer */
 100:Drivers/STM32F3xx_HAL_Driver/Src/stm32f3xx_hal_pcd_ex.c ****     ep->doublebuffer = 0U;
  53              		.loc 1 100 5 is_stmt 1 view .LVU9
  54              		.loc 1 100 22 is_stmt 0 view .LVU10
  55 0016 0A73     		strb	r2, [r1, #12]
 101:Drivers/STM32F3xx_HAL_Driver/Src/stm32f3xx_hal_pcd_ex.c ****     /* Configure the PMA */
 102:Drivers/STM32F3xx_HAL_Driver/Src/stm32f3xx_hal_pcd_ex.c ****     ep->pmaadress = (uint16_t)pmaadress;
  56              		.loc 1 102 5 is_stmt 1 view .LVU11
  57              		.loc 1 102 19 is_stmt 0 view .LVU12
  58 0018 CB80     		strh	r3, [r1, #6]	@ movhi
  59              	.LVL3:
  60              	.L5:
 103:Drivers/STM32F3xx_HAL_Driver/Src/stm32f3xx_hal_pcd_ex.c ****   }
 104:Drivers/STM32F3xx_HAL_Driver/Src/stm32f3xx_hal_pcd_ex.c ****   else /* USB_DBL_BUF */
 105:Drivers/STM32F3xx_HAL_Driver/Src/stm32f3xx_hal_pcd_ex.c ****   {
 106:Drivers/STM32F3xx_HAL_Driver/Src/stm32f3xx_hal_pcd_ex.c ****     /* Double Buffer Endpoint */
 107:Drivers/STM32F3xx_HAL_Driver/Src/stm32f3xx_hal_pcd_ex.c ****     ep->doublebuffer = 1U;
 108:Drivers/STM32F3xx_HAL_Driver/Src/stm32f3xx_hal_pcd_ex.c ****     /* Configure the PMA */
 109:Drivers/STM32F3xx_HAL_Driver/Src/stm32f3xx_hal_pcd_ex.c ****     ep->pmaaddr0 = (uint16_t)(pmaadress & 0xFFFFU);
 110:Drivers/STM32F3xx_HAL_Driver/Src/stm32f3xx_hal_pcd_ex.c ****     ep->pmaaddr1 = (uint16_t)((pmaadress & 0xFFFF0000U) >> 16);
 111:Drivers/STM32F3xx_HAL_Driver/Src/stm32f3xx_hal_pcd_ex.c ****   }
 112:Drivers/STM32F3xx_HAL_Driver/Src/stm32f3xx_hal_pcd_ex.c **** 
ARM GAS  /var/folders/jw/jcj5j9_530958b2rm5vp9wn00000gn/T//ccSZQgPc.s 			page 4


 113:Drivers/STM32F3xx_HAL_Driver/Src/stm32f3xx_hal_pcd_ex.c ****   return HAL_OK;
  61              		.loc 1 113 3 is_stmt 1 view .LVU13
 114:Drivers/STM32F3xx_HAL_Driver/Src/stm32f3xx_hal_pcd_ex.c **** }
  62              		.loc 1 114 1 is_stmt 0 view .LVU14
  63 001a 0020     		movs	r0, #0
  64              	.LVL4:
  65              		.loc 1 114 1 view .LVU15
  66 001c 7047     		bx	lr
  67              	.LVL5:
  68              	.L2:
  93:Drivers/STM32F3xx_HAL_Driver/Src/stm32f3xx_hal_pcd_ex.c ****   }
  69              		.loc 1 93 5 is_stmt 1 view .LVU16
  93:Drivers/STM32F3xx_HAL_Driver/Src/stm32f3xx_hal_pcd_ex.c ****   }
  70              		.loc 1 93 8 is_stmt 0 view .LVU17
  71 001e 01EB8101 		add	r1, r1, r1, lsl #2
  72              	.LVL6:
  93:Drivers/STM32F3xx_HAL_Driver/Src/stm32f3xx_hal_pcd_ex.c ****   }
  73              		.loc 1 93 8 view .LVU18
  74 0022 C900     		lsls	r1, r1, #3
  75 0024 01F5B471 		add	r1, r1, #360
  76 0028 0144     		add	r1, r1, r0
  77              	.LVL7:
  93:Drivers/STM32F3xx_HAL_Driver/Src/stm32f3xx_hal_pcd_ex.c ****   }
  78              		.loc 1 93 8 view .LVU19
  79 002a F3E7     		b	.L3
  80              	.L4:
 107:Drivers/STM32F3xx_HAL_Driver/Src/stm32f3xx_hal_pcd_ex.c ****     /* Configure the PMA */
  81              		.loc 1 107 5 is_stmt 1 view .LVU20
 107:Drivers/STM32F3xx_HAL_Driver/Src/stm32f3xx_hal_pcd_ex.c ****     /* Configure the PMA */
  82              		.loc 1 107 22 is_stmt 0 view .LVU21
  83 002c 0122     		movs	r2, #1
  84              	.LVL8:
 107:Drivers/STM32F3xx_HAL_Driver/Src/stm32f3xx_hal_pcd_ex.c ****     /* Configure the PMA */
  85              		.loc 1 107 22 view .LVU22
  86 002e 0A73     		strb	r2, [r1, #12]
 109:Drivers/STM32F3xx_HAL_Driver/Src/stm32f3xx_hal_pcd_ex.c ****     ep->pmaaddr1 = (uint16_t)((pmaadress & 0xFFFF0000U) >> 16);
  87              		.loc 1 109 5 is_stmt 1 view .LVU23
 109:Drivers/STM32F3xx_HAL_Driver/Src/stm32f3xx_hal_pcd_ex.c ****     ep->pmaaddr1 = (uint16_t)((pmaadress & 0xFFFF0000U) >> 16);
  88              		.loc 1 109 18 is_stmt 0 view .LVU24
  89 0030 0B81     		strh	r3, [r1, #8]	@ movhi
 110:Drivers/STM32F3xx_HAL_Driver/Src/stm32f3xx_hal_pcd_ex.c ****   }
  90              		.loc 1 110 5 is_stmt 1 view .LVU25
 110:Drivers/STM32F3xx_HAL_Driver/Src/stm32f3xx_hal_pcd_ex.c ****   }
  91              		.loc 1 110 20 is_stmt 0 view .LVU26
  92 0032 1B0C     		lsrs	r3, r3, #16
  93              	.LVL9:
 110:Drivers/STM32F3xx_HAL_Driver/Src/stm32f3xx_hal_pcd_ex.c ****   }
  94              		.loc 1 110 18 view .LVU27
  95 0034 4B81     		strh	r3, [r1, #10]	@ movhi
  96 0036 F0E7     		b	.L5
  97              		.cfi_endproc
  98              	.LFE130:
 100              		.section	.text.HAL_PCDEx_SetConnectionState,"ax",%progbits
 101              		.align	1
 102              		.weak	HAL_PCDEx_SetConnectionState
 103              		.syntax unified
 104              		.thumb
ARM GAS  /var/folders/jw/jcj5j9_530958b2rm5vp9wn00000gn/T//ccSZQgPc.s 			page 5


 105              		.thumb_func
 106              		.fpu fpv4-sp-d16
 108              	HAL_PCDEx_SetConnectionState:
 109              	.LVL10:
 110              	.LFB131:
 115:Drivers/STM32F3xx_HAL_Driver/Src/stm32f3xx_hal_pcd_ex.c **** 
 116:Drivers/STM32F3xx_HAL_Driver/Src/stm32f3xx_hal_pcd_ex.c **** /**
 117:Drivers/STM32F3xx_HAL_Driver/Src/stm32f3xx_hal_pcd_ex.c ****   * @brief  Software Device Connection,
 118:Drivers/STM32F3xx_HAL_Driver/Src/stm32f3xx_hal_pcd_ex.c ****   *         this function is not required by USB OTG FS peripheral, it is used
 119:Drivers/STM32F3xx_HAL_Driver/Src/stm32f3xx_hal_pcd_ex.c ****   *         only by USB Device FS peripheral.
 120:Drivers/STM32F3xx_HAL_Driver/Src/stm32f3xx_hal_pcd_ex.c ****   * @param  hpcd PCD handle
 121:Drivers/STM32F3xx_HAL_Driver/Src/stm32f3xx_hal_pcd_ex.c ****   * @param  state connection state (0 : disconnected / 1: connected)
 122:Drivers/STM32F3xx_HAL_Driver/Src/stm32f3xx_hal_pcd_ex.c ****   * @retval None
 123:Drivers/STM32F3xx_HAL_Driver/Src/stm32f3xx_hal_pcd_ex.c ****   */
 124:Drivers/STM32F3xx_HAL_Driver/Src/stm32f3xx_hal_pcd_ex.c **** __weak void HAL_PCDEx_SetConnectionState(PCD_HandleTypeDef *hpcd, uint8_t state)
 125:Drivers/STM32F3xx_HAL_Driver/Src/stm32f3xx_hal_pcd_ex.c **** {
 111              		.loc 1 125 1 is_stmt 1 view -0
 112              		.cfi_startproc
 113              		@ args = 0, pretend = 0, frame = 0
 114              		@ frame_needed = 0, uses_anonymous_args = 0
 115              		@ link register save eliminated.
 126:Drivers/STM32F3xx_HAL_Driver/Src/stm32f3xx_hal_pcd_ex.c ****   /* Prevent unused argument(s) compilation warning */
 127:Drivers/STM32F3xx_HAL_Driver/Src/stm32f3xx_hal_pcd_ex.c ****   UNUSED(hpcd);
 116              		.loc 1 127 3 view .LVU29
 128:Drivers/STM32F3xx_HAL_Driver/Src/stm32f3xx_hal_pcd_ex.c ****   UNUSED(state);
 117              		.loc 1 128 3 view .LVU30
 129:Drivers/STM32F3xx_HAL_Driver/Src/stm32f3xx_hal_pcd_ex.c ****   /* NOTE : This function Should not be modified, when the callback is needed,
 130:Drivers/STM32F3xx_HAL_Driver/Src/stm32f3xx_hal_pcd_ex.c ****             the HAL_PCDEx_SetConnectionState could be implemented in the user file
 131:Drivers/STM32F3xx_HAL_Driver/Src/stm32f3xx_hal_pcd_ex.c ****    */
 132:Drivers/STM32F3xx_HAL_Driver/Src/stm32f3xx_hal_pcd_ex.c **** }
 118              		.loc 1 132 1 is_stmt 0 view .LVU31
 119 0000 7047     		bx	lr
 120              		.cfi_endproc
 121              	.LFE131:
 123              		.section	.text.HAL_PCDEx_LPM_Callback,"ax",%progbits
 124              		.align	1
 125              		.weak	HAL_PCDEx_LPM_Callback
 126              		.syntax unified
 127              		.thumb
 128              		.thumb_func
 129              		.fpu fpv4-sp-d16
 131              	HAL_PCDEx_LPM_Callback:
 132              	.LVL11:
 133              	.LFB132:
 133:Drivers/STM32F3xx_HAL_Driver/Src/stm32f3xx_hal_pcd_ex.c **** 
 134:Drivers/STM32F3xx_HAL_Driver/Src/stm32f3xx_hal_pcd_ex.c **** 
 135:Drivers/STM32F3xx_HAL_Driver/Src/stm32f3xx_hal_pcd_ex.c **** /**
 136:Drivers/STM32F3xx_HAL_Driver/Src/stm32f3xx_hal_pcd_ex.c ****   * @brief  Send LPM message to user layer callback.
 137:Drivers/STM32F3xx_HAL_Driver/Src/stm32f3xx_hal_pcd_ex.c ****   * @param  hpcd PCD handle
 138:Drivers/STM32F3xx_HAL_Driver/Src/stm32f3xx_hal_pcd_ex.c ****   * @param  msg LPM message
 139:Drivers/STM32F3xx_HAL_Driver/Src/stm32f3xx_hal_pcd_ex.c ****   * @retval HAL status
 140:Drivers/STM32F3xx_HAL_Driver/Src/stm32f3xx_hal_pcd_ex.c ****   */
 141:Drivers/STM32F3xx_HAL_Driver/Src/stm32f3xx_hal_pcd_ex.c **** __weak void HAL_PCDEx_LPM_Callback(PCD_HandleTypeDef *hpcd, PCD_LPM_MsgTypeDef msg)
 142:Drivers/STM32F3xx_HAL_Driver/Src/stm32f3xx_hal_pcd_ex.c **** {
 134              		.loc 1 142 1 is_stmt 1 view -0
 135              		.cfi_startproc
 136              		@ args = 0, pretend = 0, frame = 0
ARM GAS  /var/folders/jw/jcj5j9_530958b2rm5vp9wn00000gn/T//ccSZQgPc.s 			page 6


 137              		@ frame_needed = 0, uses_anonymous_args = 0
 138              		@ link register save eliminated.
 143:Drivers/STM32F3xx_HAL_Driver/Src/stm32f3xx_hal_pcd_ex.c ****   /* Prevent unused argument(s) compilation warning */
 144:Drivers/STM32F3xx_HAL_Driver/Src/stm32f3xx_hal_pcd_ex.c ****   UNUSED(hpcd);
 139              		.loc 1 144 3 view .LVU33
 145:Drivers/STM32F3xx_HAL_Driver/Src/stm32f3xx_hal_pcd_ex.c ****   UNUSED(msg);
 140              		.loc 1 145 3 view .LVU34
 146:Drivers/STM32F3xx_HAL_Driver/Src/stm32f3xx_hal_pcd_ex.c **** 
 147:Drivers/STM32F3xx_HAL_Driver/Src/stm32f3xx_hal_pcd_ex.c ****   /* NOTE : This function should not be modified, when the callback is needed,
 148:Drivers/STM32F3xx_HAL_Driver/Src/stm32f3xx_hal_pcd_ex.c ****             the HAL_PCDEx_LPM_Callback could be implemented in the user file
 149:Drivers/STM32F3xx_HAL_Driver/Src/stm32f3xx_hal_pcd_ex.c ****    */
 150:Drivers/STM32F3xx_HAL_Driver/Src/stm32f3xx_hal_pcd_ex.c **** }
 141              		.loc 1 150 1 is_stmt 0 view .LVU35
 142 0000 7047     		bx	lr
 143              		.cfi_endproc
 144              	.LFE132:
 146              		.section	.text.HAL_PCDEx_BCD_Callback,"ax",%progbits
 147              		.align	1
 148              		.weak	HAL_PCDEx_BCD_Callback
 149              		.syntax unified
 150              		.thumb
 151              		.thumb_func
 152              		.fpu fpv4-sp-d16
 154              	HAL_PCDEx_BCD_Callback:
 155              	.LVL12:
 156              	.LFB133:
 151:Drivers/STM32F3xx_HAL_Driver/Src/stm32f3xx_hal_pcd_ex.c **** 
 152:Drivers/STM32F3xx_HAL_Driver/Src/stm32f3xx_hal_pcd_ex.c **** /**
 153:Drivers/STM32F3xx_HAL_Driver/Src/stm32f3xx_hal_pcd_ex.c ****   * @brief  Send BatteryCharging message to user layer callback.
 154:Drivers/STM32F3xx_HAL_Driver/Src/stm32f3xx_hal_pcd_ex.c ****   * @param  hpcd PCD handle
 155:Drivers/STM32F3xx_HAL_Driver/Src/stm32f3xx_hal_pcd_ex.c ****   * @param  msg LPM message
 156:Drivers/STM32F3xx_HAL_Driver/Src/stm32f3xx_hal_pcd_ex.c ****   * @retval HAL status
 157:Drivers/STM32F3xx_HAL_Driver/Src/stm32f3xx_hal_pcd_ex.c ****   */
 158:Drivers/STM32F3xx_HAL_Driver/Src/stm32f3xx_hal_pcd_ex.c **** __weak void HAL_PCDEx_BCD_Callback(PCD_HandleTypeDef *hpcd, PCD_BCD_MsgTypeDef msg)
 159:Drivers/STM32F3xx_HAL_Driver/Src/stm32f3xx_hal_pcd_ex.c **** {
 157              		.loc 1 159 1 is_stmt 1 view -0
 158              		.cfi_startproc
 159              		@ args = 0, pretend = 0, frame = 0
 160              		@ frame_needed = 0, uses_anonymous_args = 0
 161              		@ link register save eliminated.
 160:Drivers/STM32F3xx_HAL_Driver/Src/stm32f3xx_hal_pcd_ex.c ****   /* Prevent unused argument(s) compilation warning */
 161:Drivers/STM32F3xx_HAL_Driver/Src/stm32f3xx_hal_pcd_ex.c ****   UNUSED(hpcd);
 162              		.loc 1 161 3 view .LVU37
 162:Drivers/STM32F3xx_HAL_Driver/Src/stm32f3xx_hal_pcd_ex.c ****   UNUSED(msg);
 163              		.loc 1 162 3 view .LVU38
 163:Drivers/STM32F3xx_HAL_Driver/Src/stm32f3xx_hal_pcd_ex.c **** 
 164:Drivers/STM32F3xx_HAL_Driver/Src/stm32f3xx_hal_pcd_ex.c ****   /* NOTE : This function should not be modified, when the callback is needed,
 165:Drivers/STM32F3xx_HAL_Driver/Src/stm32f3xx_hal_pcd_ex.c ****             the HAL_PCDEx_BCD_Callback could be implemented in the user file
 166:Drivers/STM32F3xx_HAL_Driver/Src/stm32f3xx_hal_pcd_ex.c ****    */
 167:Drivers/STM32F3xx_HAL_Driver/Src/stm32f3xx_hal_pcd_ex.c **** }
 164              		.loc 1 167 1 is_stmt 0 view .LVU39
 165 0000 7047     		bx	lr
 166              		.cfi_endproc
 167              	.LFE133:
 169              		.text
 170              	.Letext0:
 171              		.file 2 "/Users/javier/Library/xPacks/@xpack-dev-tools/arm-none-eabi-gcc/9.3.1-1.4.1/.content/arm-
ARM GAS  /var/folders/jw/jcj5j9_530958b2rm5vp9wn00000gn/T//ccSZQgPc.s 			page 7


 172              		.file 3 "/Users/javier/Library/xPacks/@xpack-dev-tools/arm-none-eabi-gcc/9.3.1-1.4.1/.content/arm-
 173              		.file 4 "Drivers/CMSIS/Include/core_cm4.h"
 174              		.file 5 "Drivers/CMSIS/Device/ST/STM32F3xx/Include/system_stm32f3xx.h"
 175              		.file 6 "Drivers/CMSIS/Device/ST/STM32F3xx/Include/stm32f373xc.h"
 176              		.file 7 "Drivers/STM32F3xx_HAL_Driver/Inc/stm32f3xx_hal_def.h"
 177              		.file 8 "Drivers/STM32F3xx_HAL_Driver/Inc/stm32f3xx_ll_usb.h"
 178              		.file 9 "Drivers/STM32F3xx_HAL_Driver/Inc/stm32f3xx_hal_pcd.h"
 179              		.file 10 "Drivers/STM32F3xx_HAL_Driver/Inc/stm32f3xx_hal.h"
ARM GAS  /var/folders/jw/jcj5j9_530958b2rm5vp9wn00000gn/T//ccSZQgPc.s 			page 8


DEFINED SYMBOLS
                            *ABS*:0000000000000000 stm32f3xx_hal_pcd_ex.c
/var/folders/jw/jcj5j9_530958b2rm5vp9wn00000gn/T//ccSZQgPc.s:18     .text.HAL_PCDEx_PMAConfig:0000000000000000 $t
/var/folders/jw/jcj5j9_530958b2rm5vp9wn00000gn/T//ccSZQgPc.s:26     .text.HAL_PCDEx_PMAConfig:0000000000000000 HAL_PCDEx_PMAConfig
/var/folders/jw/jcj5j9_530958b2rm5vp9wn00000gn/T//ccSZQgPc.s:101    .text.HAL_PCDEx_SetConnectionState:0000000000000000 $t
/var/folders/jw/jcj5j9_530958b2rm5vp9wn00000gn/T//ccSZQgPc.s:108    .text.HAL_PCDEx_SetConnectionState:0000000000000000 HAL_PCDEx_SetConnectionState
/var/folders/jw/jcj5j9_530958b2rm5vp9wn00000gn/T//ccSZQgPc.s:124    .text.HAL_PCDEx_LPM_Callback:0000000000000000 $t
/var/folders/jw/jcj5j9_530958b2rm5vp9wn00000gn/T//ccSZQgPc.s:131    .text.HAL_PCDEx_LPM_Callback:0000000000000000 HAL_PCDEx_LPM_Callback
/var/folders/jw/jcj5j9_530958b2rm5vp9wn00000gn/T//ccSZQgPc.s:147    .text.HAL_PCDEx_BCD_Callback:0000000000000000 $t
/var/folders/jw/jcj5j9_530958b2rm5vp9wn00000gn/T//ccSZQgPc.s:154    .text.HAL_PCDEx_BCD_Callback:0000000000000000 HAL_PCDEx_BCD_Callback

NO UNDEFINED SYMBOLS
