ARM GAS  /var/folders/jw/jcj5j9_530958b2rm5vp9wn00000gn/T//ccrfZdkj.s 			page 1


   1              		.cpu cortex-m4
   2              		.eabi_attribute 27, 1
   3              		.eabi_attribute 28, 1
   4              		.eabi_attribute 20, 1
   5              		.eabi_attribute 21, 1
   6              		.eabi_attribute 23, 3
   7              		.eabi_attribute 24, 1
   8              		.eabi_attribute 25, 1
   9              		.eabi_attribute 26, 1
  10              		.eabi_attribute 30, 1
  11              		.eabi_attribute 34, 1
  12              		.eabi_attribute 18, 4
  13              		.file	"stm32f3xx_hal_uart_ex.c"
  14              		.text
  15              	.Ltext0:
  16              		.cfi_sections	.debug_frame
  17              		.section	.text.UARTEx_Wakeup_AddressConfig,"ax",%progbits
  18              		.align	1
  19              		.arch armv7e-m
  20              		.syntax unified
  21              		.thumb
  22              		.thumb_func
  23              		.fpu fpv4-sp-d16
  25              	UARTEx_Wakeup_AddressConfig:
  26              	.LVL0:
  27              	.LFB136:
  28              		.file 1 "Drivers/STM32F3xx_HAL_Driver/Src/stm32f3xx_hal_uart_ex.c"
   1:Drivers/STM32F3xx_HAL_Driver/Src/stm32f3xx_hal_uart_ex.c **** /**
   2:Drivers/STM32F3xx_HAL_Driver/Src/stm32f3xx_hal_uart_ex.c ****   ******************************************************************************
   3:Drivers/STM32F3xx_HAL_Driver/Src/stm32f3xx_hal_uart_ex.c ****   * @file    stm32f3xx_hal_uart_ex.c
   4:Drivers/STM32F3xx_HAL_Driver/Src/stm32f3xx_hal_uart_ex.c ****   * @author  MCD Application Team
   5:Drivers/STM32F3xx_HAL_Driver/Src/stm32f3xx_hal_uart_ex.c ****   * @brief   Extended UART HAL module driver.
   6:Drivers/STM32F3xx_HAL_Driver/Src/stm32f3xx_hal_uart_ex.c ****   *          This file provides firmware functions to manage the following extended
   7:Drivers/STM32F3xx_HAL_Driver/Src/stm32f3xx_hal_uart_ex.c ****   *          functionalities of the Universal Asynchronous Receiver Transmitter Peripheral (UART).
   8:Drivers/STM32F3xx_HAL_Driver/Src/stm32f3xx_hal_uart_ex.c ****   *           + Initialization and de-initialization functions
   9:Drivers/STM32F3xx_HAL_Driver/Src/stm32f3xx_hal_uart_ex.c ****   *           + Peripheral Control functions
  10:Drivers/STM32F3xx_HAL_Driver/Src/stm32f3xx_hal_uart_ex.c ****   *
  11:Drivers/STM32F3xx_HAL_Driver/Src/stm32f3xx_hal_uart_ex.c ****   *
  12:Drivers/STM32F3xx_HAL_Driver/Src/stm32f3xx_hal_uart_ex.c ****   @verbatim
  13:Drivers/STM32F3xx_HAL_Driver/Src/stm32f3xx_hal_uart_ex.c ****   ==============================================================================
  14:Drivers/STM32F3xx_HAL_Driver/Src/stm32f3xx_hal_uart_ex.c ****                ##### UART peripheral extended features  #####
  15:Drivers/STM32F3xx_HAL_Driver/Src/stm32f3xx_hal_uart_ex.c ****   ==============================================================================
  16:Drivers/STM32F3xx_HAL_Driver/Src/stm32f3xx_hal_uart_ex.c **** 
  17:Drivers/STM32F3xx_HAL_Driver/Src/stm32f3xx_hal_uart_ex.c ****     (#) Declare a UART_HandleTypeDef handle structure.
  18:Drivers/STM32F3xx_HAL_Driver/Src/stm32f3xx_hal_uart_ex.c **** 
  19:Drivers/STM32F3xx_HAL_Driver/Src/stm32f3xx_hal_uart_ex.c ****     (#) For the UART RS485 Driver Enable mode, initialize the UART registers
  20:Drivers/STM32F3xx_HAL_Driver/Src/stm32f3xx_hal_uart_ex.c ****         by calling the HAL_RS485Ex_Init() API.
  21:Drivers/STM32F3xx_HAL_Driver/Src/stm32f3xx_hal_uart_ex.c **** 
  22:Drivers/STM32F3xx_HAL_Driver/Src/stm32f3xx_hal_uart_ex.c ****   @endverbatim
  23:Drivers/STM32F3xx_HAL_Driver/Src/stm32f3xx_hal_uart_ex.c ****   ******************************************************************************
  24:Drivers/STM32F3xx_HAL_Driver/Src/stm32f3xx_hal_uart_ex.c ****   * @attention
  25:Drivers/STM32F3xx_HAL_Driver/Src/stm32f3xx_hal_uart_ex.c ****   *
  26:Drivers/STM32F3xx_HAL_Driver/Src/stm32f3xx_hal_uart_ex.c ****   * <h2><center>&copy; Copyright (c) 2016 STMicroelectronics.
  27:Drivers/STM32F3xx_HAL_Driver/Src/stm32f3xx_hal_uart_ex.c ****   * All rights reserved.</center></h2>
  28:Drivers/STM32F3xx_HAL_Driver/Src/stm32f3xx_hal_uart_ex.c ****   *
  29:Drivers/STM32F3xx_HAL_Driver/Src/stm32f3xx_hal_uart_ex.c ****   * This software component is licensed by ST under BSD 3-Clause license,
  30:Drivers/STM32F3xx_HAL_Driver/Src/stm32f3xx_hal_uart_ex.c ****   * the "License"; You may not use this file except in compliance with the
ARM GAS  /var/folders/jw/jcj5j9_530958b2rm5vp9wn00000gn/T//ccrfZdkj.s 			page 2


  31:Drivers/STM32F3xx_HAL_Driver/Src/stm32f3xx_hal_uart_ex.c ****   * License. You may obtain a copy of the License at:
  32:Drivers/STM32F3xx_HAL_Driver/Src/stm32f3xx_hal_uart_ex.c ****   *                        opensource.org/licenses/BSD-3-Clause
  33:Drivers/STM32F3xx_HAL_Driver/Src/stm32f3xx_hal_uart_ex.c ****   *
  34:Drivers/STM32F3xx_HAL_Driver/Src/stm32f3xx_hal_uart_ex.c ****   ******************************************************************************
  35:Drivers/STM32F3xx_HAL_Driver/Src/stm32f3xx_hal_uart_ex.c ****   */
  36:Drivers/STM32F3xx_HAL_Driver/Src/stm32f3xx_hal_uart_ex.c **** 
  37:Drivers/STM32F3xx_HAL_Driver/Src/stm32f3xx_hal_uart_ex.c **** /* Includes ------------------------------------------------------------------*/
  38:Drivers/STM32F3xx_HAL_Driver/Src/stm32f3xx_hal_uart_ex.c **** #include "stm32f3xx_hal.h"
  39:Drivers/STM32F3xx_HAL_Driver/Src/stm32f3xx_hal_uart_ex.c **** 
  40:Drivers/STM32F3xx_HAL_Driver/Src/stm32f3xx_hal_uart_ex.c **** /** @addtogroup STM32F3xx_HAL_Driver
  41:Drivers/STM32F3xx_HAL_Driver/Src/stm32f3xx_hal_uart_ex.c ****   * @{
  42:Drivers/STM32F3xx_HAL_Driver/Src/stm32f3xx_hal_uart_ex.c ****   */
  43:Drivers/STM32F3xx_HAL_Driver/Src/stm32f3xx_hal_uart_ex.c **** 
  44:Drivers/STM32F3xx_HAL_Driver/Src/stm32f3xx_hal_uart_ex.c **** /** @defgroup UARTEx UARTEx
  45:Drivers/STM32F3xx_HAL_Driver/Src/stm32f3xx_hal_uart_ex.c ****   * @brief UART Extended HAL module driver
  46:Drivers/STM32F3xx_HAL_Driver/Src/stm32f3xx_hal_uart_ex.c ****   * @{
  47:Drivers/STM32F3xx_HAL_Driver/Src/stm32f3xx_hal_uart_ex.c ****   */
  48:Drivers/STM32F3xx_HAL_Driver/Src/stm32f3xx_hal_uart_ex.c **** 
  49:Drivers/STM32F3xx_HAL_Driver/Src/stm32f3xx_hal_uart_ex.c **** #ifdef HAL_UART_MODULE_ENABLED
  50:Drivers/STM32F3xx_HAL_Driver/Src/stm32f3xx_hal_uart_ex.c **** 
  51:Drivers/STM32F3xx_HAL_Driver/Src/stm32f3xx_hal_uart_ex.c **** /* Private typedef -----------------------------------------------------------*/
  52:Drivers/STM32F3xx_HAL_Driver/Src/stm32f3xx_hal_uart_ex.c **** /* Private define ------------------------------------------------------------*/
  53:Drivers/STM32F3xx_HAL_Driver/Src/stm32f3xx_hal_uart_ex.c **** 
  54:Drivers/STM32F3xx_HAL_Driver/Src/stm32f3xx_hal_uart_ex.c **** /* Private macros ------------------------------------------------------------*/
  55:Drivers/STM32F3xx_HAL_Driver/Src/stm32f3xx_hal_uart_ex.c **** /* Private variables ---------------------------------------------------------*/
  56:Drivers/STM32F3xx_HAL_Driver/Src/stm32f3xx_hal_uart_ex.c **** /* Private function prototypes -----------------------------------------------*/
  57:Drivers/STM32F3xx_HAL_Driver/Src/stm32f3xx_hal_uart_ex.c **** /** @defgroup UARTEx_Private_Functions UARTEx Private Functions
  58:Drivers/STM32F3xx_HAL_Driver/Src/stm32f3xx_hal_uart_ex.c ****   * @{
  59:Drivers/STM32F3xx_HAL_Driver/Src/stm32f3xx_hal_uart_ex.c ****   */
  60:Drivers/STM32F3xx_HAL_Driver/Src/stm32f3xx_hal_uart_ex.c **** static void UARTEx_Wakeup_AddressConfig(UART_HandleTypeDef *huart, UART_WakeUpTypeDef WakeUpSelecti
  61:Drivers/STM32F3xx_HAL_Driver/Src/stm32f3xx_hal_uart_ex.c **** /**
  62:Drivers/STM32F3xx_HAL_Driver/Src/stm32f3xx_hal_uart_ex.c ****   * @}
  63:Drivers/STM32F3xx_HAL_Driver/Src/stm32f3xx_hal_uart_ex.c ****   */
  64:Drivers/STM32F3xx_HAL_Driver/Src/stm32f3xx_hal_uart_ex.c **** 
  65:Drivers/STM32F3xx_HAL_Driver/Src/stm32f3xx_hal_uart_ex.c **** /* Exported functions --------------------------------------------------------*/
  66:Drivers/STM32F3xx_HAL_Driver/Src/stm32f3xx_hal_uart_ex.c **** 
  67:Drivers/STM32F3xx_HAL_Driver/Src/stm32f3xx_hal_uart_ex.c **** /** @defgroup UARTEx_Exported_Functions  UARTEx Exported Functions
  68:Drivers/STM32F3xx_HAL_Driver/Src/stm32f3xx_hal_uart_ex.c ****   * @{
  69:Drivers/STM32F3xx_HAL_Driver/Src/stm32f3xx_hal_uart_ex.c ****   */
  70:Drivers/STM32F3xx_HAL_Driver/Src/stm32f3xx_hal_uart_ex.c **** 
  71:Drivers/STM32F3xx_HAL_Driver/Src/stm32f3xx_hal_uart_ex.c **** /** @defgroup UARTEx_Exported_Functions_Group1 Initialization and de-initialization functions
  72:Drivers/STM32F3xx_HAL_Driver/Src/stm32f3xx_hal_uart_ex.c ****   * @brief    Extended Initialization and Configuration Functions
  73:Drivers/STM32F3xx_HAL_Driver/Src/stm32f3xx_hal_uart_ex.c ****   *
  74:Drivers/STM32F3xx_HAL_Driver/Src/stm32f3xx_hal_uart_ex.c **** @verbatim
  75:Drivers/STM32F3xx_HAL_Driver/Src/stm32f3xx_hal_uart_ex.c **** ===============================================================================
  76:Drivers/STM32F3xx_HAL_Driver/Src/stm32f3xx_hal_uart_ex.c ****             ##### Initialization and Configuration functions #####
  77:Drivers/STM32F3xx_HAL_Driver/Src/stm32f3xx_hal_uart_ex.c ****  ===============================================================================
  78:Drivers/STM32F3xx_HAL_Driver/Src/stm32f3xx_hal_uart_ex.c ****     [..]
  79:Drivers/STM32F3xx_HAL_Driver/Src/stm32f3xx_hal_uart_ex.c ****     This subsection provides a set of functions allowing to initialize the USARTx or the UARTy
  80:Drivers/STM32F3xx_HAL_Driver/Src/stm32f3xx_hal_uart_ex.c ****     in asynchronous mode.
  81:Drivers/STM32F3xx_HAL_Driver/Src/stm32f3xx_hal_uart_ex.c ****       (+) For the asynchronous mode the parameters below can be configured:
  82:Drivers/STM32F3xx_HAL_Driver/Src/stm32f3xx_hal_uart_ex.c ****         (++) Baud Rate
  83:Drivers/STM32F3xx_HAL_Driver/Src/stm32f3xx_hal_uart_ex.c ****         (++) Word Length
  84:Drivers/STM32F3xx_HAL_Driver/Src/stm32f3xx_hal_uart_ex.c ****         (++) Stop Bit
  85:Drivers/STM32F3xx_HAL_Driver/Src/stm32f3xx_hal_uart_ex.c ****         (++) Parity: If the parity is enabled, then the MSB bit of the data written
  86:Drivers/STM32F3xx_HAL_Driver/Src/stm32f3xx_hal_uart_ex.c ****              in the data register is transmitted but is changed by the parity bit.
  87:Drivers/STM32F3xx_HAL_Driver/Src/stm32f3xx_hal_uart_ex.c ****         (++) Hardware flow control
ARM GAS  /var/folders/jw/jcj5j9_530958b2rm5vp9wn00000gn/T//ccrfZdkj.s 			page 3


  88:Drivers/STM32F3xx_HAL_Driver/Src/stm32f3xx_hal_uart_ex.c ****         (++) Receiver/transmitter modes
  89:Drivers/STM32F3xx_HAL_Driver/Src/stm32f3xx_hal_uart_ex.c ****         (++) Over Sampling Method
  90:Drivers/STM32F3xx_HAL_Driver/Src/stm32f3xx_hal_uart_ex.c ****         (++) One-Bit Sampling Method
  91:Drivers/STM32F3xx_HAL_Driver/Src/stm32f3xx_hal_uart_ex.c ****       (+) For the asynchronous mode, the following advanced features can be configured as well:
  92:Drivers/STM32F3xx_HAL_Driver/Src/stm32f3xx_hal_uart_ex.c ****         (++) TX and/or RX pin level inversion
  93:Drivers/STM32F3xx_HAL_Driver/Src/stm32f3xx_hal_uart_ex.c ****         (++) data logical level inversion
  94:Drivers/STM32F3xx_HAL_Driver/Src/stm32f3xx_hal_uart_ex.c ****         (++) RX and TX pins swap
  95:Drivers/STM32F3xx_HAL_Driver/Src/stm32f3xx_hal_uart_ex.c ****         (++) RX overrun detection disabling
  96:Drivers/STM32F3xx_HAL_Driver/Src/stm32f3xx_hal_uart_ex.c ****         (++) DMA disabling on RX error
  97:Drivers/STM32F3xx_HAL_Driver/Src/stm32f3xx_hal_uart_ex.c ****         (++) MSB first on communication line
  98:Drivers/STM32F3xx_HAL_Driver/Src/stm32f3xx_hal_uart_ex.c ****         (++) auto Baud rate detection
  99:Drivers/STM32F3xx_HAL_Driver/Src/stm32f3xx_hal_uart_ex.c ****     [..]
 100:Drivers/STM32F3xx_HAL_Driver/Src/stm32f3xx_hal_uart_ex.c ****     The HAL_RS485Ex_Init() API follows the UART RS485 mode configuration
 101:Drivers/STM32F3xx_HAL_Driver/Src/stm32f3xx_hal_uart_ex.c ****      procedures (details for the procedures are available in reference manual).
 102:Drivers/STM32F3xx_HAL_Driver/Src/stm32f3xx_hal_uart_ex.c **** 
 103:Drivers/STM32F3xx_HAL_Driver/Src/stm32f3xx_hal_uart_ex.c **** @endverbatim
 104:Drivers/STM32F3xx_HAL_Driver/Src/stm32f3xx_hal_uart_ex.c **** 
 105:Drivers/STM32F3xx_HAL_Driver/Src/stm32f3xx_hal_uart_ex.c ****   Depending on the frame length defined by the M1 and M0 bits (7-bit,
 106:Drivers/STM32F3xx_HAL_Driver/Src/stm32f3xx_hal_uart_ex.c ****   8-bit or 9-bit), the possible UART formats are listed in the
 107:Drivers/STM32F3xx_HAL_Driver/Src/stm32f3xx_hal_uart_ex.c ****   following table.
 108:Drivers/STM32F3xx_HAL_Driver/Src/stm32f3xx_hal_uart_ex.c **** 
 109:Drivers/STM32F3xx_HAL_Driver/Src/stm32f3xx_hal_uart_ex.c ****     Table 1. UART frame format.
 110:Drivers/STM32F3xx_HAL_Driver/Src/stm32f3xx_hal_uart_ex.c ****     +-----------------------------------------------------------------------+
 111:Drivers/STM32F3xx_HAL_Driver/Src/stm32f3xx_hal_uart_ex.c ****     |  M1 bit |  M0 bit |  PCE bit  |             UART frame                |
 112:Drivers/STM32F3xx_HAL_Driver/Src/stm32f3xx_hal_uart_ex.c ****     |---------|---------|-----------|---------------------------------------|
 113:Drivers/STM32F3xx_HAL_Driver/Src/stm32f3xx_hal_uart_ex.c ****     |    0    |    0    |    0      |    | SB |    8 bit data   | STB |     |
 114:Drivers/STM32F3xx_HAL_Driver/Src/stm32f3xx_hal_uart_ex.c ****     |---------|---------|-----------|---------------------------------------|
 115:Drivers/STM32F3xx_HAL_Driver/Src/stm32f3xx_hal_uart_ex.c ****     |    0    |    0    |    1      |    | SB | 7 bit data | PB | STB |     |
 116:Drivers/STM32F3xx_HAL_Driver/Src/stm32f3xx_hal_uart_ex.c ****     |---------|---------|-----------|---------------------------------------|
 117:Drivers/STM32F3xx_HAL_Driver/Src/stm32f3xx_hal_uart_ex.c ****     |    0    |    1    |    0      |    | SB |    9 bit data   | STB |     |
 118:Drivers/STM32F3xx_HAL_Driver/Src/stm32f3xx_hal_uart_ex.c ****     |---------|---------|-----------|---------------------------------------|
 119:Drivers/STM32F3xx_HAL_Driver/Src/stm32f3xx_hal_uart_ex.c ****     |    0    |    1    |    1      |    | SB | 8 bit data | PB | STB |     |
 120:Drivers/STM32F3xx_HAL_Driver/Src/stm32f3xx_hal_uart_ex.c ****     |---------|---------|-----------|---------------------------------------|
 121:Drivers/STM32F3xx_HAL_Driver/Src/stm32f3xx_hal_uart_ex.c ****     |    1    |    0    |    0      |    | SB |    7 bit data   | STB |     |
 122:Drivers/STM32F3xx_HAL_Driver/Src/stm32f3xx_hal_uart_ex.c ****     |---------|---------|-----------|---------------------------------------|
 123:Drivers/STM32F3xx_HAL_Driver/Src/stm32f3xx_hal_uart_ex.c ****     |    1    |    0    |    1      |    | SB | 6 bit data | PB | STB |     |
 124:Drivers/STM32F3xx_HAL_Driver/Src/stm32f3xx_hal_uart_ex.c ****     +-----------------------------------------------------------------------+
 125:Drivers/STM32F3xx_HAL_Driver/Src/stm32f3xx_hal_uart_ex.c **** 
 126:Drivers/STM32F3xx_HAL_Driver/Src/stm32f3xx_hal_uart_ex.c ****   * @{
 127:Drivers/STM32F3xx_HAL_Driver/Src/stm32f3xx_hal_uart_ex.c ****   */
 128:Drivers/STM32F3xx_HAL_Driver/Src/stm32f3xx_hal_uart_ex.c **** 
 129:Drivers/STM32F3xx_HAL_Driver/Src/stm32f3xx_hal_uart_ex.c **** /**
 130:Drivers/STM32F3xx_HAL_Driver/Src/stm32f3xx_hal_uart_ex.c ****   * @brief Initialize the RS485 Driver enable feature according to the specified
 131:Drivers/STM32F3xx_HAL_Driver/Src/stm32f3xx_hal_uart_ex.c ****   *         parameters in the UART_InitTypeDef and creates the associated handle.
 132:Drivers/STM32F3xx_HAL_Driver/Src/stm32f3xx_hal_uart_ex.c ****   * @param huart            UART handle.
 133:Drivers/STM32F3xx_HAL_Driver/Src/stm32f3xx_hal_uart_ex.c ****   * @param Polarity         Select the driver enable polarity.
 134:Drivers/STM32F3xx_HAL_Driver/Src/stm32f3xx_hal_uart_ex.c ****   *          This parameter can be one of the following values:
 135:Drivers/STM32F3xx_HAL_Driver/Src/stm32f3xx_hal_uart_ex.c ****   *          @arg @ref UART_DE_POLARITY_HIGH DE signal is active high
 136:Drivers/STM32F3xx_HAL_Driver/Src/stm32f3xx_hal_uart_ex.c ****   *          @arg @ref UART_DE_POLARITY_LOW  DE signal is active low
 137:Drivers/STM32F3xx_HAL_Driver/Src/stm32f3xx_hal_uart_ex.c ****   * @param AssertionTime    Driver Enable assertion time:
 138:Drivers/STM32F3xx_HAL_Driver/Src/stm32f3xx_hal_uart_ex.c ****   *       5-bit value defining the time between the activation of the DE (Driver Enable)
 139:Drivers/STM32F3xx_HAL_Driver/Src/stm32f3xx_hal_uart_ex.c ****   *       signal and the beginning of the start bit. It is expressed in sample time
 140:Drivers/STM32F3xx_HAL_Driver/Src/stm32f3xx_hal_uart_ex.c ****   *       units (1/8 or 1/16 bit time, depending on the oversampling rate)
 141:Drivers/STM32F3xx_HAL_Driver/Src/stm32f3xx_hal_uart_ex.c ****   * @param DeassertionTime  Driver Enable deassertion time:
 142:Drivers/STM32F3xx_HAL_Driver/Src/stm32f3xx_hal_uart_ex.c ****   *       5-bit value defining the time between the end of the last stop bit, in a
 143:Drivers/STM32F3xx_HAL_Driver/Src/stm32f3xx_hal_uart_ex.c ****   *       transmitted message, and the de-activation of the DE (Driver Enable) signal.
 144:Drivers/STM32F3xx_HAL_Driver/Src/stm32f3xx_hal_uart_ex.c ****   *       It is expressed in sample time units (1/8 or 1/16 bit time, depending on the
ARM GAS  /var/folders/jw/jcj5j9_530958b2rm5vp9wn00000gn/T//ccrfZdkj.s 			page 4


 145:Drivers/STM32F3xx_HAL_Driver/Src/stm32f3xx_hal_uart_ex.c ****   *       oversampling rate).
 146:Drivers/STM32F3xx_HAL_Driver/Src/stm32f3xx_hal_uart_ex.c ****   * @retval HAL status
 147:Drivers/STM32F3xx_HAL_Driver/Src/stm32f3xx_hal_uart_ex.c ****   */
 148:Drivers/STM32F3xx_HAL_Driver/Src/stm32f3xx_hal_uart_ex.c **** HAL_StatusTypeDef HAL_RS485Ex_Init(UART_HandleTypeDef *huart, uint32_t Polarity, uint32_t Assertion
 149:Drivers/STM32F3xx_HAL_Driver/Src/stm32f3xx_hal_uart_ex.c ****                                    uint32_t DeassertionTime)
 150:Drivers/STM32F3xx_HAL_Driver/Src/stm32f3xx_hal_uart_ex.c **** {
 151:Drivers/STM32F3xx_HAL_Driver/Src/stm32f3xx_hal_uart_ex.c ****   uint32_t temp;
 152:Drivers/STM32F3xx_HAL_Driver/Src/stm32f3xx_hal_uart_ex.c **** 
 153:Drivers/STM32F3xx_HAL_Driver/Src/stm32f3xx_hal_uart_ex.c ****   /* Check the UART handle allocation */
 154:Drivers/STM32F3xx_HAL_Driver/Src/stm32f3xx_hal_uart_ex.c ****   if (huart == NULL)
 155:Drivers/STM32F3xx_HAL_Driver/Src/stm32f3xx_hal_uart_ex.c ****   {
 156:Drivers/STM32F3xx_HAL_Driver/Src/stm32f3xx_hal_uart_ex.c ****     return HAL_ERROR;
 157:Drivers/STM32F3xx_HAL_Driver/Src/stm32f3xx_hal_uart_ex.c ****   }
 158:Drivers/STM32F3xx_HAL_Driver/Src/stm32f3xx_hal_uart_ex.c ****   /* Check the Driver Enable UART instance */
 159:Drivers/STM32F3xx_HAL_Driver/Src/stm32f3xx_hal_uart_ex.c ****   assert_param(IS_UART_DRIVER_ENABLE_INSTANCE(huart->Instance));
 160:Drivers/STM32F3xx_HAL_Driver/Src/stm32f3xx_hal_uart_ex.c **** 
 161:Drivers/STM32F3xx_HAL_Driver/Src/stm32f3xx_hal_uart_ex.c ****   /* Check the Driver Enable polarity */
 162:Drivers/STM32F3xx_HAL_Driver/Src/stm32f3xx_hal_uart_ex.c ****   assert_param(IS_UART_DE_POLARITY(Polarity));
 163:Drivers/STM32F3xx_HAL_Driver/Src/stm32f3xx_hal_uart_ex.c **** 
 164:Drivers/STM32F3xx_HAL_Driver/Src/stm32f3xx_hal_uart_ex.c ****   /* Check the Driver Enable assertion time */
 165:Drivers/STM32F3xx_HAL_Driver/Src/stm32f3xx_hal_uart_ex.c ****   assert_param(IS_UART_ASSERTIONTIME(AssertionTime));
 166:Drivers/STM32F3xx_HAL_Driver/Src/stm32f3xx_hal_uart_ex.c **** 
 167:Drivers/STM32F3xx_HAL_Driver/Src/stm32f3xx_hal_uart_ex.c ****   /* Check the Driver Enable deassertion time */
 168:Drivers/STM32F3xx_HAL_Driver/Src/stm32f3xx_hal_uart_ex.c ****   assert_param(IS_UART_DEASSERTIONTIME(DeassertionTime));
 169:Drivers/STM32F3xx_HAL_Driver/Src/stm32f3xx_hal_uart_ex.c **** 
 170:Drivers/STM32F3xx_HAL_Driver/Src/stm32f3xx_hal_uart_ex.c ****   if (huart->gState == HAL_UART_STATE_RESET)
 171:Drivers/STM32F3xx_HAL_Driver/Src/stm32f3xx_hal_uart_ex.c ****   {
 172:Drivers/STM32F3xx_HAL_Driver/Src/stm32f3xx_hal_uart_ex.c ****     /* Allocate lock resource and initialize it */
 173:Drivers/STM32F3xx_HAL_Driver/Src/stm32f3xx_hal_uart_ex.c ****     huart->Lock = HAL_UNLOCKED;
 174:Drivers/STM32F3xx_HAL_Driver/Src/stm32f3xx_hal_uart_ex.c **** 
 175:Drivers/STM32F3xx_HAL_Driver/Src/stm32f3xx_hal_uart_ex.c **** #if (USE_HAL_UART_REGISTER_CALLBACKS == 1)
 176:Drivers/STM32F3xx_HAL_Driver/Src/stm32f3xx_hal_uart_ex.c ****     UART_InitCallbacksToDefault(huart);
 177:Drivers/STM32F3xx_HAL_Driver/Src/stm32f3xx_hal_uart_ex.c **** 
 178:Drivers/STM32F3xx_HAL_Driver/Src/stm32f3xx_hal_uart_ex.c ****     if (huart->MspInitCallback == NULL)
 179:Drivers/STM32F3xx_HAL_Driver/Src/stm32f3xx_hal_uart_ex.c ****     {
 180:Drivers/STM32F3xx_HAL_Driver/Src/stm32f3xx_hal_uart_ex.c ****       huart->MspInitCallback = HAL_UART_MspInit;
 181:Drivers/STM32F3xx_HAL_Driver/Src/stm32f3xx_hal_uart_ex.c ****     }
 182:Drivers/STM32F3xx_HAL_Driver/Src/stm32f3xx_hal_uart_ex.c **** 
 183:Drivers/STM32F3xx_HAL_Driver/Src/stm32f3xx_hal_uart_ex.c ****     /* Init the low level hardware */
 184:Drivers/STM32F3xx_HAL_Driver/Src/stm32f3xx_hal_uart_ex.c ****     huart->MspInitCallback(huart);
 185:Drivers/STM32F3xx_HAL_Driver/Src/stm32f3xx_hal_uart_ex.c **** #else
 186:Drivers/STM32F3xx_HAL_Driver/Src/stm32f3xx_hal_uart_ex.c ****     /* Init the low level hardware : GPIO, CLOCK, CORTEX */
 187:Drivers/STM32F3xx_HAL_Driver/Src/stm32f3xx_hal_uart_ex.c ****     HAL_UART_MspInit(huart);
 188:Drivers/STM32F3xx_HAL_Driver/Src/stm32f3xx_hal_uart_ex.c **** #endif /* (USE_HAL_UART_REGISTER_CALLBACKS) */
 189:Drivers/STM32F3xx_HAL_Driver/Src/stm32f3xx_hal_uart_ex.c ****   }
 190:Drivers/STM32F3xx_HAL_Driver/Src/stm32f3xx_hal_uart_ex.c **** 
 191:Drivers/STM32F3xx_HAL_Driver/Src/stm32f3xx_hal_uart_ex.c ****   huart->gState = HAL_UART_STATE_BUSY;
 192:Drivers/STM32F3xx_HAL_Driver/Src/stm32f3xx_hal_uart_ex.c **** 
 193:Drivers/STM32F3xx_HAL_Driver/Src/stm32f3xx_hal_uart_ex.c ****   /* Disable the Peripheral */
 194:Drivers/STM32F3xx_HAL_Driver/Src/stm32f3xx_hal_uart_ex.c ****   __HAL_UART_DISABLE(huart);
 195:Drivers/STM32F3xx_HAL_Driver/Src/stm32f3xx_hal_uart_ex.c **** 
 196:Drivers/STM32F3xx_HAL_Driver/Src/stm32f3xx_hal_uart_ex.c ****   /* Set the UART Communication parameters */
 197:Drivers/STM32F3xx_HAL_Driver/Src/stm32f3xx_hal_uart_ex.c ****   if (UART_SetConfig(huart) == HAL_ERROR)
 198:Drivers/STM32F3xx_HAL_Driver/Src/stm32f3xx_hal_uart_ex.c ****   {
 199:Drivers/STM32F3xx_HAL_Driver/Src/stm32f3xx_hal_uart_ex.c ****     return HAL_ERROR;
 200:Drivers/STM32F3xx_HAL_Driver/Src/stm32f3xx_hal_uart_ex.c ****   }
 201:Drivers/STM32F3xx_HAL_Driver/Src/stm32f3xx_hal_uart_ex.c **** 
ARM GAS  /var/folders/jw/jcj5j9_530958b2rm5vp9wn00000gn/T//ccrfZdkj.s 			page 5


 202:Drivers/STM32F3xx_HAL_Driver/Src/stm32f3xx_hal_uart_ex.c ****   if (huart->AdvancedInit.AdvFeatureInit != UART_ADVFEATURE_NO_INIT)
 203:Drivers/STM32F3xx_HAL_Driver/Src/stm32f3xx_hal_uart_ex.c ****   {
 204:Drivers/STM32F3xx_HAL_Driver/Src/stm32f3xx_hal_uart_ex.c ****     UART_AdvFeatureConfig(huart);
 205:Drivers/STM32F3xx_HAL_Driver/Src/stm32f3xx_hal_uart_ex.c ****   }
 206:Drivers/STM32F3xx_HAL_Driver/Src/stm32f3xx_hal_uart_ex.c **** 
 207:Drivers/STM32F3xx_HAL_Driver/Src/stm32f3xx_hal_uart_ex.c ****   /* Enable the Driver Enable mode by setting the DEM bit in the CR3 register */
 208:Drivers/STM32F3xx_HAL_Driver/Src/stm32f3xx_hal_uart_ex.c ****   SET_BIT(huart->Instance->CR3, USART_CR3_DEM);
 209:Drivers/STM32F3xx_HAL_Driver/Src/stm32f3xx_hal_uart_ex.c **** 
 210:Drivers/STM32F3xx_HAL_Driver/Src/stm32f3xx_hal_uart_ex.c ****   /* Set the Driver Enable polarity */
 211:Drivers/STM32F3xx_HAL_Driver/Src/stm32f3xx_hal_uart_ex.c ****   MODIFY_REG(huart->Instance->CR3, USART_CR3_DEP, Polarity);
 212:Drivers/STM32F3xx_HAL_Driver/Src/stm32f3xx_hal_uart_ex.c **** 
 213:Drivers/STM32F3xx_HAL_Driver/Src/stm32f3xx_hal_uart_ex.c ****   /* Set the Driver Enable assertion and deassertion times */
 214:Drivers/STM32F3xx_HAL_Driver/Src/stm32f3xx_hal_uart_ex.c ****   temp = (AssertionTime << UART_CR1_DEAT_ADDRESS_LSB_POS);
 215:Drivers/STM32F3xx_HAL_Driver/Src/stm32f3xx_hal_uart_ex.c ****   temp |= (DeassertionTime << UART_CR1_DEDT_ADDRESS_LSB_POS);
 216:Drivers/STM32F3xx_HAL_Driver/Src/stm32f3xx_hal_uart_ex.c ****   MODIFY_REG(huart->Instance->CR1, (USART_CR1_DEDT | USART_CR1_DEAT), temp);
 217:Drivers/STM32F3xx_HAL_Driver/Src/stm32f3xx_hal_uart_ex.c **** 
 218:Drivers/STM32F3xx_HAL_Driver/Src/stm32f3xx_hal_uart_ex.c ****   /* Enable the Peripheral */
 219:Drivers/STM32F3xx_HAL_Driver/Src/stm32f3xx_hal_uart_ex.c ****   __HAL_UART_ENABLE(huart);
 220:Drivers/STM32F3xx_HAL_Driver/Src/stm32f3xx_hal_uart_ex.c **** 
 221:Drivers/STM32F3xx_HAL_Driver/Src/stm32f3xx_hal_uart_ex.c ****   /* TEACK and/or REACK to check before moving huart->gState and huart->RxState to Ready */
 222:Drivers/STM32F3xx_HAL_Driver/Src/stm32f3xx_hal_uart_ex.c ****   return (UART_CheckIdleState(huart));
 223:Drivers/STM32F3xx_HAL_Driver/Src/stm32f3xx_hal_uart_ex.c **** }
 224:Drivers/STM32F3xx_HAL_Driver/Src/stm32f3xx_hal_uart_ex.c **** 
 225:Drivers/STM32F3xx_HAL_Driver/Src/stm32f3xx_hal_uart_ex.c **** /**
 226:Drivers/STM32F3xx_HAL_Driver/Src/stm32f3xx_hal_uart_ex.c ****   * @}
 227:Drivers/STM32F3xx_HAL_Driver/Src/stm32f3xx_hal_uart_ex.c ****   */
 228:Drivers/STM32F3xx_HAL_Driver/Src/stm32f3xx_hal_uart_ex.c **** 
 229:Drivers/STM32F3xx_HAL_Driver/Src/stm32f3xx_hal_uart_ex.c **** /** @defgroup UARTEx_Exported_Functions_Group2 IO operation functions
 230:Drivers/STM32F3xx_HAL_Driver/Src/stm32f3xx_hal_uart_ex.c ****   *  @brief Extended functions
 231:Drivers/STM32F3xx_HAL_Driver/Src/stm32f3xx_hal_uart_ex.c ****   *
 232:Drivers/STM32F3xx_HAL_Driver/Src/stm32f3xx_hal_uart_ex.c **** @verbatim
 233:Drivers/STM32F3xx_HAL_Driver/Src/stm32f3xx_hal_uart_ex.c ****  ===============================================================================
 234:Drivers/STM32F3xx_HAL_Driver/Src/stm32f3xx_hal_uart_ex.c ****                       ##### IO operation functions #####
 235:Drivers/STM32F3xx_HAL_Driver/Src/stm32f3xx_hal_uart_ex.c ****  ===============================================================================
 236:Drivers/STM32F3xx_HAL_Driver/Src/stm32f3xx_hal_uart_ex.c ****     This subsection provides a set of Wakeup and FIFO mode related callback functions.
 237:Drivers/STM32F3xx_HAL_Driver/Src/stm32f3xx_hal_uart_ex.c **** 
 238:Drivers/STM32F3xx_HAL_Driver/Src/stm32f3xx_hal_uart_ex.c ****     (#) Wakeup from Stop mode Callback:
 239:Drivers/STM32F3xx_HAL_Driver/Src/stm32f3xx_hal_uart_ex.c ****         (+) HAL_UARTEx_WakeupCallback()
 240:Drivers/STM32F3xx_HAL_Driver/Src/stm32f3xx_hal_uart_ex.c **** 
 241:Drivers/STM32F3xx_HAL_Driver/Src/stm32f3xx_hal_uart_ex.c **** @endverbatim
 242:Drivers/STM32F3xx_HAL_Driver/Src/stm32f3xx_hal_uart_ex.c ****   * @{
 243:Drivers/STM32F3xx_HAL_Driver/Src/stm32f3xx_hal_uart_ex.c ****   */
 244:Drivers/STM32F3xx_HAL_Driver/Src/stm32f3xx_hal_uart_ex.c **** 
 245:Drivers/STM32F3xx_HAL_Driver/Src/stm32f3xx_hal_uart_ex.c **** /**
 246:Drivers/STM32F3xx_HAL_Driver/Src/stm32f3xx_hal_uart_ex.c ****   * @brief UART wakeup from Stop mode callback.
 247:Drivers/STM32F3xx_HAL_Driver/Src/stm32f3xx_hal_uart_ex.c ****   * @param huart UART handle.
 248:Drivers/STM32F3xx_HAL_Driver/Src/stm32f3xx_hal_uart_ex.c ****   * @retval None
 249:Drivers/STM32F3xx_HAL_Driver/Src/stm32f3xx_hal_uart_ex.c ****   */
 250:Drivers/STM32F3xx_HAL_Driver/Src/stm32f3xx_hal_uart_ex.c **** __weak void HAL_UARTEx_WakeupCallback(UART_HandleTypeDef *huart)
 251:Drivers/STM32F3xx_HAL_Driver/Src/stm32f3xx_hal_uart_ex.c **** {
 252:Drivers/STM32F3xx_HAL_Driver/Src/stm32f3xx_hal_uart_ex.c ****   /* Prevent unused argument(s) compilation warning */
 253:Drivers/STM32F3xx_HAL_Driver/Src/stm32f3xx_hal_uart_ex.c ****   UNUSED(huart);
 254:Drivers/STM32F3xx_HAL_Driver/Src/stm32f3xx_hal_uart_ex.c **** 
 255:Drivers/STM32F3xx_HAL_Driver/Src/stm32f3xx_hal_uart_ex.c ****   /* NOTE : This function should not be modified, when the callback is needed,
 256:Drivers/STM32F3xx_HAL_Driver/Src/stm32f3xx_hal_uart_ex.c ****             the HAL_UARTEx_WakeupCallback can be implemented in the user file.
 257:Drivers/STM32F3xx_HAL_Driver/Src/stm32f3xx_hal_uart_ex.c ****    */
 258:Drivers/STM32F3xx_HAL_Driver/Src/stm32f3xx_hal_uart_ex.c **** }
ARM GAS  /var/folders/jw/jcj5j9_530958b2rm5vp9wn00000gn/T//ccrfZdkj.s 			page 6


 259:Drivers/STM32F3xx_HAL_Driver/Src/stm32f3xx_hal_uart_ex.c **** 
 260:Drivers/STM32F3xx_HAL_Driver/Src/stm32f3xx_hal_uart_ex.c **** 
 261:Drivers/STM32F3xx_HAL_Driver/Src/stm32f3xx_hal_uart_ex.c **** /**
 262:Drivers/STM32F3xx_HAL_Driver/Src/stm32f3xx_hal_uart_ex.c ****   * @}
 263:Drivers/STM32F3xx_HAL_Driver/Src/stm32f3xx_hal_uart_ex.c ****   */
 264:Drivers/STM32F3xx_HAL_Driver/Src/stm32f3xx_hal_uart_ex.c **** 
 265:Drivers/STM32F3xx_HAL_Driver/Src/stm32f3xx_hal_uart_ex.c **** /** @defgroup UARTEx_Exported_Functions_Group3 Peripheral Control functions
 266:Drivers/STM32F3xx_HAL_Driver/Src/stm32f3xx_hal_uart_ex.c ****   * @brief    Extended Peripheral Control functions
 267:Drivers/STM32F3xx_HAL_Driver/Src/stm32f3xx_hal_uart_ex.c ****   *
 268:Drivers/STM32F3xx_HAL_Driver/Src/stm32f3xx_hal_uart_ex.c **** @verbatim
 269:Drivers/STM32F3xx_HAL_Driver/Src/stm32f3xx_hal_uart_ex.c ****  ===============================================================================
 270:Drivers/STM32F3xx_HAL_Driver/Src/stm32f3xx_hal_uart_ex.c ****                       ##### Peripheral Control functions #####
 271:Drivers/STM32F3xx_HAL_Driver/Src/stm32f3xx_hal_uart_ex.c ****  ===============================================================================
 272:Drivers/STM32F3xx_HAL_Driver/Src/stm32f3xx_hal_uart_ex.c ****     [..] This section provides the following functions:
 273:Drivers/STM32F3xx_HAL_Driver/Src/stm32f3xx_hal_uart_ex.c ****      (+) HAL_MultiProcessorEx_AddressLength_Set() API optionally sets the UART node address
 274:Drivers/STM32F3xx_HAL_Driver/Src/stm32f3xx_hal_uart_ex.c ****          detection length to more than 4 bits for multiprocessor address mark wake up.
 275:Drivers/STM32F3xx_HAL_Driver/Src/stm32f3xx_hal_uart_ex.c ****      (+) HAL_UARTEx_StopModeWakeUpSourceConfig() API defines the wake-up from stop mode
 276:Drivers/STM32F3xx_HAL_Driver/Src/stm32f3xx_hal_uart_ex.c ****          trigger: address match, Start Bit detection or RXNE bit status.
 277:Drivers/STM32F3xx_HAL_Driver/Src/stm32f3xx_hal_uart_ex.c ****      (+) HAL_UARTEx_EnableStopMode() API enables the UART to wake up the MCU from stop mode
 278:Drivers/STM32F3xx_HAL_Driver/Src/stm32f3xx_hal_uart_ex.c ****      (+) HAL_UARTEx_DisableStopMode() API disables the above functionality
 279:Drivers/STM32F3xx_HAL_Driver/Src/stm32f3xx_hal_uart_ex.c **** 
 280:Drivers/STM32F3xx_HAL_Driver/Src/stm32f3xx_hal_uart_ex.c **** @endverbatim
 281:Drivers/STM32F3xx_HAL_Driver/Src/stm32f3xx_hal_uart_ex.c ****   * @{
 282:Drivers/STM32F3xx_HAL_Driver/Src/stm32f3xx_hal_uart_ex.c ****   */
 283:Drivers/STM32F3xx_HAL_Driver/Src/stm32f3xx_hal_uart_ex.c **** 
 284:Drivers/STM32F3xx_HAL_Driver/Src/stm32f3xx_hal_uart_ex.c **** /**
 285:Drivers/STM32F3xx_HAL_Driver/Src/stm32f3xx_hal_uart_ex.c ****   * @brief By default in multiprocessor mode, when the wake up method is set
 286:Drivers/STM32F3xx_HAL_Driver/Src/stm32f3xx_hal_uart_ex.c ****   *        to address mark, the UART handles only 4-bit long addresses detection;
 287:Drivers/STM32F3xx_HAL_Driver/Src/stm32f3xx_hal_uart_ex.c ****   *        this API allows to enable longer addresses detection (6-, 7- or 8-bit
 288:Drivers/STM32F3xx_HAL_Driver/Src/stm32f3xx_hal_uart_ex.c ****   *        long).
 289:Drivers/STM32F3xx_HAL_Driver/Src/stm32f3xx_hal_uart_ex.c ****   * @note  Addresses detection lengths are: 6-bit address detection in 7-bit data mode,
 290:Drivers/STM32F3xx_HAL_Driver/Src/stm32f3xx_hal_uart_ex.c ****   *        7-bit address detection in 8-bit data mode, 8-bit address detection in 9-bit data mode.
 291:Drivers/STM32F3xx_HAL_Driver/Src/stm32f3xx_hal_uart_ex.c ****   * @param huart         UART handle.
 292:Drivers/STM32F3xx_HAL_Driver/Src/stm32f3xx_hal_uart_ex.c ****   * @param AddressLength This parameter can be one of the following values:
 293:Drivers/STM32F3xx_HAL_Driver/Src/stm32f3xx_hal_uart_ex.c ****   *          @arg @ref UART_ADDRESS_DETECT_4B 4-bit long address
 294:Drivers/STM32F3xx_HAL_Driver/Src/stm32f3xx_hal_uart_ex.c ****   *          @arg @ref UART_ADDRESS_DETECT_7B 6-, 7- or 8-bit long address
 295:Drivers/STM32F3xx_HAL_Driver/Src/stm32f3xx_hal_uart_ex.c ****   * @retval HAL status
 296:Drivers/STM32F3xx_HAL_Driver/Src/stm32f3xx_hal_uart_ex.c ****   */
 297:Drivers/STM32F3xx_HAL_Driver/Src/stm32f3xx_hal_uart_ex.c **** HAL_StatusTypeDef HAL_MultiProcessorEx_AddressLength_Set(UART_HandleTypeDef *huart, uint32_t Addres
 298:Drivers/STM32F3xx_HAL_Driver/Src/stm32f3xx_hal_uart_ex.c **** {
 299:Drivers/STM32F3xx_HAL_Driver/Src/stm32f3xx_hal_uart_ex.c ****   /* Check the UART handle allocation */
 300:Drivers/STM32F3xx_HAL_Driver/Src/stm32f3xx_hal_uart_ex.c ****   if (huart == NULL)
 301:Drivers/STM32F3xx_HAL_Driver/Src/stm32f3xx_hal_uart_ex.c ****   {
 302:Drivers/STM32F3xx_HAL_Driver/Src/stm32f3xx_hal_uart_ex.c ****     return HAL_ERROR;
 303:Drivers/STM32F3xx_HAL_Driver/Src/stm32f3xx_hal_uart_ex.c ****   }
 304:Drivers/STM32F3xx_HAL_Driver/Src/stm32f3xx_hal_uart_ex.c **** 
 305:Drivers/STM32F3xx_HAL_Driver/Src/stm32f3xx_hal_uart_ex.c ****   /* Check the address length parameter */
 306:Drivers/STM32F3xx_HAL_Driver/Src/stm32f3xx_hal_uart_ex.c ****   assert_param(IS_UART_ADDRESSLENGTH_DETECT(AddressLength));
 307:Drivers/STM32F3xx_HAL_Driver/Src/stm32f3xx_hal_uart_ex.c **** 
 308:Drivers/STM32F3xx_HAL_Driver/Src/stm32f3xx_hal_uart_ex.c ****   huart->gState = HAL_UART_STATE_BUSY;
 309:Drivers/STM32F3xx_HAL_Driver/Src/stm32f3xx_hal_uart_ex.c **** 
 310:Drivers/STM32F3xx_HAL_Driver/Src/stm32f3xx_hal_uart_ex.c ****   /* Disable the Peripheral */
 311:Drivers/STM32F3xx_HAL_Driver/Src/stm32f3xx_hal_uart_ex.c ****   __HAL_UART_DISABLE(huart);
 312:Drivers/STM32F3xx_HAL_Driver/Src/stm32f3xx_hal_uart_ex.c **** 
 313:Drivers/STM32F3xx_HAL_Driver/Src/stm32f3xx_hal_uart_ex.c ****   /* Set the address length */
 314:Drivers/STM32F3xx_HAL_Driver/Src/stm32f3xx_hal_uart_ex.c ****   MODIFY_REG(huart->Instance->CR2, USART_CR2_ADDM7, AddressLength);
 315:Drivers/STM32F3xx_HAL_Driver/Src/stm32f3xx_hal_uart_ex.c **** 
ARM GAS  /var/folders/jw/jcj5j9_530958b2rm5vp9wn00000gn/T//ccrfZdkj.s 			page 7


 316:Drivers/STM32F3xx_HAL_Driver/Src/stm32f3xx_hal_uart_ex.c ****   /* Enable the Peripheral */
 317:Drivers/STM32F3xx_HAL_Driver/Src/stm32f3xx_hal_uart_ex.c ****   __HAL_UART_ENABLE(huart);
 318:Drivers/STM32F3xx_HAL_Driver/Src/stm32f3xx_hal_uart_ex.c **** 
 319:Drivers/STM32F3xx_HAL_Driver/Src/stm32f3xx_hal_uart_ex.c ****   /* TEACK and/or REACK to check before moving huart->gState to Ready */
 320:Drivers/STM32F3xx_HAL_Driver/Src/stm32f3xx_hal_uart_ex.c ****   return (UART_CheckIdleState(huart));
 321:Drivers/STM32F3xx_HAL_Driver/Src/stm32f3xx_hal_uart_ex.c **** }
 322:Drivers/STM32F3xx_HAL_Driver/Src/stm32f3xx_hal_uart_ex.c **** 
 323:Drivers/STM32F3xx_HAL_Driver/Src/stm32f3xx_hal_uart_ex.c **** /**
 324:Drivers/STM32F3xx_HAL_Driver/Src/stm32f3xx_hal_uart_ex.c ****   * @brief Set Wakeup from Stop mode interrupt flag selection.
 325:Drivers/STM32F3xx_HAL_Driver/Src/stm32f3xx_hal_uart_ex.c ****   * @note It is the application responsibility to enable the interrupt used as
 326:Drivers/STM32F3xx_HAL_Driver/Src/stm32f3xx_hal_uart_ex.c ****   *       usart_wkup interrupt source before entering low-power mode.
 327:Drivers/STM32F3xx_HAL_Driver/Src/stm32f3xx_hal_uart_ex.c ****   * @param huart           UART handle.
 328:Drivers/STM32F3xx_HAL_Driver/Src/stm32f3xx_hal_uart_ex.c ****   * @param WakeUpSelection Address match, Start Bit detection or RXNE/RXFNE bit status.
 329:Drivers/STM32F3xx_HAL_Driver/Src/stm32f3xx_hal_uart_ex.c ****   *          This parameter can be one of the following values:
 330:Drivers/STM32F3xx_HAL_Driver/Src/stm32f3xx_hal_uart_ex.c ****   *          @arg @ref UART_WAKEUP_ON_ADDRESS
 331:Drivers/STM32F3xx_HAL_Driver/Src/stm32f3xx_hal_uart_ex.c ****   *          @arg @ref UART_WAKEUP_ON_STARTBIT
 332:Drivers/STM32F3xx_HAL_Driver/Src/stm32f3xx_hal_uart_ex.c ****   *          @arg @ref UART_WAKEUP_ON_READDATA_NONEMPTY
 333:Drivers/STM32F3xx_HAL_Driver/Src/stm32f3xx_hal_uart_ex.c ****   * @retval HAL status
 334:Drivers/STM32F3xx_HAL_Driver/Src/stm32f3xx_hal_uart_ex.c ****   */
 335:Drivers/STM32F3xx_HAL_Driver/Src/stm32f3xx_hal_uart_ex.c **** HAL_StatusTypeDef HAL_UARTEx_StopModeWakeUpSourceConfig(UART_HandleTypeDef *huart, UART_WakeUpTypeD
 336:Drivers/STM32F3xx_HAL_Driver/Src/stm32f3xx_hal_uart_ex.c **** {
 337:Drivers/STM32F3xx_HAL_Driver/Src/stm32f3xx_hal_uart_ex.c ****   HAL_StatusTypeDef status = HAL_OK;
 338:Drivers/STM32F3xx_HAL_Driver/Src/stm32f3xx_hal_uart_ex.c ****   uint32_t tickstart;
 339:Drivers/STM32F3xx_HAL_Driver/Src/stm32f3xx_hal_uart_ex.c **** 
 340:Drivers/STM32F3xx_HAL_Driver/Src/stm32f3xx_hal_uart_ex.c ****   /* check the wake-up from stop mode UART instance */
 341:Drivers/STM32F3xx_HAL_Driver/Src/stm32f3xx_hal_uart_ex.c ****   assert_param(IS_UART_WAKEUP_FROMSTOP_INSTANCE(huart->Instance));
 342:Drivers/STM32F3xx_HAL_Driver/Src/stm32f3xx_hal_uart_ex.c ****   /* check the wake-up selection parameter */
 343:Drivers/STM32F3xx_HAL_Driver/Src/stm32f3xx_hal_uart_ex.c ****   assert_param(IS_UART_WAKEUP_SELECTION(WakeUpSelection.WakeUpEvent));
 344:Drivers/STM32F3xx_HAL_Driver/Src/stm32f3xx_hal_uart_ex.c **** 
 345:Drivers/STM32F3xx_HAL_Driver/Src/stm32f3xx_hal_uart_ex.c ****   /* Process Locked */
 346:Drivers/STM32F3xx_HAL_Driver/Src/stm32f3xx_hal_uart_ex.c ****   __HAL_LOCK(huart);
 347:Drivers/STM32F3xx_HAL_Driver/Src/stm32f3xx_hal_uart_ex.c **** 
 348:Drivers/STM32F3xx_HAL_Driver/Src/stm32f3xx_hal_uart_ex.c ****   huart->gState = HAL_UART_STATE_BUSY;
 349:Drivers/STM32F3xx_HAL_Driver/Src/stm32f3xx_hal_uart_ex.c **** 
 350:Drivers/STM32F3xx_HAL_Driver/Src/stm32f3xx_hal_uart_ex.c ****   /* Disable the Peripheral */
 351:Drivers/STM32F3xx_HAL_Driver/Src/stm32f3xx_hal_uart_ex.c ****   __HAL_UART_DISABLE(huart);
 352:Drivers/STM32F3xx_HAL_Driver/Src/stm32f3xx_hal_uart_ex.c **** 
 353:Drivers/STM32F3xx_HAL_Driver/Src/stm32f3xx_hal_uart_ex.c ****   /* Set the wake-up selection scheme */
 354:Drivers/STM32F3xx_HAL_Driver/Src/stm32f3xx_hal_uart_ex.c ****   MODIFY_REG(huart->Instance->CR3, USART_CR3_WUS, WakeUpSelection.WakeUpEvent);
 355:Drivers/STM32F3xx_HAL_Driver/Src/stm32f3xx_hal_uart_ex.c **** 
 356:Drivers/STM32F3xx_HAL_Driver/Src/stm32f3xx_hal_uart_ex.c ****   if (WakeUpSelection.WakeUpEvent == UART_WAKEUP_ON_ADDRESS)
 357:Drivers/STM32F3xx_HAL_Driver/Src/stm32f3xx_hal_uart_ex.c ****   {
 358:Drivers/STM32F3xx_HAL_Driver/Src/stm32f3xx_hal_uart_ex.c ****     UARTEx_Wakeup_AddressConfig(huart, WakeUpSelection);
 359:Drivers/STM32F3xx_HAL_Driver/Src/stm32f3xx_hal_uart_ex.c ****   }
 360:Drivers/STM32F3xx_HAL_Driver/Src/stm32f3xx_hal_uart_ex.c **** 
 361:Drivers/STM32F3xx_HAL_Driver/Src/stm32f3xx_hal_uart_ex.c ****   /* Enable the Peripheral */
 362:Drivers/STM32F3xx_HAL_Driver/Src/stm32f3xx_hal_uart_ex.c ****   __HAL_UART_ENABLE(huart);
 363:Drivers/STM32F3xx_HAL_Driver/Src/stm32f3xx_hal_uart_ex.c **** 
 364:Drivers/STM32F3xx_HAL_Driver/Src/stm32f3xx_hal_uart_ex.c ****   /* Init tickstart for timeout managment*/
 365:Drivers/STM32F3xx_HAL_Driver/Src/stm32f3xx_hal_uart_ex.c ****   tickstart = HAL_GetTick();
 366:Drivers/STM32F3xx_HAL_Driver/Src/stm32f3xx_hal_uart_ex.c **** 
 367:Drivers/STM32F3xx_HAL_Driver/Src/stm32f3xx_hal_uart_ex.c ****   /* Wait until REACK flag is set */
 368:Drivers/STM32F3xx_HAL_Driver/Src/stm32f3xx_hal_uart_ex.c ****   if (UART_WaitOnFlagUntilTimeout(huart, USART_ISR_REACK, RESET, tickstart, HAL_UART_TIMEOUT_VALUE)
 369:Drivers/STM32F3xx_HAL_Driver/Src/stm32f3xx_hal_uart_ex.c ****   {
 370:Drivers/STM32F3xx_HAL_Driver/Src/stm32f3xx_hal_uart_ex.c ****     status = HAL_TIMEOUT;
 371:Drivers/STM32F3xx_HAL_Driver/Src/stm32f3xx_hal_uart_ex.c ****   }
 372:Drivers/STM32F3xx_HAL_Driver/Src/stm32f3xx_hal_uart_ex.c ****   else
ARM GAS  /var/folders/jw/jcj5j9_530958b2rm5vp9wn00000gn/T//ccrfZdkj.s 			page 8


 373:Drivers/STM32F3xx_HAL_Driver/Src/stm32f3xx_hal_uart_ex.c ****   {
 374:Drivers/STM32F3xx_HAL_Driver/Src/stm32f3xx_hal_uart_ex.c ****     /* Initialize the UART State */
 375:Drivers/STM32F3xx_HAL_Driver/Src/stm32f3xx_hal_uart_ex.c ****     huart->gState = HAL_UART_STATE_READY;
 376:Drivers/STM32F3xx_HAL_Driver/Src/stm32f3xx_hal_uart_ex.c ****   }
 377:Drivers/STM32F3xx_HAL_Driver/Src/stm32f3xx_hal_uart_ex.c **** 
 378:Drivers/STM32F3xx_HAL_Driver/Src/stm32f3xx_hal_uart_ex.c ****   /* Process Unlocked */
 379:Drivers/STM32F3xx_HAL_Driver/Src/stm32f3xx_hal_uart_ex.c ****   __HAL_UNLOCK(huart);
 380:Drivers/STM32F3xx_HAL_Driver/Src/stm32f3xx_hal_uart_ex.c **** 
 381:Drivers/STM32F3xx_HAL_Driver/Src/stm32f3xx_hal_uart_ex.c ****   return status;
 382:Drivers/STM32F3xx_HAL_Driver/Src/stm32f3xx_hal_uart_ex.c **** }
 383:Drivers/STM32F3xx_HAL_Driver/Src/stm32f3xx_hal_uart_ex.c **** 
 384:Drivers/STM32F3xx_HAL_Driver/Src/stm32f3xx_hal_uart_ex.c **** /**
 385:Drivers/STM32F3xx_HAL_Driver/Src/stm32f3xx_hal_uart_ex.c ****   * @brief Enable UART Stop Mode.
 386:Drivers/STM32F3xx_HAL_Driver/Src/stm32f3xx_hal_uart_ex.c ****   * @note The UART is able to wake up the MCU from Stop 1 mode as long as UART clock is HSI or LSE.
 387:Drivers/STM32F3xx_HAL_Driver/Src/stm32f3xx_hal_uart_ex.c ****   * @param huart UART handle.
 388:Drivers/STM32F3xx_HAL_Driver/Src/stm32f3xx_hal_uart_ex.c ****   * @retval HAL status
 389:Drivers/STM32F3xx_HAL_Driver/Src/stm32f3xx_hal_uart_ex.c ****   */
 390:Drivers/STM32F3xx_HAL_Driver/Src/stm32f3xx_hal_uart_ex.c **** HAL_StatusTypeDef HAL_UARTEx_EnableStopMode(UART_HandleTypeDef *huart)
 391:Drivers/STM32F3xx_HAL_Driver/Src/stm32f3xx_hal_uart_ex.c **** {
 392:Drivers/STM32F3xx_HAL_Driver/Src/stm32f3xx_hal_uart_ex.c ****   /* Process Locked */
 393:Drivers/STM32F3xx_HAL_Driver/Src/stm32f3xx_hal_uart_ex.c ****   __HAL_LOCK(huart);
 394:Drivers/STM32F3xx_HAL_Driver/Src/stm32f3xx_hal_uart_ex.c **** 
 395:Drivers/STM32F3xx_HAL_Driver/Src/stm32f3xx_hal_uart_ex.c ****   /* Set UESM bit */
 396:Drivers/STM32F3xx_HAL_Driver/Src/stm32f3xx_hal_uart_ex.c ****   SET_BIT(huart->Instance->CR1, USART_CR1_UESM);
 397:Drivers/STM32F3xx_HAL_Driver/Src/stm32f3xx_hal_uart_ex.c **** 
 398:Drivers/STM32F3xx_HAL_Driver/Src/stm32f3xx_hal_uart_ex.c ****   /* Process Unlocked */
 399:Drivers/STM32F3xx_HAL_Driver/Src/stm32f3xx_hal_uart_ex.c ****   __HAL_UNLOCK(huart);
 400:Drivers/STM32F3xx_HAL_Driver/Src/stm32f3xx_hal_uart_ex.c **** 
 401:Drivers/STM32F3xx_HAL_Driver/Src/stm32f3xx_hal_uart_ex.c ****   return HAL_OK;
 402:Drivers/STM32F3xx_HAL_Driver/Src/stm32f3xx_hal_uart_ex.c **** }
 403:Drivers/STM32F3xx_HAL_Driver/Src/stm32f3xx_hal_uart_ex.c **** 
 404:Drivers/STM32F3xx_HAL_Driver/Src/stm32f3xx_hal_uart_ex.c **** /**
 405:Drivers/STM32F3xx_HAL_Driver/Src/stm32f3xx_hal_uart_ex.c ****   * @brief Disable UART Stop Mode.
 406:Drivers/STM32F3xx_HAL_Driver/Src/stm32f3xx_hal_uart_ex.c ****   * @param huart UART handle.
 407:Drivers/STM32F3xx_HAL_Driver/Src/stm32f3xx_hal_uart_ex.c ****   * @retval HAL status
 408:Drivers/STM32F3xx_HAL_Driver/Src/stm32f3xx_hal_uart_ex.c ****   */
 409:Drivers/STM32F3xx_HAL_Driver/Src/stm32f3xx_hal_uart_ex.c **** HAL_StatusTypeDef HAL_UARTEx_DisableStopMode(UART_HandleTypeDef *huart)
 410:Drivers/STM32F3xx_HAL_Driver/Src/stm32f3xx_hal_uart_ex.c **** {
 411:Drivers/STM32F3xx_HAL_Driver/Src/stm32f3xx_hal_uart_ex.c ****   /* Process Locked */
 412:Drivers/STM32F3xx_HAL_Driver/Src/stm32f3xx_hal_uart_ex.c ****   __HAL_LOCK(huart);
 413:Drivers/STM32F3xx_HAL_Driver/Src/stm32f3xx_hal_uart_ex.c **** 
 414:Drivers/STM32F3xx_HAL_Driver/Src/stm32f3xx_hal_uart_ex.c ****   /* Clear UESM bit */
 415:Drivers/STM32F3xx_HAL_Driver/Src/stm32f3xx_hal_uart_ex.c ****   CLEAR_BIT(huart->Instance->CR1, USART_CR1_UESM);
 416:Drivers/STM32F3xx_HAL_Driver/Src/stm32f3xx_hal_uart_ex.c **** 
 417:Drivers/STM32F3xx_HAL_Driver/Src/stm32f3xx_hal_uart_ex.c ****   /* Process Unlocked */
 418:Drivers/STM32F3xx_HAL_Driver/Src/stm32f3xx_hal_uart_ex.c ****   __HAL_UNLOCK(huart);
 419:Drivers/STM32F3xx_HAL_Driver/Src/stm32f3xx_hal_uart_ex.c **** 
 420:Drivers/STM32F3xx_HAL_Driver/Src/stm32f3xx_hal_uart_ex.c ****   return HAL_OK;
 421:Drivers/STM32F3xx_HAL_Driver/Src/stm32f3xx_hal_uart_ex.c **** }
 422:Drivers/STM32F3xx_HAL_Driver/Src/stm32f3xx_hal_uart_ex.c **** 
 423:Drivers/STM32F3xx_HAL_Driver/Src/stm32f3xx_hal_uart_ex.c **** /**
 424:Drivers/STM32F3xx_HAL_Driver/Src/stm32f3xx_hal_uart_ex.c ****   * @}
 425:Drivers/STM32F3xx_HAL_Driver/Src/stm32f3xx_hal_uart_ex.c ****   */
 426:Drivers/STM32F3xx_HAL_Driver/Src/stm32f3xx_hal_uart_ex.c **** 
 427:Drivers/STM32F3xx_HAL_Driver/Src/stm32f3xx_hal_uart_ex.c **** /**
 428:Drivers/STM32F3xx_HAL_Driver/Src/stm32f3xx_hal_uart_ex.c ****   * @}
 429:Drivers/STM32F3xx_HAL_Driver/Src/stm32f3xx_hal_uart_ex.c ****   */
ARM GAS  /var/folders/jw/jcj5j9_530958b2rm5vp9wn00000gn/T//ccrfZdkj.s 			page 9


 430:Drivers/STM32F3xx_HAL_Driver/Src/stm32f3xx_hal_uart_ex.c **** 
 431:Drivers/STM32F3xx_HAL_Driver/Src/stm32f3xx_hal_uart_ex.c **** /** @addtogroup UARTEx_Private_Functions
 432:Drivers/STM32F3xx_HAL_Driver/Src/stm32f3xx_hal_uart_ex.c ****   * @{
 433:Drivers/STM32F3xx_HAL_Driver/Src/stm32f3xx_hal_uart_ex.c ****   */
 434:Drivers/STM32F3xx_HAL_Driver/Src/stm32f3xx_hal_uart_ex.c **** 
 435:Drivers/STM32F3xx_HAL_Driver/Src/stm32f3xx_hal_uart_ex.c **** /**
 436:Drivers/STM32F3xx_HAL_Driver/Src/stm32f3xx_hal_uart_ex.c ****   * @brief Initialize the UART wake-up from stop mode parameters when triggered by address detectio
 437:Drivers/STM32F3xx_HAL_Driver/Src/stm32f3xx_hal_uart_ex.c ****   * @param huart           UART handle.
 438:Drivers/STM32F3xx_HAL_Driver/Src/stm32f3xx_hal_uart_ex.c ****   * @param WakeUpSelection UART wake up from stop mode parameters.
 439:Drivers/STM32F3xx_HAL_Driver/Src/stm32f3xx_hal_uart_ex.c ****   * @retval None
 440:Drivers/STM32F3xx_HAL_Driver/Src/stm32f3xx_hal_uart_ex.c ****   */
 441:Drivers/STM32F3xx_HAL_Driver/Src/stm32f3xx_hal_uart_ex.c **** static void UARTEx_Wakeup_AddressConfig(UART_HandleTypeDef *huart, UART_WakeUpTypeDef WakeUpSelecti
 442:Drivers/STM32F3xx_HAL_Driver/Src/stm32f3xx_hal_uart_ex.c **** {
  29              		.loc 1 442 1 view -0
  30              		.cfi_startproc
  31              		@ args = 0, pretend = 0, frame = 8
  32              		@ frame_needed = 0, uses_anonymous_args = 0
  33              		@ link register save eliminated.
  34              		.loc 1 442 1 is_stmt 0 view .LVU1
  35 0000 82B0     		sub	sp, sp, #8
  36              	.LCFI0:
  37              		.cfi_def_cfa_offset 8
  38 0002 02AB     		add	r3, sp, #8
  39 0004 03E90600 		stmdb	r3, {r1, r2}
 443:Drivers/STM32F3xx_HAL_Driver/Src/stm32f3xx_hal_uart_ex.c ****   assert_param(IS_UART_ADDRESSLENGTH_DETECT(WakeUpSelection.AddressLength));
  40              		.loc 1 443 3 is_stmt 1 view .LVU2
 444:Drivers/STM32F3xx_HAL_Driver/Src/stm32f3xx_hal_uart_ex.c **** 
 445:Drivers/STM32F3xx_HAL_Driver/Src/stm32f3xx_hal_uart_ex.c ****   /* Set the USART address length */
 446:Drivers/STM32F3xx_HAL_Driver/Src/stm32f3xx_hal_uart_ex.c ****   MODIFY_REG(huart->Instance->CR2, USART_CR2_ADDM7, WakeUpSelection.AddressLength);
  41              		.loc 1 446 3 view .LVU3
  42 0008 0268     		ldr	r2, [r0]
  43 000a 5368     		ldr	r3, [r2, #4]
  44 000c 23F01003 		bic	r3, r3, #16
  45 0010 BDF80410 		ldrh	r1, [sp, #4]
  46 0014 0B43     		orrs	r3, r3, r1
  47 0016 5360     		str	r3, [r2, #4]
 447:Drivers/STM32F3xx_HAL_Driver/Src/stm32f3xx_hal_uart_ex.c **** 
 448:Drivers/STM32F3xx_HAL_Driver/Src/stm32f3xx_hal_uart_ex.c ****   /* Set the USART address node */
 449:Drivers/STM32F3xx_HAL_Driver/Src/stm32f3xx_hal_uart_ex.c ****   MODIFY_REG(huart->Instance->CR2, USART_CR2_ADD, ((uint32_t)WakeUpSelection.Address << UART_CR2_AD
  48              		.loc 1 449 3 view .LVU4
  49 0018 0268     		ldr	r2, [r0]
  50 001a 5368     		ldr	r3, [r2, #4]
  51 001c 23F07F43 		bic	r3, r3, #-16777216
  52 0020 9DF80610 		ldrb	r1, [sp, #6]	@ zero_extendqisi2
  53 0024 43EA0163 		orr	r3, r3, r1, lsl #24
  54 0028 5360     		str	r3, [r2, #4]
 450:Drivers/STM32F3xx_HAL_Driver/Src/stm32f3xx_hal_uart_ex.c **** }
  55              		.loc 1 450 1 is_stmt 0 view .LVU5
  56 002a 02B0     		add	sp, sp, #8
  57              	.LCFI1:
  58              		.cfi_def_cfa_offset 0
  59              		@ sp needed
  60 002c 7047     		bx	lr
  61              		.cfi_endproc
  62              	.LFE136:
  64              		.section	.text.HAL_RS485Ex_Init,"ax",%progbits
  65              		.align	1
ARM GAS  /var/folders/jw/jcj5j9_530958b2rm5vp9wn00000gn/T//ccrfZdkj.s 			page 10


  66              		.global	HAL_RS485Ex_Init
  67              		.syntax unified
  68              		.thumb
  69              		.thumb_func
  70              		.fpu fpv4-sp-d16
  72              	HAL_RS485Ex_Init:
  73              	.LVL1:
  74              	.LFB130:
 150:Drivers/STM32F3xx_HAL_Driver/Src/stm32f3xx_hal_uart_ex.c ****   uint32_t temp;
  75              		.loc 1 150 1 is_stmt 1 view -0
  76              		.cfi_startproc
  77              		@ args = 0, pretend = 0, frame = 0
  78              		@ frame_needed = 0, uses_anonymous_args = 0
 151:Drivers/STM32F3xx_HAL_Driver/Src/stm32f3xx_hal_uart_ex.c **** 
  79              		.loc 1 151 3 view .LVU7
 154:Drivers/STM32F3xx_HAL_Driver/Src/stm32f3xx_hal_uart_ex.c ****   {
  80              		.loc 1 154 3 view .LVU8
 154:Drivers/STM32F3xx_HAL_Driver/Src/stm32f3xx_hal_uart_ex.c ****   {
  81              		.loc 1 154 6 is_stmt 0 view .LVU9
  82 0000 0028     		cmp	r0, #0
  83 0002 3CD0     		beq	.L7
 150:Drivers/STM32F3xx_HAL_Driver/Src/stm32f3xx_hal_uart_ex.c ****   uint32_t temp;
  84              		.loc 1 150 1 view .LVU10
  85 0004 F8B5     		push	{r3, r4, r5, r6, r7, lr}
  86              	.LCFI2:
  87              		.cfi_def_cfa_offset 24
  88              		.cfi_offset 3, -24
  89              		.cfi_offset 4, -20
  90              		.cfi_offset 5, -16
  91              		.cfi_offset 6, -12
  92              		.cfi_offset 7, -8
  93              		.cfi_offset 14, -4
  94 0006 0F46     		mov	r7, r1
  95 0008 1646     		mov	r6, r2
  96 000a 1D46     		mov	r5, r3
  97 000c 0446     		mov	r4, r0
 159:Drivers/STM32F3xx_HAL_Driver/Src/stm32f3xx_hal_uart_ex.c **** 
  98              		.loc 1 159 3 is_stmt 1 view .LVU11
 162:Drivers/STM32F3xx_HAL_Driver/Src/stm32f3xx_hal_uart_ex.c **** 
  99              		.loc 1 162 3 view .LVU12
 165:Drivers/STM32F3xx_HAL_Driver/Src/stm32f3xx_hal_uart_ex.c **** 
 100              		.loc 1 165 3 view .LVU13
 168:Drivers/STM32F3xx_HAL_Driver/Src/stm32f3xx_hal_uart_ex.c **** 
 101              		.loc 1 168 3 view .LVU14
 170:Drivers/STM32F3xx_HAL_Driver/Src/stm32f3xx_hal_uart_ex.c ****   {
 102              		.loc 1 170 3 view .LVU15
 170:Drivers/STM32F3xx_HAL_Driver/Src/stm32f3xx_hal_uart_ex.c ****   {
 103              		.loc 1 170 12 is_stmt 0 view .LVU16
 104 000e 436F     		ldr	r3, [r0, #116]
 105              	.LVL2:
 170:Drivers/STM32F3xx_HAL_Driver/Src/stm32f3xx_hal_uart_ex.c ****   {
 106              		.loc 1 170 6 view .LVU17
 107 0010 63B3     		cbz	r3, .L12
 108              	.LVL3:
 109              	.L5:
 191:Drivers/STM32F3xx_HAL_Driver/Src/stm32f3xx_hal_uart_ex.c **** 
 110              		.loc 1 191 3 is_stmt 1 view .LVU18
ARM GAS  /var/folders/jw/jcj5j9_530958b2rm5vp9wn00000gn/T//ccrfZdkj.s 			page 11


 191:Drivers/STM32F3xx_HAL_Driver/Src/stm32f3xx_hal_uart_ex.c **** 
 111              		.loc 1 191 17 is_stmt 0 view .LVU19
 112 0012 2423     		movs	r3, #36
 113 0014 6367     		str	r3, [r4, #116]
 194:Drivers/STM32F3xx_HAL_Driver/Src/stm32f3xx_hal_uart_ex.c **** 
 114              		.loc 1 194 3 is_stmt 1 view .LVU20
 115 0016 2268     		ldr	r2, [r4]
 116 0018 1368     		ldr	r3, [r2]
 117 001a 23F00103 		bic	r3, r3, #1
 118 001e 1360     		str	r3, [r2]
 197:Drivers/STM32F3xx_HAL_Driver/Src/stm32f3xx_hal_uart_ex.c ****   {
 119              		.loc 1 197 3 view .LVU21
 197:Drivers/STM32F3xx_HAL_Driver/Src/stm32f3xx_hal_uart_ex.c ****   {
 120              		.loc 1 197 7 is_stmt 0 view .LVU22
 121 0020 2046     		mov	r0, r4
 122 0022 FFF7FEFF 		bl	UART_SetConfig
 123              	.LVL4:
 197:Drivers/STM32F3xx_HAL_Driver/Src/stm32f3xx_hal_uart_ex.c ****   {
 124              		.loc 1 197 6 view .LVU23
 125 0026 0128     		cmp	r0, #1
 126 0028 1FD0     		beq	.L4
 202:Drivers/STM32F3xx_HAL_Driver/Src/stm32f3xx_hal_uart_ex.c ****   {
 127              		.loc 1 202 3 is_stmt 1 view .LVU24
 202:Drivers/STM32F3xx_HAL_Driver/Src/stm32f3xx_hal_uart_ex.c ****   {
 128              		.loc 1 202 26 is_stmt 0 view .LVU25
 129 002a 636A     		ldr	r3, [r4, #36]
 202:Drivers/STM32F3xx_HAL_Driver/Src/stm32f3xx_hal_uart_ex.c ****   {
 130              		.loc 1 202 6 view .LVU26
 131 002c 1BBB     		cbnz	r3, .L13
 132              	.L6:
 208:Drivers/STM32F3xx_HAL_Driver/Src/stm32f3xx_hal_uart_ex.c **** 
 133              		.loc 1 208 3 is_stmt 1 view .LVU27
 134 002e 2268     		ldr	r2, [r4]
 135 0030 9368     		ldr	r3, [r2, #8]
 136 0032 43F48043 		orr	r3, r3, #16384
 137 0036 9360     		str	r3, [r2, #8]
 211:Drivers/STM32F3xx_HAL_Driver/Src/stm32f3xx_hal_uart_ex.c **** 
 138              		.loc 1 211 3 view .LVU28
 139 0038 2268     		ldr	r2, [r4]
 140 003a 9368     		ldr	r3, [r2, #8]
 141 003c 23F40043 		bic	r3, r3, #32768
 142 0040 3B43     		orrs	r3, r3, r7
 143 0042 9360     		str	r3, [r2, #8]
 214:Drivers/STM32F3xx_HAL_Driver/Src/stm32f3xx_hal_uart_ex.c ****   temp |= (DeassertionTime << UART_CR1_DEDT_ADDRESS_LSB_POS);
 144              		.loc 1 214 3 view .LVU29
 145              	.LVL5:
 215:Drivers/STM32F3xx_HAL_Driver/Src/stm32f3xx_hal_uart_ex.c ****   MODIFY_REG(huart->Instance->CR1, (USART_CR1_DEDT | USART_CR1_DEAT), temp);
 146              		.loc 1 215 3 view .LVU30
 215:Drivers/STM32F3xx_HAL_Driver/Src/stm32f3xx_hal_uart_ex.c ****   MODIFY_REG(huart->Instance->CR1, (USART_CR1_DEDT | USART_CR1_DEAT), temp);
 147              		.loc 1 215 28 is_stmt 0 view .LVU31
 148 0044 2904     		lsls	r1, r5, #16
 215:Drivers/STM32F3xx_HAL_Driver/Src/stm32f3xx_hal_uart_ex.c ****   MODIFY_REG(huart->Instance->CR1, (USART_CR1_DEDT | USART_CR1_DEAT), temp);
 149              		.loc 1 215 8 view .LVU32
 150 0046 41EA4652 		orr	r2, r1, r6, lsl #21
 151              	.LVL6:
 216:Drivers/STM32F3xx_HAL_Driver/Src/stm32f3xx_hal_uart_ex.c **** 
 152              		.loc 1 216 3 is_stmt 1 view .LVU33
ARM GAS  /var/folders/jw/jcj5j9_530958b2rm5vp9wn00000gn/T//ccrfZdkj.s 			page 12


 153 004a 2368     		ldr	r3, [r4]
 154 004c 1968     		ldr	r1, [r3]
 155 004e 21F07F71 		bic	r1, r1, #66846720
 156 0052 21F44031 		bic	r1, r1, #196608
 157 0056 1143     		orrs	r1, r1, r2
 158 0058 1960     		str	r1, [r3]
 219:Drivers/STM32F3xx_HAL_Driver/Src/stm32f3xx_hal_uart_ex.c **** 
 159              		.loc 1 219 3 view .LVU34
 160 005a 2268     		ldr	r2, [r4]
 161              	.LVL7:
 219:Drivers/STM32F3xx_HAL_Driver/Src/stm32f3xx_hal_uart_ex.c **** 
 162              		.loc 1 219 3 is_stmt 0 view .LVU35
 163 005c 1368     		ldr	r3, [r2]
 164 005e 43F00103 		orr	r3, r3, #1
 165 0062 1360     		str	r3, [r2]
 222:Drivers/STM32F3xx_HAL_Driver/Src/stm32f3xx_hal_uart_ex.c **** }
 166              		.loc 1 222 3 is_stmt 1 view .LVU36
 222:Drivers/STM32F3xx_HAL_Driver/Src/stm32f3xx_hal_uart_ex.c **** }
 167              		.loc 1 222 11 is_stmt 0 view .LVU37
 168 0064 2046     		mov	r0, r4
 169 0066 FFF7FEFF 		bl	UART_CheckIdleState
 170              	.LVL8:
 171              	.L4:
 223:Drivers/STM32F3xx_HAL_Driver/Src/stm32f3xx_hal_uart_ex.c **** 
 172              		.loc 1 223 1 view .LVU38
 173 006a F8BD     		pop	{r3, r4, r5, r6, r7, pc}
 174              	.LVL9:
 175              	.L12:
 173:Drivers/STM32F3xx_HAL_Driver/Src/stm32f3xx_hal_uart_ex.c **** 
 176              		.loc 1 173 5 is_stmt 1 view .LVU39
 173:Drivers/STM32F3xx_HAL_Driver/Src/stm32f3xx_hal_uart_ex.c **** 
 177              		.loc 1 173 17 is_stmt 0 view .LVU40
 178 006c 80F87030 		strb	r3, [r0, #112]
 187:Drivers/STM32F3xx_HAL_Driver/Src/stm32f3xx_hal_uart_ex.c **** #endif /* (USE_HAL_UART_REGISTER_CALLBACKS) */
 179              		.loc 1 187 5 is_stmt 1 view .LVU41
 180 0070 FFF7FEFF 		bl	HAL_UART_MspInit
 181              	.LVL10:
 187:Drivers/STM32F3xx_HAL_Driver/Src/stm32f3xx_hal_uart_ex.c **** #endif /* (USE_HAL_UART_REGISTER_CALLBACKS) */
 182              		.loc 1 187 5 is_stmt 0 view .LVU42
 183 0074 CDE7     		b	.L5
 184              	.L13:
 204:Drivers/STM32F3xx_HAL_Driver/Src/stm32f3xx_hal_uart_ex.c ****   }
 185              		.loc 1 204 5 is_stmt 1 view .LVU43
 186 0076 2046     		mov	r0, r4
 187 0078 FFF7FEFF 		bl	UART_AdvFeatureConfig
 188              	.LVL11:
 189 007c D7E7     		b	.L6
 190              	.LVL12:
 191              	.L7:
 192              	.LCFI3:
 193              		.cfi_def_cfa_offset 0
 194              		.cfi_restore 3
 195              		.cfi_restore 4
 196              		.cfi_restore 5
 197              		.cfi_restore 6
 198              		.cfi_restore 7
 199              		.cfi_restore 14
ARM GAS  /var/folders/jw/jcj5j9_530958b2rm5vp9wn00000gn/T//ccrfZdkj.s 			page 13


 156:Drivers/STM32F3xx_HAL_Driver/Src/stm32f3xx_hal_uart_ex.c ****   }
 200              		.loc 1 156 12 is_stmt 0 view .LVU44
 201 007e 0120     		movs	r0, #1
 202              	.LVL13:
 223:Drivers/STM32F3xx_HAL_Driver/Src/stm32f3xx_hal_uart_ex.c **** 
 203              		.loc 1 223 1 view .LVU45
 204 0080 7047     		bx	lr
 205              		.cfi_endproc
 206              	.LFE130:
 208              		.section	.text.HAL_UARTEx_WakeupCallback,"ax",%progbits
 209              		.align	1
 210              		.weak	HAL_UARTEx_WakeupCallback
 211              		.syntax unified
 212              		.thumb
 213              		.thumb_func
 214              		.fpu fpv4-sp-d16
 216              	HAL_UARTEx_WakeupCallback:
 217              	.LVL14:
 218              	.LFB131:
 251:Drivers/STM32F3xx_HAL_Driver/Src/stm32f3xx_hal_uart_ex.c ****   /* Prevent unused argument(s) compilation warning */
 219              		.loc 1 251 1 is_stmt 1 view -0
 220              		.cfi_startproc
 221              		@ args = 0, pretend = 0, frame = 0
 222              		@ frame_needed = 0, uses_anonymous_args = 0
 223              		@ link register save eliminated.
 253:Drivers/STM32F3xx_HAL_Driver/Src/stm32f3xx_hal_uart_ex.c **** 
 224              		.loc 1 253 3 view .LVU47
 258:Drivers/STM32F3xx_HAL_Driver/Src/stm32f3xx_hal_uart_ex.c **** 
 225              		.loc 1 258 1 is_stmt 0 view .LVU48
 226 0000 7047     		bx	lr
 227              		.cfi_endproc
 228              	.LFE131:
 230              		.section	.text.HAL_MultiProcessorEx_AddressLength_Set,"ax",%progbits
 231              		.align	1
 232              		.global	HAL_MultiProcessorEx_AddressLength_Set
 233              		.syntax unified
 234              		.thumb
 235              		.thumb_func
 236              		.fpu fpv4-sp-d16
 238              	HAL_MultiProcessorEx_AddressLength_Set:
 239              	.LVL15:
 240              	.LFB132:
 298:Drivers/STM32F3xx_HAL_Driver/Src/stm32f3xx_hal_uart_ex.c ****   /* Check the UART handle allocation */
 241              		.loc 1 298 1 is_stmt 1 view -0
 242              		.cfi_startproc
 243              		@ args = 0, pretend = 0, frame = 0
 244              		@ frame_needed = 0, uses_anonymous_args = 0
 300:Drivers/STM32F3xx_HAL_Driver/Src/stm32f3xx_hal_uart_ex.c ****   {
 245              		.loc 1 300 3 view .LVU50
 300:Drivers/STM32F3xx_HAL_Driver/Src/stm32f3xx_hal_uart_ex.c ****   {
 246              		.loc 1 300 6 is_stmt 0 view .LVU51
 247 0000 B8B1     		cbz	r0, .L17
 298:Drivers/STM32F3xx_HAL_Driver/Src/stm32f3xx_hal_uart_ex.c ****   /* Check the UART handle allocation */
 248              		.loc 1 298 1 view .LVU52
 249 0002 08B5     		push	{r3, lr}
 250              	.LCFI4:
 251              		.cfi_def_cfa_offset 8
ARM GAS  /var/folders/jw/jcj5j9_530958b2rm5vp9wn00000gn/T//ccrfZdkj.s 			page 14


 252              		.cfi_offset 3, -8
 253              		.cfi_offset 14, -4
 254 0004 0346     		mov	r3, r0
 306:Drivers/STM32F3xx_HAL_Driver/Src/stm32f3xx_hal_uart_ex.c **** 
 255              		.loc 1 306 3 is_stmt 1 view .LVU53
 308:Drivers/STM32F3xx_HAL_Driver/Src/stm32f3xx_hal_uart_ex.c **** 
 256              		.loc 1 308 3 view .LVU54
 308:Drivers/STM32F3xx_HAL_Driver/Src/stm32f3xx_hal_uart_ex.c **** 
 257              		.loc 1 308 17 is_stmt 0 view .LVU55
 258 0006 2422     		movs	r2, #36
 259 0008 4267     		str	r2, [r0, #116]
 311:Drivers/STM32F3xx_HAL_Driver/Src/stm32f3xx_hal_uart_ex.c **** 
 260              		.loc 1 311 3 is_stmt 1 view .LVU56
 261 000a 0068     		ldr	r0, [r0]
 262              	.LVL16:
 311:Drivers/STM32F3xx_HAL_Driver/Src/stm32f3xx_hal_uart_ex.c **** 
 263              		.loc 1 311 3 is_stmt 0 view .LVU57
 264 000c 0268     		ldr	r2, [r0]
 265 000e 22F00102 		bic	r2, r2, #1
 266 0012 0260     		str	r2, [r0]
 314:Drivers/STM32F3xx_HAL_Driver/Src/stm32f3xx_hal_uart_ex.c **** 
 267              		.loc 1 314 3 is_stmt 1 view .LVU58
 268 0014 1868     		ldr	r0, [r3]
 269 0016 4268     		ldr	r2, [r0, #4]
 270 0018 22F01002 		bic	r2, r2, #16
 271 001c 1143     		orrs	r1, r1, r2
 272              	.LVL17:
 314:Drivers/STM32F3xx_HAL_Driver/Src/stm32f3xx_hal_uart_ex.c **** 
 273              		.loc 1 314 3 is_stmt 0 view .LVU59
 274 001e 4160     		str	r1, [r0, #4]
 317:Drivers/STM32F3xx_HAL_Driver/Src/stm32f3xx_hal_uart_ex.c **** 
 275              		.loc 1 317 3 is_stmt 1 view .LVU60
 276 0020 1968     		ldr	r1, [r3]
 277 0022 0A68     		ldr	r2, [r1]
 278 0024 42F00102 		orr	r2, r2, #1
 279 0028 0A60     		str	r2, [r1]
 320:Drivers/STM32F3xx_HAL_Driver/Src/stm32f3xx_hal_uart_ex.c **** }
 280              		.loc 1 320 3 view .LVU61
 320:Drivers/STM32F3xx_HAL_Driver/Src/stm32f3xx_hal_uart_ex.c **** }
 281              		.loc 1 320 11 is_stmt 0 view .LVU62
 282 002a 1846     		mov	r0, r3
 283 002c FFF7FEFF 		bl	UART_CheckIdleState
 284              	.LVL18:
 321:Drivers/STM32F3xx_HAL_Driver/Src/stm32f3xx_hal_uart_ex.c **** 
 285              		.loc 1 321 1 view .LVU63
 286 0030 08BD     		pop	{r3, pc}
 287              	.LVL19:
 288              	.L17:
 289              	.LCFI5:
 290              		.cfi_def_cfa_offset 0
 291              		.cfi_restore 3
 292              		.cfi_restore 14
 302:Drivers/STM32F3xx_HAL_Driver/Src/stm32f3xx_hal_uart_ex.c ****   }
 293              		.loc 1 302 12 view .LVU64
 294 0032 0120     		movs	r0, #1
 295              	.LVL20:
 321:Drivers/STM32F3xx_HAL_Driver/Src/stm32f3xx_hal_uart_ex.c **** 
ARM GAS  /var/folders/jw/jcj5j9_530958b2rm5vp9wn00000gn/T//ccrfZdkj.s 			page 15


 296              		.loc 1 321 1 view .LVU65
 297 0034 7047     		bx	lr
 298              		.cfi_endproc
 299              	.LFE132:
 301              		.section	.text.HAL_UARTEx_StopModeWakeUpSourceConfig,"ax",%progbits
 302              		.align	1
 303              		.global	HAL_UARTEx_StopModeWakeUpSourceConfig
 304              		.syntax unified
 305              		.thumb
 306              		.thumb_func
 307              		.fpu fpv4-sp-d16
 309              	HAL_UARTEx_StopModeWakeUpSourceConfig:
 310              	.LVL21:
 311              	.LFB133:
 336:Drivers/STM32F3xx_HAL_Driver/Src/stm32f3xx_hal_uart_ex.c ****   HAL_StatusTypeDef status = HAL_OK;
 312              		.loc 1 336 1 is_stmt 1 view -0
 313              		.cfi_startproc
 314              		@ args = 0, pretend = 0, frame = 8
 315              		@ frame_needed = 0, uses_anonymous_args = 0
 336:Drivers/STM32F3xx_HAL_Driver/Src/stm32f3xx_hal_uart_ex.c ****   HAL_StatusTypeDef status = HAL_OK;
 316              		.loc 1 336 1 is_stmt 0 view .LVU67
 317 0000 10B5     		push	{r4, lr}
 318              	.LCFI6:
 319              		.cfi_def_cfa_offset 8
 320              		.cfi_offset 4, -8
 321              		.cfi_offset 14, -4
 322 0002 84B0     		sub	sp, sp, #16
 323              	.LCFI7:
 324              		.cfi_def_cfa_offset 24
 325 0004 04AB     		add	r3, sp, #16
 326 0006 03E90600 		stmdb	r3, {r1, r2}
 337:Drivers/STM32F3xx_HAL_Driver/Src/stm32f3xx_hal_uart_ex.c ****   uint32_t tickstart;
 327              		.loc 1 337 3 is_stmt 1 view .LVU68
 328              	.LVL22:
 338:Drivers/STM32F3xx_HAL_Driver/Src/stm32f3xx_hal_uart_ex.c **** 
 329              		.loc 1 338 3 view .LVU69
 341:Drivers/STM32F3xx_HAL_Driver/Src/stm32f3xx_hal_uart_ex.c ****   /* check the wake-up selection parameter */
 330              		.loc 1 341 3 view .LVU70
 343:Drivers/STM32F3xx_HAL_Driver/Src/stm32f3xx_hal_uart_ex.c **** 
 331              		.loc 1 343 3 view .LVU71
 346:Drivers/STM32F3xx_HAL_Driver/Src/stm32f3xx_hal_uart_ex.c **** 
 332              		.loc 1 346 3 view .LVU72
 346:Drivers/STM32F3xx_HAL_Driver/Src/stm32f3xx_hal_uart_ex.c **** 
 333              		.loc 1 346 3 view .LVU73
 334 000a 90F87030 		ldrb	r3, [r0, #112]	@ zero_extendqisi2
 335 000e 012B     		cmp	r3, #1
 336 0010 33D0     		beq	.L26
 337 0012 0446     		mov	r4, r0
 346:Drivers/STM32F3xx_HAL_Driver/Src/stm32f3xx_hal_uart_ex.c **** 
 338              		.loc 1 346 3 discriminator 2 view .LVU74
 339 0014 0123     		movs	r3, #1
 340 0016 80F87030 		strb	r3, [r0, #112]
 346:Drivers/STM32F3xx_HAL_Driver/Src/stm32f3xx_hal_uart_ex.c **** 
 341              		.loc 1 346 3 discriminator 2 view .LVU75
 348:Drivers/STM32F3xx_HAL_Driver/Src/stm32f3xx_hal_uart_ex.c **** 
 342              		.loc 1 348 3 discriminator 2 view .LVU76
 348:Drivers/STM32F3xx_HAL_Driver/Src/stm32f3xx_hal_uart_ex.c **** 
ARM GAS  /var/folders/jw/jcj5j9_530958b2rm5vp9wn00000gn/T//ccrfZdkj.s 			page 16


 343              		.loc 1 348 17 is_stmt 0 discriminator 2 view .LVU77
 344 001a 2423     		movs	r3, #36
 345 001c 4367     		str	r3, [r0, #116]
 351:Drivers/STM32F3xx_HAL_Driver/Src/stm32f3xx_hal_uart_ex.c **** 
 346              		.loc 1 351 3 is_stmt 1 discriminator 2 view .LVU78
 347 001e 0268     		ldr	r2, [r0]
 348 0020 1368     		ldr	r3, [r2]
 349 0022 23F00103 		bic	r3, r3, #1
 350 0026 1360     		str	r3, [r2]
 354:Drivers/STM32F3xx_HAL_Driver/Src/stm32f3xx_hal_uart_ex.c **** 
 351              		.loc 1 354 3 discriminator 2 view .LVU79
 352 0028 0168     		ldr	r1, [r0]
 353 002a 8B68     		ldr	r3, [r1, #8]
 354 002c 23F44013 		bic	r3, r3, #3145728
 355 0030 029A     		ldr	r2, [sp, #8]
 356 0032 1343     		orrs	r3, r3, r2
 357 0034 8B60     		str	r3, [r1, #8]
 356:Drivers/STM32F3xx_HAL_Driver/Src/stm32f3xx_hal_uart_ex.c ****   {
 358              		.loc 1 356 3 discriminator 2 view .LVU80
 356:Drivers/STM32F3xx_HAL_Driver/Src/stm32f3xx_hal_uart_ex.c ****   {
 359              		.loc 1 356 6 is_stmt 0 discriminator 2 view .LVU81
 360 0036 A2B1     		cbz	r2, .L29
 361              	.LVL23:
 362              	.L24:
 362:Drivers/STM32F3xx_HAL_Driver/Src/stm32f3xx_hal_uart_ex.c **** 
 363              		.loc 1 362 3 is_stmt 1 view .LVU82
 364 0038 2268     		ldr	r2, [r4]
 365 003a 1368     		ldr	r3, [r2]
 366 003c 43F00103 		orr	r3, r3, #1
 367 0040 1360     		str	r3, [r2]
 365:Drivers/STM32F3xx_HAL_Driver/Src/stm32f3xx_hal_uart_ex.c **** 
 368              		.loc 1 365 3 view .LVU83
 365:Drivers/STM32F3xx_HAL_Driver/Src/stm32f3xx_hal_uart_ex.c **** 
 369              		.loc 1 365 15 is_stmt 0 view .LVU84
 370 0042 FFF7FEFF 		bl	HAL_GetTick
 371              	.LVL24:
 372 0046 0346     		mov	r3, r0
 373              	.LVL25:
 368:Drivers/STM32F3xx_HAL_Driver/Src/stm32f3xx_hal_uart_ex.c ****   {
 374              		.loc 1 368 3 is_stmt 1 view .LVU85
 368:Drivers/STM32F3xx_HAL_Driver/Src/stm32f3xx_hal_uart_ex.c ****   {
 375              		.loc 1 368 7 is_stmt 0 view .LVU86
 376 0048 6FF07E42 		mvn	r2, #-33554432
 377 004c 0092     		str	r2, [sp]
 378 004e 0022     		movs	r2, #0
 379 0050 4FF48001 		mov	r1, #4194304
 380 0054 2046     		mov	r0, r4
 381              	.LVL26:
 368:Drivers/STM32F3xx_HAL_Driver/Src/stm32f3xx_hal_uart_ex.c ****   {
 382              		.loc 1 368 7 view .LVU87
 383 0056 FFF7FEFF 		bl	UART_WaitOnFlagUntilTimeout
 384              	.LVL27:
 368:Drivers/STM32F3xx_HAL_Driver/Src/stm32f3xx_hal_uart_ex.c ****   {
 385              		.loc 1 368 6 view .LVU88
 386 005a 40B9     		cbnz	r0, .L27
 375:Drivers/STM32F3xx_HAL_Driver/Src/stm32f3xx_hal_uart_ex.c ****   }
 387              		.loc 1 375 5 is_stmt 1 view .LVU89
ARM GAS  /var/folders/jw/jcj5j9_530958b2rm5vp9wn00000gn/T//ccrfZdkj.s 			page 17


 375:Drivers/STM32F3xx_HAL_Driver/Src/stm32f3xx_hal_uart_ex.c ****   }
 388              		.loc 1 375 19 is_stmt 0 view .LVU90
 389 005c 2023     		movs	r3, #32
 390 005e 6367     		str	r3, [r4, #116]
 391 0060 06E0     		b	.L25
 392              	.LVL28:
 393              	.L29:
 358:Drivers/STM32F3xx_HAL_Driver/Src/stm32f3xx_hal_uart_ex.c ****   }
 394              		.loc 1 358 5 is_stmt 1 view .LVU91
 395 0062 04AB     		add	r3, sp, #16
 396 0064 13E90600 		ldmdb	r3, {r1, r2}
 397 0068 FFF7FEFF 		bl	UARTEx_Wakeup_AddressConfig
 398              	.LVL29:
 358:Drivers/STM32F3xx_HAL_Driver/Src/stm32f3xx_hal_uart_ex.c ****   }
 399              		.loc 1 358 5 is_stmt 0 view .LVU92
 400 006c E4E7     		b	.L24
 401              	.L27:
 370:Drivers/STM32F3xx_HAL_Driver/Src/stm32f3xx_hal_uart_ex.c ****   }
 402              		.loc 1 370 12 view .LVU93
 403 006e 0320     		movs	r0, #3
 404              	.L25:
 405              	.LVL30:
 379:Drivers/STM32F3xx_HAL_Driver/Src/stm32f3xx_hal_uart_ex.c **** 
 406              		.loc 1 379 3 is_stmt 1 view .LVU94
 379:Drivers/STM32F3xx_HAL_Driver/Src/stm32f3xx_hal_uart_ex.c **** 
 407              		.loc 1 379 3 view .LVU95
 408 0070 0023     		movs	r3, #0
 409 0072 84F87030 		strb	r3, [r4, #112]
 379:Drivers/STM32F3xx_HAL_Driver/Src/stm32f3xx_hal_uart_ex.c **** 
 410              		.loc 1 379 3 view .LVU96
 381:Drivers/STM32F3xx_HAL_Driver/Src/stm32f3xx_hal_uart_ex.c **** }
 411              		.loc 1 381 3 view .LVU97
 412              	.LVL31:
 413              	.L23:
 382:Drivers/STM32F3xx_HAL_Driver/Src/stm32f3xx_hal_uart_ex.c **** 
 414              		.loc 1 382 1 is_stmt 0 view .LVU98
 415 0076 04B0     		add	sp, sp, #16
 416              	.LCFI8:
 417              		.cfi_remember_state
 418              		.cfi_def_cfa_offset 8
 419              		@ sp needed
 420 0078 10BD     		pop	{r4, pc}
 421              	.LVL32:
 422              	.L26:
 423              	.LCFI9:
 424              		.cfi_restore_state
 346:Drivers/STM32F3xx_HAL_Driver/Src/stm32f3xx_hal_uart_ex.c **** 
 425              		.loc 1 346 3 view .LVU99
 426 007a 0220     		movs	r0, #2
 427              	.LVL33:
 346:Drivers/STM32F3xx_HAL_Driver/Src/stm32f3xx_hal_uart_ex.c **** 
 428              		.loc 1 346 3 view .LVU100
 429 007c FBE7     		b	.L23
 430              		.cfi_endproc
 431              	.LFE133:
 433              		.section	.text.HAL_UARTEx_EnableStopMode,"ax",%progbits
 434              		.align	1
ARM GAS  /var/folders/jw/jcj5j9_530958b2rm5vp9wn00000gn/T//ccrfZdkj.s 			page 18


 435              		.global	HAL_UARTEx_EnableStopMode
 436              		.syntax unified
 437              		.thumb
 438              		.thumb_func
 439              		.fpu fpv4-sp-d16
 441              	HAL_UARTEx_EnableStopMode:
 442              	.LVL34:
 443              	.LFB134:
 391:Drivers/STM32F3xx_HAL_Driver/Src/stm32f3xx_hal_uart_ex.c ****   /* Process Locked */
 444              		.loc 1 391 1 is_stmt 1 view -0
 445              		.cfi_startproc
 446              		@ args = 0, pretend = 0, frame = 0
 447              		@ frame_needed = 0, uses_anonymous_args = 0
 448              		@ link register save eliminated.
 393:Drivers/STM32F3xx_HAL_Driver/Src/stm32f3xx_hal_uart_ex.c **** 
 449              		.loc 1 393 3 view .LVU102
 393:Drivers/STM32F3xx_HAL_Driver/Src/stm32f3xx_hal_uart_ex.c **** 
 450              		.loc 1 393 3 view .LVU103
 451 0000 90F87030 		ldrb	r3, [r0, #112]	@ zero_extendqisi2
 452 0004 012B     		cmp	r3, #1
 453 0006 0CD0     		beq	.L32
 393:Drivers/STM32F3xx_HAL_Driver/Src/stm32f3xx_hal_uart_ex.c **** 
 454              		.loc 1 393 3 discriminator 2 view .LVU104
 455 0008 0123     		movs	r3, #1
 456 000a 80F87030 		strb	r3, [r0, #112]
 393:Drivers/STM32F3xx_HAL_Driver/Src/stm32f3xx_hal_uart_ex.c **** 
 457              		.loc 1 393 3 discriminator 2 view .LVU105
 396:Drivers/STM32F3xx_HAL_Driver/Src/stm32f3xx_hal_uart_ex.c **** 
 458              		.loc 1 396 3 discriminator 2 view .LVU106
 459 000e 0268     		ldr	r2, [r0]
 460 0010 1368     		ldr	r3, [r2]
 461 0012 43F00203 		orr	r3, r3, #2
 462 0016 1360     		str	r3, [r2]
 399:Drivers/STM32F3xx_HAL_Driver/Src/stm32f3xx_hal_uart_ex.c **** 
 463              		.loc 1 399 3 discriminator 2 view .LVU107
 399:Drivers/STM32F3xx_HAL_Driver/Src/stm32f3xx_hal_uart_ex.c **** 
 464              		.loc 1 399 3 discriminator 2 view .LVU108
 465 0018 0023     		movs	r3, #0
 466 001a 80F87030 		strb	r3, [r0, #112]
 399:Drivers/STM32F3xx_HAL_Driver/Src/stm32f3xx_hal_uart_ex.c **** 
 467              		.loc 1 399 3 discriminator 2 view .LVU109
 401:Drivers/STM32F3xx_HAL_Driver/Src/stm32f3xx_hal_uart_ex.c **** }
 468              		.loc 1 401 3 discriminator 2 view .LVU110
 401:Drivers/STM32F3xx_HAL_Driver/Src/stm32f3xx_hal_uart_ex.c **** }
 469              		.loc 1 401 10 is_stmt 0 discriminator 2 view .LVU111
 470 001e 1846     		mov	r0, r3
 471              	.LVL35:
 401:Drivers/STM32F3xx_HAL_Driver/Src/stm32f3xx_hal_uart_ex.c **** }
 472              		.loc 1 401 10 discriminator 2 view .LVU112
 473 0020 7047     		bx	lr
 474              	.LVL36:
 475              	.L32:
 393:Drivers/STM32F3xx_HAL_Driver/Src/stm32f3xx_hal_uart_ex.c **** 
 476              		.loc 1 393 3 view .LVU113
 477 0022 0220     		movs	r0, #2
 478              	.LVL37:
 402:Drivers/STM32F3xx_HAL_Driver/Src/stm32f3xx_hal_uart_ex.c **** 
ARM GAS  /var/folders/jw/jcj5j9_530958b2rm5vp9wn00000gn/T//ccrfZdkj.s 			page 19


 479              		.loc 1 402 1 view .LVU114
 480 0024 7047     		bx	lr
 481              		.cfi_endproc
 482              	.LFE134:
 484              		.section	.text.HAL_UARTEx_DisableStopMode,"ax",%progbits
 485              		.align	1
 486              		.global	HAL_UARTEx_DisableStopMode
 487              		.syntax unified
 488              		.thumb
 489              		.thumb_func
 490              		.fpu fpv4-sp-d16
 492              	HAL_UARTEx_DisableStopMode:
 493              	.LVL38:
 494              	.LFB135:
 410:Drivers/STM32F3xx_HAL_Driver/Src/stm32f3xx_hal_uart_ex.c ****   /* Process Locked */
 495              		.loc 1 410 1 is_stmt 1 view -0
 496              		.cfi_startproc
 497              		@ args = 0, pretend = 0, frame = 0
 498              		@ frame_needed = 0, uses_anonymous_args = 0
 499              		@ link register save eliminated.
 412:Drivers/STM32F3xx_HAL_Driver/Src/stm32f3xx_hal_uart_ex.c **** 
 500              		.loc 1 412 3 view .LVU116
 412:Drivers/STM32F3xx_HAL_Driver/Src/stm32f3xx_hal_uart_ex.c **** 
 501              		.loc 1 412 3 view .LVU117
 502 0000 90F87030 		ldrb	r3, [r0, #112]	@ zero_extendqisi2
 503 0004 012B     		cmp	r3, #1
 504 0006 0CD0     		beq	.L35
 412:Drivers/STM32F3xx_HAL_Driver/Src/stm32f3xx_hal_uart_ex.c **** 
 505              		.loc 1 412 3 discriminator 2 view .LVU118
 506 0008 0123     		movs	r3, #1
 507 000a 80F87030 		strb	r3, [r0, #112]
 412:Drivers/STM32F3xx_HAL_Driver/Src/stm32f3xx_hal_uart_ex.c **** 
 508              		.loc 1 412 3 discriminator 2 view .LVU119
 415:Drivers/STM32F3xx_HAL_Driver/Src/stm32f3xx_hal_uart_ex.c **** 
 509              		.loc 1 415 3 discriminator 2 view .LVU120
 510 000e 0268     		ldr	r2, [r0]
 511 0010 1368     		ldr	r3, [r2]
 512 0012 23F00203 		bic	r3, r3, #2
 513 0016 1360     		str	r3, [r2]
 418:Drivers/STM32F3xx_HAL_Driver/Src/stm32f3xx_hal_uart_ex.c **** 
 514              		.loc 1 418 3 discriminator 2 view .LVU121
 418:Drivers/STM32F3xx_HAL_Driver/Src/stm32f3xx_hal_uart_ex.c **** 
 515              		.loc 1 418 3 discriminator 2 view .LVU122
 516 0018 0023     		movs	r3, #0
 517 001a 80F87030 		strb	r3, [r0, #112]
 418:Drivers/STM32F3xx_HAL_Driver/Src/stm32f3xx_hal_uart_ex.c **** 
 518              		.loc 1 418 3 discriminator 2 view .LVU123
 420:Drivers/STM32F3xx_HAL_Driver/Src/stm32f3xx_hal_uart_ex.c **** }
 519              		.loc 1 420 3 discriminator 2 view .LVU124
 420:Drivers/STM32F3xx_HAL_Driver/Src/stm32f3xx_hal_uart_ex.c **** }
 520              		.loc 1 420 10 is_stmt 0 discriminator 2 view .LVU125
 521 001e 1846     		mov	r0, r3
 522              	.LVL39:
 420:Drivers/STM32F3xx_HAL_Driver/Src/stm32f3xx_hal_uart_ex.c **** }
 523              		.loc 1 420 10 discriminator 2 view .LVU126
 524 0020 7047     		bx	lr
 525              	.LVL40:
ARM GAS  /var/folders/jw/jcj5j9_530958b2rm5vp9wn00000gn/T//ccrfZdkj.s 			page 20


 526              	.L35:
 412:Drivers/STM32F3xx_HAL_Driver/Src/stm32f3xx_hal_uart_ex.c **** 
 527              		.loc 1 412 3 view .LVU127
 528 0022 0220     		movs	r0, #2
 529              	.LVL41:
 421:Drivers/STM32F3xx_HAL_Driver/Src/stm32f3xx_hal_uart_ex.c **** 
 530              		.loc 1 421 1 view .LVU128
 531 0024 7047     		bx	lr
 532              		.cfi_endproc
 533              	.LFE135:
 535              		.text
 536              	.Letext0:
 537              		.file 2 "/Users/javier/Library/xPacks/@xpack-dev-tools/arm-none-eabi-gcc/9.3.1-1.4.1/.content/arm-
 538              		.file 3 "/Users/javier/Library/xPacks/@xpack-dev-tools/arm-none-eabi-gcc/9.3.1-1.4.1/.content/arm-
 539              		.file 4 "Drivers/CMSIS/Include/core_cm4.h"
 540              		.file 5 "Drivers/CMSIS/Device/ST/STM32F3xx/Include/system_stm32f3xx.h"
 541              		.file 6 "Drivers/CMSIS/Device/ST/STM32F3xx/Include/stm32f373xc.h"
 542              		.file 7 "Drivers/CMSIS/Device/ST/STM32F3xx/Include/stm32f3xx.h"
 543              		.file 8 "Drivers/STM32F3xx_HAL_Driver/Inc/stm32f3xx_hal_def.h"
 544              		.file 9 "Drivers/STM32F3xx_HAL_Driver/Inc/stm32f3xx_hal_dma.h"
 545              		.file 10 "Drivers/STM32F3xx_HAL_Driver/Inc/stm32f3xx_hal_uart.h"
 546              		.file 11 "Drivers/STM32F3xx_HAL_Driver/Inc/stm32f3xx_hal_uart_ex.h"
 547              		.file 12 "Drivers/STM32F3xx_HAL_Driver/Inc/stm32f3xx_hal.h"
ARM GAS  /var/folders/jw/jcj5j9_530958b2rm5vp9wn00000gn/T//ccrfZdkj.s 			page 21


DEFINED SYMBOLS
                            *ABS*:0000000000000000 stm32f3xx_hal_uart_ex.c
/var/folders/jw/jcj5j9_530958b2rm5vp9wn00000gn/T//ccrfZdkj.s:18     .text.UARTEx_Wakeup_AddressConfig:0000000000000000 $t
/var/folders/jw/jcj5j9_530958b2rm5vp9wn00000gn/T//ccrfZdkj.s:25     .text.UARTEx_Wakeup_AddressConfig:0000000000000000 UARTEx_Wakeup_AddressConfig
/var/folders/jw/jcj5j9_530958b2rm5vp9wn00000gn/T//ccrfZdkj.s:65     .text.HAL_RS485Ex_Init:0000000000000000 $t
/var/folders/jw/jcj5j9_530958b2rm5vp9wn00000gn/T//ccrfZdkj.s:72     .text.HAL_RS485Ex_Init:0000000000000000 HAL_RS485Ex_Init
/var/folders/jw/jcj5j9_530958b2rm5vp9wn00000gn/T//ccrfZdkj.s:209    .text.HAL_UARTEx_WakeupCallback:0000000000000000 $t
/var/folders/jw/jcj5j9_530958b2rm5vp9wn00000gn/T//ccrfZdkj.s:216    .text.HAL_UARTEx_WakeupCallback:0000000000000000 HAL_UARTEx_WakeupCallback
/var/folders/jw/jcj5j9_530958b2rm5vp9wn00000gn/T//ccrfZdkj.s:231    .text.HAL_MultiProcessorEx_AddressLength_Set:0000000000000000 $t
/var/folders/jw/jcj5j9_530958b2rm5vp9wn00000gn/T//ccrfZdkj.s:238    .text.HAL_MultiProcessorEx_AddressLength_Set:0000000000000000 HAL_MultiProcessorEx_AddressLength_Set
/var/folders/jw/jcj5j9_530958b2rm5vp9wn00000gn/T//ccrfZdkj.s:302    .text.HAL_UARTEx_StopModeWakeUpSourceConfig:0000000000000000 $t
/var/folders/jw/jcj5j9_530958b2rm5vp9wn00000gn/T//ccrfZdkj.s:309    .text.HAL_UARTEx_StopModeWakeUpSourceConfig:0000000000000000 HAL_UARTEx_StopModeWakeUpSourceConfig
/var/folders/jw/jcj5j9_530958b2rm5vp9wn00000gn/T//ccrfZdkj.s:434    .text.HAL_UARTEx_EnableStopMode:0000000000000000 $t
/var/folders/jw/jcj5j9_530958b2rm5vp9wn00000gn/T//ccrfZdkj.s:441    .text.HAL_UARTEx_EnableStopMode:0000000000000000 HAL_UARTEx_EnableStopMode
/var/folders/jw/jcj5j9_530958b2rm5vp9wn00000gn/T//ccrfZdkj.s:485    .text.HAL_UARTEx_DisableStopMode:0000000000000000 $t
/var/folders/jw/jcj5j9_530958b2rm5vp9wn00000gn/T//ccrfZdkj.s:492    .text.HAL_UARTEx_DisableStopMode:0000000000000000 HAL_UARTEx_DisableStopMode

UNDEFINED SYMBOLS
UART_SetConfig
UART_CheckIdleState
HAL_UART_MspInit
UART_AdvFeatureConfig
HAL_GetTick
UART_WaitOnFlagUntilTimeout
