ARM GAS  /var/folders/jw/jcj5j9_530958b2rm5vp9wn00000gn/T//cc7D3rNB.s 			page 1


   1              		.cpu cortex-m4
   2              		.eabi_attribute 27, 1
   3              		.eabi_attribute 28, 1
   4              		.eabi_attribute 20, 1
   5              		.eabi_attribute 21, 1
   6              		.eabi_attribute 23, 3
   7              		.eabi_attribute 24, 1
   8              		.eabi_attribute 25, 1
   9              		.eabi_attribute 26, 1
  10              		.eabi_attribute 30, 1
  11              		.eabi_attribute 34, 1
  12              		.eabi_attribute 18, 4
  13              		.file	"usbd_cdc_if.c"
  14              		.text
  15              	.Ltext0:
  16              		.cfi_sections	.debug_frame
  17              		.section	.text.CDC_DeInit_FS,"ax",%progbits
  18              		.align	1
  19              		.arch armv7e-m
  20              		.syntax unified
  21              		.thumb
  22              		.thumb_func
  23              		.fpu fpv4-sp-d16
  25              	CDC_DeInit_FS:
  26              	.LFB134:
  27              		.file 1 "USB_DEVICE/App/usbd_cdc_if.c"
   1:USB_DEVICE/App/usbd_cdc_if.c **** /* USER CODE BEGIN Header */
   2:USB_DEVICE/App/usbd_cdc_if.c **** /**
   3:USB_DEVICE/App/usbd_cdc_if.c ****   ******************************************************************************
   4:USB_DEVICE/App/usbd_cdc_if.c ****   * @file           : usbd_cdc_if.c
   5:USB_DEVICE/App/usbd_cdc_if.c ****   * @version        : v2.0_Cube
   6:USB_DEVICE/App/usbd_cdc_if.c ****   * @brief          : Usb device for Virtual Com Port.
   7:USB_DEVICE/App/usbd_cdc_if.c ****   ******************************************************************************
   8:USB_DEVICE/App/usbd_cdc_if.c ****   * @attention
   9:USB_DEVICE/App/usbd_cdc_if.c ****   *
  10:USB_DEVICE/App/usbd_cdc_if.c ****   * <h2><center>&copy; Copyright (c) 2020 STMicroelectronics.
  11:USB_DEVICE/App/usbd_cdc_if.c ****   * All rights reserved.</center></h2>
  12:USB_DEVICE/App/usbd_cdc_if.c ****   *
  13:USB_DEVICE/App/usbd_cdc_if.c ****   * This software component is licensed by ST under Ultimate Liberty license
  14:USB_DEVICE/App/usbd_cdc_if.c ****   * SLA0044, the "License"; You may not use this file except in compliance with
  15:USB_DEVICE/App/usbd_cdc_if.c ****   * the License. You may obtain a copy of the License at:
  16:USB_DEVICE/App/usbd_cdc_if.c ****   *                             www.st.com/SLA0044
  17:USB_DEVICE/App/usbd_cdc_if.c ****   *
  18:USB_DEVICE/App/usbd_cdc_if.c ****   ******************************************************************************
  19:USB_DEVICE/App/usbd_cdc_if.c ****   */
  20:USB_DEVICE/App/usbd_cdc_if.c **** /* USER CODE END Header */
  21:USB_DEVICE/App/usbd_cdc_if.c **** 
  22:USB_DEVICE/App/usbd_cdc_if.c **** /* Includes ------------------------------------------------------------------*/
  23:USB_DEVICE/App/usbd_cdc_if.c **** #include "usbd_cdc_if.h"
  24:USB_DEVICE/App/usbd_cdc_if.c **** 
  25:USB_DEVICE/App/usbd_cdc_if.c **** /* USER CODE BEGIN INCLUDE */
  26:USB_DEVICE/App/usbd_cdc_if.c **** #include "../Lib/FIFO.h"
  27:USB_DEVICE/App/usbd_cdc_if.c **** /* USER CODE END INCLUDE */
  28:USB_DEVICE/App/usbd_cdc_if.c **** 
  29:USB_DEVICE/App/usbd_cdc_if.c **** /* Private typedef -----------------------------------------------------------*/
  30:USB_DEVICE/App/usbd_cdc_if.c **** /* Private define ------------------------------------------------------------*/
  31:USB_DEVICE/App/usbd_cdc_if.c **** /* Private macro -------------------------------------------------------------*/
ARM GAS  /var/folders/jw/jcj5j9_530958b2rm5vp9wn00000gn/T//cc7D3rNB.s 			page 2


  32:USB_DEVICE/App/usbd_cdc_if.c **** 
  33:USB_DEVICE/App/usbd_cdc_if.c **** /* USER CODE BEGIN PV */
  34:USB_DEVICE/App/usbd_cdc_if.c **** /* Private variables ---------------------------------------------------------*/
  35:USB_DEVICE/App/usbd_cdc_if.c **** 
  36:USB_DEVICE/App/usbd_cdc_if.c **** /* USER CODE END PV */
  37:USB_DEVICE/App/usbd_cdc_if.c **** 
  38:USB_DEVICE/App/usbd_cdc_if.c **** /** @addtogroup STM32_USB_OTG_DEVICE_LIBRARY
  39:USB_DEVICE/App/usbd_cdc_if.c ****   * @brief Usb device library.
  40:USB_DEVICE/App/usbd_cdc_if.c ****   * @{
  41:USB_DEVICE/App/usbd_cdc_if.c ****   */
  42:USB_DEVICE/App/usbd_cdc_if.c **** 
  43:USB_DEVICE/App/usbd_cdc_if.c **** /** @addtogroup USBD_CDC_IF
  44:USB_DEVICE/App/usbd_cdc_if.c ****   * @{
  45:USB_DEVICE/App/usbd_cdc_if.c ****   */
  46:USB_DEVICE/App/usbd_cdc_if.c **** 
  47:USB_DEVICE/App/usbd_cdc_if.c **** /** @defgroup USBD_CDC_IF_Private_TypesDefinitions USBD_CDC_IF_Private_TypesDefinitions
  48:USB_DEVICE/App/usbd_cdc_if.c ****   * @brief Private types.
  49:USB_DEVICE/App/usbd_cdc_if.c ****   * @{
  50:USB_DEVICE/App/usbd_cdc_if.c ****   */
  51:USB_DEVICE/App/usbd_cdc_if.c **** 
  52:USB_DEVICE/App/usbd_cdc_if.c **** /* USER CODE BEGIN PRIVATE_TYPES */
  53:USB_DEVICE/App/usbd_cdc_if.c **** 
  54:USB_DEVICE/App/usbd_cdc_if.c **** /* USER CODE END PRIVATE_TYPES */
  55:USB_DEVICE/App/usbd_cdc_if.c **** 
  56:USB_DEVICE/App/usbd_cdc_if.c **** /**
  57:USB_DEVICE/App/usbd_cdc_if.c ****   * @}
  58:USB_DEVICE/App/usbd_cdc_if.c ****   */
  59:USB_DEVICE/App/usbd_cdc_if.c **** 
  60:USB_DEVICE/App/usbd_cdc_if.c **** /** @defgroup USBD_CDC_IF_Private_Defines USBD_CDC_IF_Private_Defines
  61:USB_DEVICE/App/usbd_cdc_if.c ****   * @brief Private defines.
  62:USB_DEVICE/App/usbd_cdc_if.c ****   * @{
  63:USB_DEVICE/App/usbd_cdc_if.c ****   */
  64:USB_DEVICE/App/usbd_cdc_if.c **** 
  65:USB_DEVICE/App/usbd_cdc_if.c **** /* USER CODE BEGIN PRIVATE_DEFINES */
  66:USB_DEVICE/App/usbd_cdc_if.c **** /* Define size for the receive and transmit buffer over CDC */
  67:USB_DEVICE/App/usbd_cdc_if.c **** /* It's up to user to redefine and/or remove those define */
  68:USB_DEVICE/App/usbd_cdc_if.c **** #define APP_RX_DATA_SIZE  1000
  69:USB_DEVICE/App/usbd_cdc_if.c **** #define APP_TX_DATA_SIZE  1000
  70:USB_DEVICE/App/usbd_cdc_if.c **** /* USER CODE END PRIVATE_DEFINES */
  71:USB_DEVICE/App/usbd_cdc_if.c **** 
  72:USB_DEVICE/App/usbd_cdc_if.c **** /**
  73:USB_DEVICE/App/usbd_cdc_if.c ****   * @}
  74:USB_DEVICE/App/usbd_cdc_if.c ****   */
  75:USB_DEVICE/App/usbd_cdc_if.c **** 
  76:USB_DEVICE/App/usbd_cdc_if.c **** /** @defgroup USBD_CDC_IF_Private_Macros USBD_CDC_IF_Private_Macros
  77:USB_DEVICE/App/usbd_cdc_if.c ****   * @brief Private macros.
  78:USB_DEVICE/App/usbd_cdc_if.c ****   * @{
  79:USB_DEVICE/App/usbd_cdc_if.c ****   */
  80:USB_DEVICE/App/usbd_cdc_if.c **** 
  81:USB_DEVICE/App/usbd_cdc_if.c **** /* USER CODE BEGIN PRIVATE_MACRO */
  82:USB_DEVICE/App/usbd_cdc_if.c **** 
  83:USB_DEVICE/App/usbd_cdc_if.c **** /* USER CODE END PRIVATE_MACRO */
  84:USB_DEVICE/App/usbd_cdc_if.c **** 
  85:USB_DEVICE/App/usbd_cdc_if.c **** /**
  86:USB_DEVICE/App/usbd_cdc_if.c ****   * @}
  87:USB_DEVICE/App/usbd_cdc_if.c ****   */
  88:USB_DEVICE/App/usbd_cdc_if.c **** 
ARM GAS  /var/folders/jw/jcj5j9_530958b2rm5vp9wn00000gn/T//cc7D3rNB.s 			page 3


  89:USB_DEVICE/App/usbd_cdc_if.c **** /** @defgroup USBD_CDC_IF_Private_Variables USBD_CDC_IF_Private_Variables
  90:USB_DEVICE/App/usbd_cdc_if.c ****   * @brief Private variables.
  91:USB_DEVICE/App/usbd_cdc_if.c ****   * @{
  92:USB_DEVICE/App/usbd_cdc_if.c ****   */
  93:USB_DEVICE/App/usbd_cdc_if.c **** /* Create buffer for reception and transmission           */
  94:USB_DEVICE/App/usbd_cdc_if.c **** /* It's up to user to redefine and/or remove those define */
  95:USB_DEVICE/App/usbd_cdc_if.c **** /** Received data over USB are stored in this buffer      */
  96:USB_DEVICE/App/usbd_cdc_if.c **** uint8_t UserRxBufferFS[APP_RX_DATA_SIZE];
  97:USB_DEVICE/App/usbd_cdc_if.c **** 
  98:USB_DEVICE/App/usbd_cdc_if.c **** /** Data to send over USB CDC are stored in this buffer   */
  99:USB_DEVICE/App/usbd_cdc_if.c **** uint8_t UserTxBufferFS[APP_TX_DATA_SIZE];
 100:USB_DEVICE/App/usbd_cdc_if.c **** 
 101:USB_DEVICE/App/usbd_cdc_if.c **** /* USER CODE BEGIN PRIVATE_VARIABLES */
 102:USB_DEVICE/App/usbd_cdc_if.c **** 
 103:USB_DEVICE/App/usbd_cdc_if.c **** /* USER CODE END PRIVATE_VARIABLES */
 104:USB_DEVICE/App/usbd_cdc_if.c **** 
 105:USB_DEVICE/App/usbd_cdc_if.c **** /**
 106:USB_DEVICE/App/usbd_cdc_if.c ****   * @}
 107:USB_DEVICE/App/usbd_cdc_if.c ****   */
 108:USB_DEVICE/App/usbd_cdc_if.c **** 
 109:USB_DEVICE/App/usbd_cdc_if.c **** /** @defgroup USBD_CDC_IF_Exported_Variables USBD_CDC_IF_Exported_Variables
 110:USB_DEVICE/App/usbd_cdc_if.c ****   * @brief Public variables.
 111:USB_DEVICE/App/usbd_cdc_if.c ****   * @{
 112:USB_DEVICE/App/usbd_cdc_if.c ****   */
 113:USB_DEVICE/App/usbd_cdc_if.c **** 
 114:USB_DEVICE/App/usbd_cdc_if.c **** extern USBD_HandleTypeDef hUsbDeviceFS;
 115:USB_DEVICE/App/usbd_cdc_if.c **** 
 116:USB_DEVICE/App/usbd_cdc_if.c **** /* USER CODE BEGIN EXPORTED_VARIABLES */
 117:USB_DEVICE/App/usbd_cdc_if.c **** 
 118:USB_DEVICE/App/usbd_cdc_if.c **** /* USER CODE END EXPORTED_VARIABLES */
 119:USB_DEVICE/App/usbd_cdc_if.c **** 
 120:USB_DEVICE/App/usbd_cdc_if.c **** /**
 121:USB_DEVICE/App/usbd_cdc_if.c ****   * @}
 122:USB_DEVICE/App/usbd_cdc_if.c ****   */
 123:USB_DEVICE/App/usbd_cdc_if.c **** 
 124:USB_DEVICE/App/usbd_cdc_if.c **** /** @defgroup USBD_CDC_IF_Private_FunctionPrototypes USBD_CDC_IF_Private_FunctionPrototypes
 125:USB_DEVICE/App/usbd_cdc_if.c ****   * @brief Private functions declaration.
 126:USB_DEVICE/App/usbd_cdc_if.c ****   * @{
 127:USB_DEVICE/App/usbd_cdc_if.c ****   */
 128:USB_DEVICE/App/usbd_cdc_if.c **** 
 129:USB_DEVICE/App/usbd_cdc_if.c **** static int8_t CDC_Init_FS(void);
 130:USB_DEVICE/App/usbd_cdc_if.c **** static int8_t CDC_DeInit_FS(void);
 131:USB_DEVICE/App/usbd_cdc_if.c **** static int8_t CDC_Control_FS(uint8_t cmd, uint8_t* pbuf, uint16_t length);
 132:USB_DEVICE/App/usbd_cdc_if.c **** static int8_t CDC_Receive_FS(uint8_t* pbuf, uint32_t *Len);
 133:USB_DEVICE/App/usbd_cdc_if.c **** 
 134:USB_DEVICE/App/usbd_cdc_if.c **** /* USER CODE BEGIN PRIVATE_FUNCTIONS_DECLARATION */
 135:USB_DEVICE/App/usbd_cdc_if.c **** 
 136:USB_DEVICE/App/usbd_cdc_if.c **** /* USER CODE END PRIVATE_FUNCTIONS_DECLARATION */
 137:USB_DEVICE/App/usbd_cdc_if.c **** 
 138:USB_DEVICE/App/usbd_cdc_if.c **** /**
 139:USB_DEVICE/App/usbd_cdc_if.c ****   * @}
 140:USB_DEVICE/App/usbd_cdc_if.c ****   */
 141:USB_DEVICE/App/usbd_cdc_if.c **** 
 142:USB_DEVICE/App/usbd_cdc_if.c **** USBD_CDC_ItfTypeDef USBD_Interface_fops_FS =
 143:USB_DEVICE/App/usbd_cdc_if.c **** {
 144:USB_DEVICE/App/usbd_cdc_if.c ****   CDC_Init_FS,
 145:USB_DEVICE/App/usbd_cdc_if.c ****   CDC_DeInit_FS,
ARM GAS  /var/folders/jw/jcj5j9_530958b2rm5vp9wn00000gn/T//cc7D3rNB.s 			page 4


 146:USB_DEVICE/App/usbd_cdc_if.c ****   CDC_Control_FS,
 147:USB_DEVICE/App/usbd_cdc_if.c ****   CDC_Receive_FS
 148:USB_DEVICE/App/usbd_cdc_if.c **** };
 149:USB_DEVICE/App/usbd_cdc_if.c **** 
 150:USB_DEVICE/App/usbd_cdc_if.c **** /* Private functions ---------------------------------------------------------*/
 151:USB_DEVICE/App/usbd_cdc_if.c **** /**
 152:USB_DEVICE/App/usbd_cdc_if.c ****   * @brief  Initializes the CDC media low layer over the FS USB IP
 153:USB_DEVICE/App/usbd_cdc_if.c ****   * @retval USBD_OK if all operations are OK else USBD_FAIL
 154:USB_DEVICE/App/usbd_cdc_if.c ****   */
 155:USB_DEVICE/App/usbd_cdc_if.c **** static int8_t CDC_Init_FS(void)
 156:USB_DEVICE/App/usbd_cdc_if.c **** {
 157:USB_DEVICE/App/usbd_cdc_if.c ****   /* USER CODE BEGIN 3 */
 158:USB_DEVICE/App/usbd_cdc_if.c ****   /* Set Application Buffers */
 159:USB_DEVICE/App/usbd_cdc_if.c ****   USBD_CDC_SetTxBuffer(&hUsbDeviceFS, UserTxBufferFS, 0);
 160:USB_DEVICE/App/usbd_cdc_if.c ****   USBD_CDC_SetRxBuffer(&hUsbDeviceFS, UserRxBufferFS);
 161:USB_DEVICE/App/usbd_cdc_if.c ****   return (USBD_OK);
 162:USB_DEVICE/App/usbd_cdc_if.c ****   /* USER CODE END 3 */
 163:USB_DEVICE/App/usbd_cdc_if.c **** }
 164:USB_DEVICE/App/usbd_cdc_if.c **** 
 165:USB_DEVICE/App/usbd_cdc_if.c **** /**
 166:USB_DEVICE/App/usbd_cdc_if.c ****   * @brief  DeInitializes the CDC media low layer
 167:USB_DEVICE/App/usbd_cdc_if.c ****   * @retval USBD_OK if all operations are OK else USBD_FAIL
 168:USB_DEVICE/App/usbd_cdc_if.c ****   */
 169:USB_DEVICE/App/usbd_cdc_if.c **** static int8_t CDC_DeInit_FS(void)
 170:USB_DEVICE/App/usbd_cdc_if.c **** {
  28              		.loc 1 170 1 view -0
  29              		.cfi_startproc
  30              		@ args = 0, pretend = 0, frame = 0
  31              		@ frame_needed = 0, uses_anonymous_args = 0
  32              		@ link register save eliminated.
 171:USB_DEVICE/App/usbd_cdc_if.c ****   /* USER CODE BEGIN 4 */
 172:USB_DEVICE/App/usbd_cdc_if.c ****   return (USBD_OK);
  33              		.loc 1 172 3 view .LVU1
 173:USB_DEVICE/App/usbd_cdc_if.c ****   /* USER CODE END 4 */
 174:USB_DEVICE/App/usbd_cdc_if.c **** }
  34              		.loc 1 174 1 is_stmt 0 view .LVU2
  35 0000 0020     		movs	r0, #0
  36 0002 7047     		bx	lr
  37              		.cfi_endproc
  38              	.LFE134:
  40              		.section	.text.CDC_Control_FS,"ax",%progbits
  41              		.align	1
  42              		.syntax unified
  43              		.thumb
  44              		.thumb_func
  45              		.fpu fpv4-sp-d16
  47              	CDC_Control_FS:
  48              	.LVL0:
  49              	.LFB135:
 175:USB_DEVICE/App/usbd_cdc_if.c **** 
 176:USB_DEVICE/App/usbd_cdc_if.c **** /**
 177:USB_DEVICE/App/usbd_cdc_if.c ****   * @brief  Manage the CDC class requests
 178:USB_DEVICE/App/usbd_cdc_if.c ****   * @param  cmd: Command code
 179:USB_DEVICE/App/usbd_cdc_if.c ****   * @param  pbuf: Buffer containing command data (request parameters)
 180:USB_DEVICE/App/usbd_cdc_if.c ****   * @param  length: Number of data to be sent (in bytes)
 181:USB_DEVICE/App/usbd_cdc_if.c ****   * @retval Result of the operation: USBD_OK if all operations are OK else USBD_FAIL
 182:USB_DEVICE/App/usbd_cdc_if.c ****   */
ARM GAS  /var/folders/jw/jcj5j9_530958b2rm5vp9wn00000gn/T//cc7D3rNB.s 			page 5


 183:USB_DEVICE/App/usbd_cdc_if.c **** static int8_t CDC_Control_FS(uint8_t cmd, uint8_t* pbuf, uint16_t length)
 184:USB_DEVICE/App/usbd_cdc_if.c **** {
  50              		.loc 1 184 1 is_stmt 1 view -0
  51              		.cfi_startproc
  52              		@ args = 0, pretend = 0, frame = 0
  53              		@ frame_needed = 0, uses_anonymous_args = 0
  54              		@ link register save eliminated.
 185:USB_DEVICE/App/usbd_cdc_if.c ****   /* USER CODE BEGIN 5 */
 186:USB_DEVICE/App/usbd_cdc_if.c ****   switch(cmd)
  55              		.loc 1 186 3 view .LVU4
 187:USB_DEVICE/App/usbd_cdc_if.c ****   {
 188:USB_DEVICE/App/usbd_cdc_if.c ****     case CDC_SEND_ENCAPSULATED_COMMAND:
 189:USB_DEVICE/App/usbd_cdc_if.c **** 
 190:USB_DEVICE/App/usbd_cdc_if.c ****     break;
 191:USB_DEVICE/App/usbd_cdc_if.c **** 
 192:USB_DEVICE/App/usbd_cdc_if.c ****     case CDC_GET_ENCAPSULATED_RESPONSE:
 193:USB_DEVICE/App/usbd_cdc_if.c **** 
 194:USB_DEVICE/App/usbd_cdc_if.c ****     break;
 195:USB_DEVICE/App/usbd_cdc_if.c **** 
 196:USB_DEVICE/App/usbd_cdc_if.c ****     case CDC_SET_COMM_FEATURE:
 197:USB_DEVICE/App/usbd_cdc_if.c **** 
 198:USB_DEVICE/App/usbd_cdc_if.c ****     break;
 199:USB_DEVICE/App/usbd_cdc_if.c **** 
 200:USB_DEVICE/App/usbd_cdc_if.c ****     case CDC_GET_COMM_FEATURE:
 201:USB_DEVICE/App/usbd_cdc_if.c **** 
 202:USB_DEVICE/App/usbd_cdc_if.c ****     break;
 203:USB_DEVICE/App/usbd_cdc_if.c **** 
 204:USB_DEVICE/App/usbd_cdc_if.c ****     case CDC_CLEAR_COMM_FEATURE:
 205:USB_DEVICE/App/usbd_cdc_if.c **** 
 206:USB_DEVICE/App/usbd_cdc_if.c ****     break;
 207:USB_DEVICE/App/usbd_cdc_if.c **** 
 208:USB_DEVICE/App/usbd_cdc_if.c ****   /*******************************************************************************/
 209:USB_DEVICE/App/usbd_cdc_if.c ****   /* Line Coding Structure                                                       */
 210:USB_DEVICE/App/usbd_cdc_if.c ****   /*-----------------------------------------------------------------------------*/
 211:USB_DEVICE/App/usbd_cdc_if.c ****   /* Offset | Field       | Size | Value  | Description                          */
 212:USB_DEVICE/App/usbd_cdc_if.c ****   /* 0      | dwDTERate   |   4  | Number |Data terminal rate, in bits per second*/
 213:USB_DEVICE/App/usbd_cdc_if.c ****   /* 4      | bCharFormat |   1  | Number | Stop bits                            */
 214:USB_DEVICE/App/usbd_cdc_if.c ****   /*                                        0 - 1 Stop bit                       */
 215:USB_DEVICE/App/usbd_cdc_if.c ****   /*                                        1 - 1.5 Stop bits                    */
 216:USB_DEVICE/App/usbd_cdc_if.c ****   /*                                        2 - 2 Stop bits                      */
 217:USB_DEVICE/App/usbd_cdc_if.c ****   /* 5      | bParityType |  1   | Number | Parity                               */
 218:USB_DEVICE/App/usbd_cdc_if.c ****   /*                                        0 - None                             */
 219:USB_DEVICE/App/usbd_cdc_if.c ****   /*                                        1 - Odd                              */
 220:USB_DEVICE/App/usbd_cdc_if.c ****   /*                                        2 - Even                             */
 221:USB_DEVICE/App/usbd_cdc_if.c ****   /*                                        3 - Mark                             */
 222:USB_DEVICE/App/usbd_cdc_if.c ****   /*                                        4 - Space                            */
 223:USB_DEVICE/App/usbd_cdc_if.c ****   /* 6      | bDataBits  |   1   | Number Data bits (5, 6, 7, 8 or 16).          */
 224:USB_DEVICE/App/usbd_cdc_if.c ****   /*******************************************************************************/
 225:USB_DEVICE/App/usbd_cdc_if.c ****     case CDC_SET_LINE_CODING:
 226:USB_DEVICE/App/usbd_cdc_if.c **** 
 227:USB_DEVICE/App/usbd_cdc_if.c ****     break;
 228:USB_DEVICE/App/usbd_cdc_if.c **** 
 229:USB_DEVICE/App/usbd_cdc_if.c ****     case CDC_GET_LINE_CODING:
 230:USB_DEVICE/App/usbd_cdc_if.c **** 
 231:USB_DEVICE/App/usbd_cdc_if.c ****     break;
 232:USB_DEVICE/App/usbd_cdc_if.c **** 
 233:USB_DEVICE/App/usbd_cdc_if.c ****     case CDC_SET_CONTROL_LINE_STATE:
ARM GAS  /var/folders/jw/jcj5j9_530958b2rm5vp9wn00000gn/T//cc7D3rNB.s 			page 6


 234:USB_DEVICE/App/usbd_cdc_if.c **** 
 235:USB_DEVICE/App/usbd_cdc_if.c ****     break;
 236:USB_DEVICE/App/usbd_cdc_if.c **** 
 237:USB_DEVICE/App/usbd_cdc_if.c ****     case CDC_SEND_BREAK:
 238:USB_DEVICE/App/usbd_cdc_if.c **** 
 239:USB_DEVICE/App/usbd_cdc_if.c ****     break;
 240:USB_DEVICE/App/usbd_cdc_if.c **** 
 241:USB_DEVICE/App/usbd_cdc_if.c ****   default:
 242:USB_DEVICE/App/usbd_cdc_if.c ****     break;
 243:USB_DEVICE/App/usbd_cdc_if.c ****   }
 244:USB_DEVICE/App/usbd_cdc_if.c **** 
 245:USB_DEVICE/App/usbd_cdc_if.c ****   return (USBD_OK);
  56              		.loc 1 245 3 view .LVU5
 246:USB_DEVICE/App/usbd_cdc_if.c ****   /* USER CODE END 5 */
 247:USB_DEVICE/App/usbd_cdc_if.c **** }
  57              		.loc 1 247 1 is_stmt 0 view .LVU6
  58 0000 0020     		movs	r0, #0
  59              	.LVL1:
  60              		.loc 1 247 1 view .LVU7
  61 0002 7047     		bx	lr
  62              		.cfi_endproc
  63              	.LFE135:
  65              		.section	.text.CDC_Receive_FS,"ax",%progbits
  66              		.align	1
  67              		.syntax unified
  68              		.thumb
  69              		.thumb_func
  70              		.fpu fpv4-sp-d16
  72              	CDC_Receive_FS:
  73              	.LVL2:
  74              	.LFB136:
 248:USB_DEVICE/App/usbd_cdc_if.c **** 
 249:USB_DEVICE/App/usbd_cdc_if.c **** volatile extern fifo_t fifo_rx;
 250:USB_DEVICE/App/usbd_cdc_if.c **** volatile extern uint8_t RX_FLAG; //Added lastly yo see if we can...
 251:USB_DEVICE/App/usbd_cdc_if.c **** 
 252:USB_DEVICE/App/usbd_cdc_if.c **** /**
 253:USB_DEVICE/App/usbd_cdc_if.c ****   * @brief  Data received over USB OUT endpoint are sent over CDC interface
 254:USB_DEVICE/App/usbd_cdc_if.c ****   *         through this function.
 255:USB_DEVICE/App/usbd_cdc_if.c ****   *
 256:USB_DEVICE/App/usbd_cdc_if.c ****   *         @note
 257:USB_DEVICE/App/usbd_cdc_if.c ****   *         This function will issue a NAK packet on any OUT packet received on
 258:USB_DEVICE/App/usbd_cdc_if.c ****   *         USB endpoint until exiting this function. If you exit this function
 259:USB_DEVICE/App/usbd_cdc_if.c ****   *         before transfer is complete on CDC interface (ie. using DMA controller)
 260:USB_DEVICE/App/usbd_cdc_if.c ****   *         it will result in receiving more data while previous ones are still
 261:USB_DEVICE/App/usbd_cdc_if.c ****   *         not sent.
 262:USB_DEVICE/App/usbd_cdc_if.c ****   *
 263:USB_DEVICE/App/usbd_cdc_if.c ****   * @param  Buf: Buffer of data to be received
 264:USB_DEVICE/App/usbd_cdc_if.c ****   * @param  Len: Number of data received (in bytes)
 265:USB_DEVICE/App/usbd_cdc_if.c ****   * @retval Result of the operation: USBD_OK if all operations are OK else USBD_FAIL
 266:USB_DEVICE/App/usbd_cdc_if.c ****   */
 267:USB_DEVICE/App/usbd_cdc_if.c **** static int8_t CDC_Receive_FS(uint8_t* Buf, uint32_t *Len)
 268:USB_DEVICE/App/usbd_cdc_if.c **** {
  75              		.loc 1 268 1 is_stmt 1 view -0
  76              		.cfi_startproc
  77              		@ args = 0, pretend = 0, frame = 0
  78              		@ frame_needed = 0, uses_anonymous_args = 0
  79              		.loc 1 268 1 is_stmt 0 view .LVU9
ARM GAS  /var/folders/jw/jcj5j9_530958b2rm5vp9wn00000gn/T//cc7D3rNB.s 			page 7


  80 0000 F8B5     		push	{r3, r4, r5, r6, r7, lr}
  81              	.LCFI0:
  82              		.cfi_def_cfa_offset 24
  83              		.cfi_offset 3, -24
  84              		.cfi_offset 4, -20
  85              		.cfi_offset 5, -16
  86              		.cfi_offset 6, -12
  87              		.cfi_offset 7, -8
  88              		.cfi_offset 14, -4
  89 0002 0446     		mov	r4, r0
  90 0004 0E46     		mov	r6, r1
 269:USB_DEVICE/App/usbd_cdc_if.c ****   /* USER CODE BEGIN 6 */
 270:USB_DEVICE/App/usbd_cdc_if.c **** 	uint32_t len = *Len;
  91              		.loc 1 270 2 is_stmt 1 view .LVU10
  92              		.loc 1 270 11 is_stmt 0 view .LVU11
  93 0006 0D68     		ldr	r5, [r1]
  94              	.LVL3:
 271:USB_DEVICE/App/usbd_cdc_if.c **** 
 272:USB_DEVICE/App/usbd_cdc_if.c **** 	USBD_CDC_SetRxBuffer(&hUsbDeviceFS, &Buf[0]);
  95              		.loc 1 272 2 is_stmt 1 view .LVU12
  96 0008 1A4F     		ldr	r7, .L15
  97 000a 0146     		mov	r1, r0
  98              	.LVL4:
  99              		.loc 1 272 2 is_stmt 0 view .LVU13
 100 000c 3846     		mov	r0, r7
 101              	.LVL5:
 102              		.loc 1 272 2 view .LVU14
 103 000e FFF7FEFF 		bl	USBD_CDC_SetRxBuffer
 104              	.LVL6:
 273:USB_DEVICE/App/usbd_cdc_if.c **** 	USBD_CDC_ReceivePacket(&hUsbDeviceFS);
 105              		.loc 1 273 2 is_stmt 1 view .LVU15
 106 0012 3846     		mov	r0, r7
 107 0014 FFF7FEFF 		bl	USBD_CDC_ReceivePacket
 108              	.LVL7:
 274:USB_DEVICE/App/usbd_cdc_if.c **** 
 275:USB_DEVICE/App/usbd_cdc_if.c **** 	if (hUsbDeviceFS.dev_state != USBD_STATE_CONFIGURED)
 109              		.loc 1 275 2 view .LVU16
 110              		.loc 1 275 18 is_stmt 0 view .LVU17
 111 0018 97F89C32 		ldrb	r3, [r7, #668]	@ zero_extendqisi2
 112              		.loc 1 275 5 view .LVU18
 113 001c 032B     		cmp	r3, #3
 114 001e 20D1     		bne	.L9
 276:USB_DEVICE/App/usbd_cdc_if.c **** 	{
 277:USB_DEVICE/App/usbd_cdc_if.c **** 	   return USBD_FAIL;
 278:USB_DEVICE/App/usbd_cdc_if.c **** 	}
 279:USB_DEVICE/App/usbd_cdc_if.c **** 
 280:USB_DEVICE/App/usbd_cdc_if.c **** 	if (((Buf == NULL) || (Len == NULL)) || (*Len <= 0))
 115              		.loc 1 280 2 is_stmt 1 view .LVU19
 116              		.loc 1 280 5 is_stmt 0 view .LVU20
 117 0020 0CB3     		cbz	r4, .L10
 118              		.loc 1 280 21 discriminator 1 view .LVU21
 119 0022 16B3     		cbz	r6, .L11
 120              		.loc 1 280 43 discriminator 2 view .LVU22
 121 0024 3368     		ldr	r3, [r6]
 122              		.loc 1 280 39 discriminator 2 view .LVU23
 123 0026 13B3     		cbz	r3, .L12
 124              	.L5:
ARM GAS  /var/folders/jw/jcj5j9_530958b2rm5vp9wn00000gn/T//cc7D3rNB.s 			page 8


 281:USB_DEVICE/App/usbd_cdc_if.c **** 	{
 282:USB_DEVICE/App/usbd_cdc_if.c **** 	   return USBD_FAIL;
 283:USB_DEVICE/App/usbd_cdc_if.c **** 	}
 284:USB_DEVICE/App/usbd_cdc_if.c **** 
 285:USB_DEVICE/App/usbd_cdc_if.c **** 	/* Get data */
 286:USB_DEVICE/App/usbd_cdc_if.c **** 	uint8_t result = USBD_OK;
 287:USB_DEVICE/App/usbd_cdc_if.c **** 	do
 125              		.loc 1 287 2 is_stmt 1 discriminator 1 view .LVU24
 288:USB_DEVICE/App/usbd_cdc_if.c **** 	{
 289:USB_DEVICE/App/usbd_cdc_if.c **** 		result = USBD_CDC_SetRxBuffer(&hUsbDeviceFS, &Buf[0]);
 126              		.loc 1 289 3 discriminator 1 view .LVU25
 127              		.loc 1 289 12 is_stmt 0 discriminator 1 view .LVU26
 128 0028 2146     		mov	r1, r4
 129 002a 1248     		ldr	r0, .L15
 130 002c FFF7FEFF 		bl	USBD_CDC_SetRxBuffer
 131              	.LVL8:
 290:USB_DEVICE/App/usbd_cdc_if.c **** 	}
 291:USB_DEVICE/App/usbd_cdc_if.c **** 	while(result != USBD_OK);
 132              		.loc 1 291 7 is_stmt 1 discriminator 1 view .LVU27
 133              		.loc 1 291 2 is_stmt 0 discriminator 1 view .LVU28
 134 0030 0028     		cmp	r0, #0
 135 0032 F9D1     		bne	.L5
 136              	.L6:
 292:USB_DEVICE/App/usbd_cdc_if.c **** 
 293:USB_DEVICE/App/usbd_cdc_if.c **** 	do
 137              		.loc 1 293 2 is_stmt 1 discriminator 1 view .LVU29
 294:USB_DEVICE/App/usbd_cdc_if.c **** 	{
 295:USB_DEVICE/App/usbd_cdc_if.c **** 	   result = USBD_CDC_ReceivePacket(&hUsbDeviceFS);
 138              		.loc 1 295 5 discriminator 1 view .LVU30
 139              		.loc 1 295 14 is_stmt 0 discriminator 1 view .LVU31
 140 0034 0F48     		ldr	r0, .L15
 141              	.LVL9:
 142              		.loc 1 295 14 discriminator 1 view .LVU32
 143 0036 FFF7FEFF 		bl	USBD_CDC_ReceivePacket
 144              	.LVL10:
 296:USB_DEVICE/App/usbd_cdc_if.c **** 	}
 297:USB_DEVICE/App/usbd_cdc_if.c **** 	while(result != USBD_OK);
 145              		.loc 1 297 7 is_stmt 1 discriminator 1 view .LVU33
 146              		.loc 1 297 2 is_stmt 0 discriminator 1 view .LVU34
 147 003a 0028     		cmp	r0, #0
 148 003c FAD1     		bne	.L6
 298:USB_DEVICE/App/usbd_cdc_if.c **** 
 299:USB_DEVICE/App/usbd_cdc_if.c **** 	//Add data to FIFO queue
 300:USB_DEVICE/App/usbd_cdc_if.c **** 	if(fifo_rx != NULL){
 149              		.loc 1 300 2 is_stmt 1 view .LVU35
 150              		.loc 1 300 13 is_stmt 0 view .LVU36
 151 003e 0E4B     		ldr	r3, .L15+4
 152 0040 1B68     		ldr	r3, [r3]
 153              		.loc 1 300 4 view .LVU37
 154 0042 7BB1     		cbz	r3, .L4
 155              	.LVL11:
 156              	.L7:
 301:USB_DEVICE/App/usbd_cdc_if.c **** 		while (len-- > 0){
 157              		.loc 1 301 9 is_stmt 1 view .LVU38
 158              		.loc 1 301 13 is_stmt 0 view .LVU39
 159 0044 6E1E     		subs	r6, r5, #1
 160              	.LVL12:
ARM GAS  /var/folders/jw/jcj5j9_530958b2rm5vp9wn00000gn/T//cc7D3rNB.s 			page 9


 161              		.loc 1 301 9 view .LVU40
 162 0046 55B1     		cbz	r5, .L14
 302:USB_DEVICE/App/usbd_cdc_if.c **** 			fifo_add(fifo_rx, Buf);
 163              		.loc 1 302 4 is_stmt 1 view .LVU41
 164 0048 0B4B     		ldr	r3, .L15+4
 165 004a 1868     		ldr	r0, [r3]
 166 004c 2146     		mov	r1, r4
 167 004e FFF7FEFF 		bl	fifo_add
 168              	.LVL13:
 303:USB_DEVICE/App/usbd_cdc_if.c **** 			Buf++;
 169              		.loc 1 303 4 view .LVU42
 170              		.loc 1 303 7 is_stmt 0 view .LVU43
 171 0052 0134     		adds	r4, r4, #1
 172              	.LVL14:
 304:USB_DEVICE/App/usbd_cdc_if.c **** 			RX_FLAG = 1;
 173              		.loc 1 304 4 is_stmt 1 view .LVU44
 174              		.loc 1 304 12 is_stmt 0 view .LVU45
 175 0054 094B     		ldr	r3, .L15+8
 176 0056 0122     		movs	r2, #1
 177 0058 1A70     		strb	r2, [r3]
 301:USB_DEVICE/App/usbd_cdc_if.c **** 			fifo_add(fifo_rx, Buf);
 178              		.loc 1 301 13 view .LVU46
 179 005a 3546     		mov	r5, r6
 180 005c F2E7     		b	.L7
 181              	.L14:
 305:USB_DEVICE/App/usbd_cdc_if.c **** 		}
 306:USB_DEVICE/App/usbd_cdc_if.c **** 	}
 307:USB_DEVICE/App/usbd_cdc_if.c **** 
 308:USB_DEVICE/App/usbd_cdc_if.c **** 
 309:USB_DEVICE/App/usbd_cdc_if.c ****   return (USBD_OK);
 182              		.loc 1 309 10 view .LVU47
 183 005e 0020     		movs	r0, #0
 184 0060 00E0     		b	.L4
 185              	.LVL15:
 186              	.L9:
 277:USB_DEVICE/App/usbd_cdc_if.c **** 	}
 187              		.loc 1 277 12 view .LVU48
 188 0062 0220     		movs	r0, #2
 189              	.LVL16:
 190              	.L4:
 310:USB_DEVICE/App/usbd_cdc_if.c ****   /* USER CODE END 6 */
 311:USB_DEVICE/App/usbd_cdc_if.c **** }
 191              		.loc 1 311 1 view .LVU49
 192 0064 F8BD     		pop	{r3, r4, r5, r6, r7, pc}
 193              	.LVL17:
 194              	.L10:
 282:USB_DEVICE/App/usbd_cdc_if.c **** 	}
 195              		.loc 1 282 12 view .LVU50
 196 0066 0220     		movs	r0, #2
 197 0068 FCE7     		b	.L4
 198              	.L11:
 199 006a 0220     		movs	r0, #2
 200 006c FAE7     		b	.L4
 201              	.L12:
 202 006e 0220     		movs	r0, #2
 203 0070 F8E7     		b	.L4
 204              	.L16:
ARM GAS  /var/folders/jw/jcj5j9_530958b2rm5vp9wn00000gn/T//cc7D3rNB.s 			page 10


 205 0072 00BF     		.align	2
 206              	.L15:
 207 0074 00000000 		.word	hUsbDeviceFS
 208 0078 00000000 		.word	fifo_rx
 209 007c 00000000 		.word	RX_FLAG
 210              		.cfi_endproc
 211              	.LFE136:
 213              		.section	.text.CDC_Init_FS,"ax",%progbits
 214              		.align	1
 215              		.syntax unified
 216              		.thumb
 217              		.thumb_func
 218              		.fpu fpv4-sp-d16
 220              	CDC_Init_FS:
 221              	.LFB133:
 156:USB_DEVICE/App/usbd_cdc_if.c ****   /* USER CODE BEGIN 3 */
 222              		.loc 1 156 1 is_stmt 1 view -0
 223              		.cfi_startproc
 224              		@ args = 0, pretend = 0, frame = 0
 225              		@ frame_needed = 0, uses_anonymous_args = 0
 226 0000 10B5     		push	{r4, lr}
 227              	.LCFI1:
 228              		.cfi_def_cfa_offset 8
 229              		.cfi_offset 4, -8
 230              		.cfi_offset 14, -4
 159:USB_DEVICE/App/usbd_cdc_if.c ****   USBD_CDC_SetRxBuffer(&hUsbDeviceFS, UserRxBufferFS);
 231              		.loc 1 159 3 view .LVU52
 232 0002 064C     		ldr	r4, .L19
 233 0004 0022     		movs	r2, #0
 234 0006 0649     		ldr	r1, .L19+4
 235 0008 2046     		mov	r0, r4
 236 000a FFF7FEFF 		bl	USBD_CDC_SetTxBuffer
 237              	.LVL18:
 160:USB_DEVICE/App/usbd_cdc_if.c ****   return (USBD_OK);
 238              		.loc 1 160 3 view .LVU53
 239 000e 0549     		ldr	r1, .L19+8
 240 0010 2046     		mov	r0, r4
 241 0012 FFF7FEFF 		bl	USBD_CDC_SetRxBuffer
 242              	.LVL19:
 161:USB_DEVICE/App/usbd_cdc_if.c ****   /* USER CODE END 3 */
 243              		.loc 1 161 3 view .LVU54
 163:USB_DEVICE/App/usbd_cdc_if.c **** 
 244              		.loc 1 163 1 is_stmt 0 view .LVU55
 245 0016 0020     		movs	r0, #0
 246 0018 10BD     		pop	{r4, pc}
 247              	.L20:
 248 001a 00BF     		.align	2
 249              	.L19:
 250 001c 00000000 		.word	hUsbDeviceFS
 251 0020 00000000 		.word	UserTxBufferFS
 252 0024 00000000 		.word	UserRxBufferFS
 253              		.cfi_endproc
 254              	.LFE133:
 256              		.section	.text.CDC_Transmit_FS,"ax",%progbits
 257              		.align	1
 258              		.global	CDC_Transmit_FS
 259              		.syntax unified
ARM GAS  /var/folders/jw/jcj5j9_530958b2rm5vp9wn00000gn/T//cc7D3rNB.s 			page 11


 260              		.thumb
 261              		.thumb_func
 262              		.fpu fpv4-sp-d16
 264              	CDC_Transmit_FS:
 265              	.LVL20:
 266              	.LFB137:
 312:USB_DEVICE/App/usbd_cdc_if.c **** 
 313:USB_DEVICE/App/usbd_cdc_if.c **** /**
 314:USB_DEVICE/App/usbd_cdc_if.c ****   * @brief  CDC_Transmit_FS
 315:USB_DEVICE/App/usbd_cdc_if.c ****   *         Data to send over USB IN endpoint are sent over CDC interface
 316:USB_DEVICE/App/usbd_cdc_if.c ****   *         through this function.
 317:USB_DEVICE/App/usbd_cdc_if.c ****   *         @note
 318:USB_DEVICE/App/usbd_cdc_if.c ****   *
 319:USB_DEVICE/App/usbd_cdc_if.c ****   *
 320:USB_DEVICE/App/usbd_cdc_if.c ****   * @param  Buf: Buffer of data to be sent
 321:USB_DEVICE/App/usbd_cdc_if.c ****   * @param  Len: Number of data to be sent (in bytes)
 322:USB_DEVICE/App/usbd_cdc_if.c ****   * @retval USBD_OK if all operations are OK else USBD_FAIL or USBD_BUSY
 323:USB_DEVICE/App/usbd_cdc_if.c ****   */
 324:USB_DEVICE/App/usbd_cdc_if.c **** uint8_t CDC_Transmit_FS(uint8_t* Buf, uint16_t Len)
 325:USB_DEVICE/App/usbd_cdc_if.c **** {
 267              		.loc 1 325 1 is_stmt 1 view -0
 268              		.cfi_startproc
 269              		@ args = 0, pretend = 0, frame = 0
 270              		@ frame_needed = 0, uses_anonymous_args = 0
 326:USB_DEVICE/App/usbd_cdc_if.c ****   uint8_t result = USBD_OK;
 271              		.loc 1 326 3 view .LVU57
 327:USB_DEVICE/App/usbd_cdc_if.c ****   /* USER CODE BEGIN 7 */
 328:USB_DEVICE/App/usbd_cdc_if.c ****   USBD_CDC_HandleTypeDef *hcdc = (USBD_CDC_HandleTypeDef*)hUsbDeviceFS.pClassData;
 272              		.loc 1 328 3 view .LVU58
 273              		.loc 1 328 27 is_stmt 0 view .LVU59
 274 0000 094B     		ldr	r3, .L29
 275 0002 D3F8B832 		ldr	r3, [r3, #696]
 276              	.LVL21:
 329:USB_DEVICE/App/usbd_cdc_if.c ****   if (hcdc->TxState != 0){
 277              		.loc 1 329 3 is_stmt 1 view .LVU60
 278              		.loc 1 329 11 is_stmt 0 view .LVU61
 279 0006 D3F81432 		ldr	r3, [r3, #532]
 280              	.LVL22:
 281              		.loc 1 329 6 view .LVU62
 282 000a 0BB1     		cbz	r3, .L28
 330:USB_DEVICE/App/usbd_cdc_if.c ****     return USBD_BUSY;
 283              		.loc 1 330 12 view .LVU63
 284 000c 0120     		movs	r0, #1
 285              	.LVL23:
 331:USB_DEVICE/App/usbd_cdc_if.c ****   }
 332:USB_DEVICE/App/usbd_cdc_if.c ****   USBD_CDC_SetTxBuffer(&hUsbDeviceFS, Buf, Len);
 333:USB_DEVICE/App/usbd_cdc_if.c ****   result = USBD_CDC_TransmitPacket(&hUsbDeviceFS);
 334:USB_DEVICE/App/usbd_cdc_if.c ****   /* USER CODE END 7 */
 335:USB_DEVICE/App/usbd_cdc_if.c ****   return result;
 336:USB_DEVICE/App/usbd_cdc_if.c **** }
 286              		.loc 1 336 1 view .LVU64
 287 000e 7047     		bx	lr
 288              	.LVL24:
 289              	.L28:
 325:USB_DEVICE/App/usbd_cdc_if.c ****   uint8_t result = USBD_OK;
 290              		.loc 1 325 1 view .LVU65
 291 0010 10B5     		push	{r4, lr}
ARM GAS  /var/folders/jw/jcj5j9_530958b2rm5vp9wn00000gn/T//cc7D3rNB.s 			page 12


 292              	.LCFI2:
 293              		.cfi_def_cfa_offset 8
 294              		.cfi_offset 4, -8
 295              		.cfi_offset 14, -4
 332:USB_DEVICE/App/usbd_cdc_if.c ****   result = USBD_CDC_TransmitPacket(&hUsbDeviceFS);
 296              		.loc 1 332 3 is_stmt 1 view .LVU66
 297 0012 054C     		ldr	r4, .L29
 298              	.LVL25:
 332:USB_DEVICE/App/usbd_cdc_if.c ****   result = USBD_CDC_TransmitPacket(&hUsbDeviceFS);
 299              		.loc 1 332 3 is_stmt 0 view .LVU67
 300 0014 0A46     		mov	r2, r1
 301 0016 0146     		mov	r1, r0
 302              	.LVL26:
 332:USB_DEVICE/App/usbd_cdc_if.c ****   result = USBD_CDC_TransmitPacket(&hUsbDeviceFS);
 303              		.loc 1 332 3 view .LVU68
 304 0018 2046     		mov	r0, r4
 305              	.LVL27:
 332:USB_DEVICE/App/usbd_cdc_if.c ****   result = USBD_CDC_TransmitPacket(&hUsbDeviceFS);
 306              		.loc 1 332 3 view .LVU69
 307 001a FFF7FEFF 		bl	USBD_CDC_SetTxBuffer
 308              	.LVL28:
 333:USB_DEVICE/App/usbd_cdc_if.c ****   /* USER CODE END 7 */
 309              		.loc 1 333 3 is_stmt 1 view .LVU70
 333:USB_DEVICE/App/usbd_cdc_if.c ****   /* USER CODE END 7 */
 310              		.loc 1 333 12 is_stmt 0 view .LVU71
 311 001e 2046     		mov	r0, r4
 312 0020 FFF7FEFF 		bl	USBD_CDC_TransmitPacket
 313              	.LVL29:
 335:USB_DEVICE/App/usbd_cdc_if.c **** }
 314              		.loc 1 335 3 is_stmt 1 view .LVU72
 315              		.loc 1 336 1 is_stmt 0 view .LVU73
 316 0024 10BD     		pop	{r4, pc}
 317              	.L30:
 318 0026 00BF     		.align	2
 319              	.L29:
 320 0028 00000000 		.word	hUsbDeviceFS
 321              		.cfi_endproc
 322              	.LFE137:
 324              		.global	USBD_Interface_fops_FS
 325              		.comm	UserTxBufferFS,1000,4
 326              		.comm	UserRxBufferFS,1000,4
 327              		.section	.data.USBD_Interface_fops_FS,"aw"
 328              		.align	2
 331              	USBD_Interface_fops_FS:
 332 0000 00000000 		.word	CDC_Init_FS
 333 0004 00000000 		.word	CDC_DeInit_FS
 334 0008 00000000 		.word	CDC_Control_FS
 335 000c 00000000 		.word	CDC_Receive_FS
 336              		.text
 337              	.Letext0:
 338              		.file 2 "/Users/javier/Library/xPacks/@xpack-dev-tools/arm-none-eabi-gcc/9.3.1-1.4.1/.content/arm-
 339              		.file 3 "/Users/javier/Library/xPacks/@xpack-dev-tools/arm-none-eabi-gcc/9.3.1-1.4.1/.content/lib/
 340              		.file 4 "/Users/javier/Library/xPacks/@xpack-dev-tools/arm-none-eabi-gcc/9.3.1-1.4.1/.content/arm-
 341              		.file 5 "/Users/javier/Library/xPacks/@xpack-dev-tools/arm-none-eabi-gcc/9.3.1-1.4.1/.content/arm-
 342              		.file 6 "/Users/javier/Library/xPacks/@xpack-dev-tools/arm-none-eabi-gcc/9.3.1-1.4.1/.content/arm-
 343              		.file 7 "/Users/javier/Library/xPacks/@xpack-dev-tools/arm-none-eabi-gcc/9.3.1-1.4.1/.content/arm-
 344              		.file 8 "/Users/javier/Library/xPacks/@xpack-dev-tools/arm-none-eabi-gcc/9.3.1-1.4.1/.content/arm-
ARM GAS  /var/folders/jw/jcj5j9_530958b2rm5vp9wn00000gn/T//cc7D3rNB.s 			page 13


 345              		.file 9 "Drivers/CMSIS/Include/core_cm4.h"
 346              		.file 10 "Drivers/CMSIS/Device/ST/STM32F3xx/Include/system_stm32f3xx.h"
 347              		.file 11 "Drivers/STM32F3xx_HAL_Driver/Inc/stm32f3xx_hal.h"
 348              		.file 12 "Middlewares/ST/STM32_USB_Device_Library/Core/Inc/usbd_def.h"
 349              		.file 13 "Middlewares/ST/STM32_USB_Device_Library/Class/CDC/Inc/usbd_cdc.h"
 350              		.file 14 "USB_DEVICE/App/usbd_cdc_if.h"
 351              		.file 15 "Core/Inc/../Lib/FIFO.h"
ARM GAS  /var/folders/jw/jcj5j9_530958b2rm5vp9wn00000gn/T//cc7D3rNB.s 			page 14


DEFINED SYMBOLS
                            *ABS*:0000000000000000 usbd_cdc_if.c
/var/folders/jw/jcj5j9_530958b2rm5vp9wn00000gn/T//cc7D3rNB.s:18     .text.CDC_DeInit_FS:0000000000000000 $t
/var/folders/jw/jcj5j9_530958b2rm5vp9wn00000gn/T//cc7D3rNB.s:25     .text.CDC_DeInit_FS:0000000000000000 CDC_DeInit_FS
/var/folders/jw/jcj5j9_530958b2rm5vp9wn00000gn/T//cc7D3rNB.s:41     .text.CDC_Control_FS:0000000000000000 $t
/var/folders/jw/jcj5j9_530958b2rm5vp9wn00000gn/T//cc7D3rNB.s:47     .text.CDC_Control_FS:0000000000000000 CDC_Control_FS
/var/folders/jw/jcj5j9_530958b2rm5vp9wn00000gn/T//cc7D3rNB.s:66     .text.CDC_Receive_FS:0000000000000000 $t
/var/folders/jw/jcj5j9_530958b2rm5vp9wn00000gn/T//cc7D3rNB.s:72     .text.CDC_Receive_FS:0000000000000000 CDC_Receive_FS
/var/folders/jw/jcj5j9_530958b2rm5vp9wn00000gn/T//cc7D3rNB.s:207    .text.CDC_Receive_FS:0000000000000074 $d
/var/folders/jw/jcj5j9_530958b2rm5vp9wn00000gn/T//cc7D3rNB.s:214    .text.CDC_Init_FS:0000000000000000 $t
/var/folders/jw/jcj5j9_530958b2rm5vp9wn00000gn/T//cc7D3rNB.s:220    .text.CDC_Init_FS:0000000000000000 CDC_Init_FS
/var/folders/jw/jcj5j9_530958b2rm5vp9wn00000gn/T//cc7D3rNB.s:250    .text.CDC_Init_FS:000000000000001c $d
                            *COM*:00000000000003e8 UserTxBufferFS
                            *COM*:00000000000003e8 UserRxBufferFS
/var/folders/jw/jcj5j9_530958b2rm5vp9wn00000gn/T//cc7D3rNB.s:257    .text.CDC_Transmit_FS:0000000000000000 $t
/var/folders/jw/jcj5j9_530958b2rm5vp9wn00000gn/T//cc7D3rNB.s:264    .text.CDC_Transmit_FS:0000000000000000 CDC_Transmit_FS
/var/folders/jw/jcj5j9_530958b2rm5vp9wn00000gn/T//cc7D3rNB.s:320    .text.CDC_Transmit_FS:0000000000000028 $d
/var/folders/jw/jcj5j9_530958b2rm5vp9wn00000gn/T//cc7D3rNB.s:331    .data.USBD_Interface_fops_FS:0000000000000000 USBD_Interface_fops_FS
/var/folders/jw/jcj5j9_530958b2rm5vp9wn00000gn/T//cc7D3rNB.s:328    .data.USBD_Interface_fops_FS:0000000000000000 $d

UNDEFINED SYMBOLS
USBD_CDC_SetRxBuffer
USBD_CDC_ReceivePacket
fifo_add
hUsbDeviceFS
fifo_rx
RX_FLAG
USBD_CDC_SetTxBuffer
USBD_CDC_TransmitPacket
